[2025-07-08T09:42:54.204+0000] {taskinstance.py:1103} INFO - Dependencies all met for dep_context=non-requeueable deps ti=<TaskInstance: etl_dag.extract_task manual__2025-07-08T09:42:51.235611+00:00 [queued]>
[2025-07-08T09:42:54.210+0000] {taskinstance.py:1103} INFO - Dependencies all met for dep_context=requeueable deps ti=<TaskInstance: etl_dag.extract_task manual__2025-07-08T09:42:51.235611+00:00 [queued]>
[2025-07-08T09:42:54.210+0000] {taskinstance.py:1308} INFO - Starting attempt 1 of 1
[2025-07-08T09:42:54.224+0000] {taskinstance.py:1327} INFO - Executing <Task(BashOperator): extract_task> on 2025-07-08 09:42:51.235611+00:00
[2025-07-08T09:42:54.231+0000] {standard_task_runner.py:57} INFO - Started process 32537 to run task
[2025-07-08T09:42:54.237+0000] {standard_task_runner.py:84} INFO - Running: ['airflow', 'tasks', 'run', 'etl_dag', 'extract_task', 'manual__2025-07-08T09:42:51.235611+00:00', '--job-id', '12', '--raw', '--subdir', 'DAGS_FOLDER/challenge_dag.py', '--cfg-path', '/tmp/tmplotukhd1']
[2025-07-08T09:42:54.238+0000] {standard_task_runner.py:85} INFO - Job 12: Subtask extract_task
[2025-07-08T09:42:54.276+0000] {task_command.py:410} INFO - Running <TaskInstance: etl_dag.extract_task manual__2025-07-08T09:42:51.235611+00:00 [running]> on host codespaces-f9b19f
[2025-07-08T09:42:54.348+0000] {taskinstance.py:1545} INFO - Exporting env vars: AIRFLOW_CTX_DAG_OWNER='airflow' AIRFLOW_CTX_DAG_ID='etl_dag' AIRFLOW_CTX_TASK_ID='extract_task' AIRFLOW_CTX_EXECUTION_DATE='2025-07-08T09:42:51.235611+00:00' AIRFLOW_CTX_TRY_NUMBER='1' AIRFLOW_CTX_DAG_RUN_ID='manual__2025-07-08T09:42:51.235611+00:00'
[2025-07-08T09:42:54.350+0000] {subprocess.py:63} INFO - Tmp dir root location: /tmp
[2025-07-08T09:42:54.350+0000] {subprocess.py:75} INFO - Running command: ['/usr/bin/bash', '-c', 'wget -c https://datahub.io/core/s-and-p-500-companies/r/constituents.csv -O /workspaces/hands-on-introduction-data-engineering-4395021/lab/challenge/s-and-p-500.csv']
[2025-07-08T09:42:54.365+0000] {subprocess.py:86} INFO - Output:
[2025-07-08T09:42:54.426+0000] {subprocess.py:93} INFO - --2025-07-08 09:42:54--  https://datahub.io/core/s-and-p-500-companies/r/constituents.csv
[2025-07-08T09:42:54.536+0000] {subprocess.py:93} INFO - Resolving datahub.io (datahub.io)... 104.21.40.221, 172.67.157.38, 2606:4700:3033::6815:28dd, ...
[2025-07-08T09:42:54.538+0000] {subprocess.py:93} INFO - Connecting to datahub.io (datahub.io)|104.21.40.221|:443... connected.
[2025-07-08T09:42:54.986+0000] {subprocess.py:93} INFO - HTTP request sent, awaiting response... 301 Moved Permanently
[2025-07-08T09:42:54.986+0000] {subprocess.py:93} INFO - Location: https://datahub.io/core/s-and-p-500-companies/_r/-/data/constituents.csv [following]
[2025-07-08T09:42:54.986+0000] {subprocess.py:93} INFO - --2025-07-08 09:42:54--  https://datahub.io/core/s-and-p-500-companies/_r/-/data/constituents.csv
[2025-07-08T09:42:54.986+0000] {subprocess.py:93} INFO - Reusing existing connection to datahub.io:443.
[2025-07-08T09:42:55.356+0000] {subprocess.py:93} INFO - HTTP request sent, awaiting response... 302 Found
[2025-07-08T09:42:55.356+0000] {subprocess.py:93} INFO - Location: https://r2.datahub.io/clt989dvv0003l708h2jgh5ef/main/raw/data/constituents.csv [following]
[2025-07-08T09:42:55.356+0000] {subprocess.py:93} INFO - --2025-07-08 09:42:55--  https://r2.datahub.io/clt989dvv0003l708h2jgh5ef/main/raw/data/constituents.csv
[2025-07-08T09:42:55.363+0000] {subprocess.py:93} INFO - Resolving r2.datahub.io (r2.datahub.io)... 104.21.40.221, 172.67.157.38, 2606:4700:3033::6815:28dd, ...
[2025-07-08T09:42:55.364+0000] {subprocess.py:93} INFO - Connecting to r2.datahub.io (r2.datahub.io)|104.21.40.221|:443... connected.
[2025-07-08T09:42:55.646+0000] {subprocess.py:93} INFO - HTTP request sent, awaiting response... 200 OK
[2025-07-08T09:42:55.647+0000] {subprocess.py:93} INFO - Length: 53503 (52K) [text/csv]
[2025-07-08T09:42:55.647+0000] {subprocess.py:93} INFO - Saving to: ‘/workspaces/hands-on-introduction-data-engineering-4395021/lab/challenge/s-and-p-500.csv’
[2025-07-08T09:42:55.647+0000] {subprocess.py:93} INFO - 
[2025-07-08T09:42:55.648+0000] {subprocess.py:93} INFO -      0K .......... .......... .......... .......... .......... 95% 23.7M 0s
[2025-07-08T09:42:55.649+0000] {subprocess.py:93} INFO -     50K ..                                                    100% 11.3M=0.002s
[2025-07-08T09:42:55.649+0000] {subprocess.py:93} INFO - 
[2025-07-08T09:42:55.649+0000] {subprocess.py:93} INFO - 2025-07-08 09:42:55 (22.6 MB/s) - ‘/workspaces/hands-on-introduction-data-engineering-4395021/lab/challenge/s-and-p-500.csv’ saved [53503/53503]
[2025-07-08T09:42:55.649+0000] {subprocess.py:93} INFO - 
[2025-07-08T09:42:55.650+0000] {subprocess.py:97} INFO - Command exited with return code 0
[2025-07-08T09:42:55.664+0000] {taskinstance.py:1345} INFO - Marking task as SUCCESS. dag_id=etl_dag, task_id=extract_task, execution_date=20250708T094251, start_date=20250708T094254, end_date=20250708T094255
[2025-07-08T09:42:55.709+0000] {local_task_job_runner.py:225} INFO - Task exited with return code 0
[2025-07-08T09:42:55.724+0000] {taskinstance.py:2653} INFO - 1 downstream tasks scheduled from follow-on schedule check
