[2025-07-08T09:12:02.315+0000] {taskinstance.py:1103} INFO - Dependencies all met for dep_context=non-requeueable deps ti=<TaskInstance: extract_dag.extract_task manual__2025-07-08T09:11:59.845766+00:00 [queued]>
[2025-07-08T09:12:02.319+0000] {taskinstance.py:1103} INFO - Dependencies all met for dep_context=requeueable deps ti=<TaskInstance: extract_dag.extract_task manual__2025-07-08T09:11:59.845766+00:00 [queued]>
[2025-07-08T09:12:02.320+0000] {taskinstance.py:1308} INFO - Starting attempt 1 of 1
[2025-07-08T09:12:02.331+0000] {taskinstance.py:1327} INFO - Executing <Task(BashOperator): extract_task> on 2025-07-08 09:11:59.845766+00:00
[2025-07-08T09:12:02.334+0000] {standard_task_runner.py:57} INFO - Started process 18676 to run task
[2025-07-08T09:12:02.337+0000] {standard_task_runner.py:84} INFO - Running: ['airflow', 'tasks', 'run', 'extract_dag', 'extract_task', 'manual__2025-07-08T09:11:59.845766+00:00', '--job-id', '5', '--raw', '--subdir', 'DAGS_FOLDER/extract_dag.py', '--cfg-path', '/tmp/tmp1diwbcmo']
[2025-07-08T09:12:02.337+0000] {standard_task_runner.py:85} INFO - Job 5: Subtask extract_task
[2025-07-08T09:12:02.362+0000] {task_command.py:410} INFO - Running <TaskInstance: extract_dag.extract_task manual__2025-07-08T09:11:59.845766+00:00 [running]> on host codespaces-f9b19f
[2025-07-08T09:12:02.402+0000] {taskinstance.py:1545} INFO - Exporting env vars: AIRFLOW_CTX_DAG_OWNER='airflow' AIRFLOW_CTX_DAG_ID='extract_dag' AIRFLOW_CTX_TASK_ID='extract_task' AIRFLOW_CTX_EXECUTION_DATE='2025-07-08T09:11:59.845766+00:00' AIRFLOW_CTX_TRY_NUMBER='1' AIRFLOW_CTX_DAG_RUN_ID='manual__2025-07-08T09:11:59.845766+00:00'
[2025-07-08T09:12:02.403+0000] {subprocess.py:63} INFO - Tmp dir root location: /tmp
[2025-07-08T09:12:02.404+0000] {subprocess.py:75} INFO - Running command: ['/usr/bin/bash', '-c', 'wget -c https://datahub.io/core/s-and-p-500-companies/r/constituents.csv -O /workspaces/hands-on-introduction-data-engineering-4395021/lab/challenge/airflow-extract-data.csv']
[2025-07-08T09:12:02.410+0000] {subprocess.py:86} INFO - Output:
[2025-07-08T09:12:02.414+0000] {subprocess.py:93} INFO - --2025-07-08 09:12:02--  https://datahub.io/core/s-and-p-500-companies/r/constituents.csv
[2025-07-08T09:12:02.424+0000] {subprocess.py:93} INFO - Resolving datahub.io (datahub.io)... 104.21.40.221, 172.67.157.38, 2606:4700:3030::ac43:9d26, ...
[2025-07-08T09:12:02.426+0000] {subprocess.py:93} INFO - Connecting to datahub.io (datahub.io)|104.21.40.221|:443... connected.
[2025-07-08T09:12:02.856+0000] {subprocess.py:93} INFO - HTTP request sent, awaiting response... 301 Moved Permanently
[2025-07-08T09:12:02.857+0000] {subprocess.py:93} INFO - Location: https://datahub.io/core/s-and-p-500-companies/_r/-/data/constituents.csv [following]
[2025-07-08T09:12:02.857+0000] {subprocess.py:93} INFO - --2025-07-08 09:12:02--  https://datahub.io/core/s-and-p-500-companies/_r/-/data/constituents.csv
[2025-07-08T09:12:02.857+0000] {subprocess.py:93} INFO - Reusing existing connection to datahub.io:443.
[2025-07-08T09:12:03.207+0000] {subprocess.py:93} INFO - HTTP request sent, awaiting response... 302 Found
[2025-07-08T09:12:03.207+0000] {subprocess.py:93} INFO - Location: https://r2.datahub.io/clt989dvv0003l708h2jgh5ef/main/raw/data/constituents.csv [following]
[2025-07-08T09:12:03.207+0000] {subprocess.py:93} INFO - --2025-07-08 09:12:03--  https://r2.datahub.io/clt989dvv0003l708h2jgh5ef/main/raw/data/constituents.csv
[2025-07-08T09:12:03.208+0000] {subprocess.py:93} INFO - Resolving r2.datahub.io (r2.datahub.io)... 104.21.40.221, 172.67.157.38, 2606:4700:3030::ac43:9d26, ...
[2025-07-08T09:12:03.209+0000] {subprocess.py:93} INFO - Connecting to r2.datahub.io (r2.datahub.io)|104.21.40.221|:443... connected.
[2025-07-08T09:12:03.493+0000] {subprocess.py:93} INFO - HTTP request sent, awaiting response... 206 Partial Content
[2025-07-08T09:12:03.494+0000] {subprocess.py:93} INFO - Length: 53503 (52K), 52158 (51K) remaining [text/csv]
[2025-07-08T09:12:03.494+0000] {subprocess.py:93} INFO - Saving to: ‘/workspaces/hands-on-introduction-data-engineering-4395021/lab/challenge/airflow-extract-data.csv’
[2025-07-08T09:12:03.494+0000] {subprocess.py:93} INFO - 
[2025-07-08T09:12:03.494+0000] {subprocess.py:93} INFO -      0K ,......... .......... .......... .......... .......... 95% 60.0M 0s
[2025-07-08T09:12:03.494+0000] {subprocess.py:93} INFO -     50K ..                                                    100% 58.6M=0.001s
[2025-07-08T09:12:03.495+0000] {subprocess.py:93} INFO - 
[2025-07-08T09:12:03.495+0000] {subprocess.py:93} INFO - 2025-07-08 09:12:03 (58.4 MB/s) - ‘/workspaces/hands-on-introduction-data-engineering-4395021/lab/challenge/airflow-extract-data.csv’ saved [53503/53503]
[2025-07-08T09:12:03.495+0000] {subprocess.py:93} INFO - 
[2025-07-08T09:12:03.495+0000] {subprocess.py:97} INFO - Command exited with return code 0
[2025-07-08T09:12:03.510+0000] {taskinstance.py:1345} INFO - Marking task as SUCCESS. dag_id=extract_dag, task_id=extract_task, execution_date=20250708T091159, start_date=20250708T091202, end_date=20250708T091203
[2025-07-08T09:12:03.551+0000] {local_task_job_runner.py:225} INFO - Task exited with return code 0
[2025-07-08T09:12:03.561+0000] {taskinstance.py:2653} INFO - 0 downstream tasks scheduled from follow-on schedule check
