[2025-07-08T09:30:04.005+0000] {processor.py:157} INFO - Started process (PID=26701) to work on /workspaces/hands-on-introduction-data-engineering-4395021/airflow/dags/load_dag.py
[2025-07-08T09:30:04.005+0000] {processor.py:826} INFO - Processing file /workspaces/hands-on-introduction-data-engineering-4395021/airflow/dags/load_dag.py for tasks to queue
[2025-07-08T09:30:04.006+0000] {logging_mixin.py:150} INFO - [2025-07-08T09:30:04.006+0000] {dagbag.py:541} INFO - Filling up the DagBag from /workspaces/hands-on-introduction-data-engineering-4395021/airflow/dags/load_dag.py
[2025-07-08T09:30:04.008+0000] {processor.py:838} WARNING - No viable dags retrieved from /workspaces/hands-on-introduction-data-engineering-4395021/airflow/dags/load_dag.py
[2025-07-08T09:30:04.015+0000] {processor.py:179} INFO - Processing /workspaces/hands-on-introduction-data-engineering-4395021/airflow/dags/load_dag.py took 0.012 seconds
[2025-07-08T09:30:26.007+0000] {processor.py:157} INFO - Started process (PID=26863) to work on /workspaces/hands-on-introduction-data-engineering-4395021/airflow/dags/load_dag.py
[2025-07-08T09:30:26.010+0000] {processor.py:826} INFO - Processing file /workspaces/hands-on-introduction-data-engineering-4395021/airflow/dags/load_dag.py for tasks to queue
[2025-07-08T09:30:26.011+0000] {logging_mixin.py:150} INFO - [2025-07-08T09:30:26.010+0000] {dagbag.py:541} INFO - Filling up the DagBag from /workspaces/hands-on-introduction-data-engineering-4395021/airflow/dags/load_dag.py
[2025-07-08T09:30:26.017+0000] {logging_mixin.py:150} INFO - [2025-07-08T09:30:26.016+0000] {dagbag.py:350} ERROR - Failed to import: /workspaces/hands-on-introduction-data-engineering-4395021/airflow/dags/load_dag.py
Traceback (most recent call last):
  File "/home/vscode/.local/lib/python3.10/site-packages/airflow/models/dagbag.py", line 346, in parse
    loader.exec_module(new_module)
  File "<frozen importlib._bootstrap_external>", line 879, in exec_module
  File "<frozen importlib._bootstrap_external>", line 1017, in get_code
  File "<frozen importlib._bootstrap_external>", line 947, in source_to_code
  File "<frozen importlib._bootstrap>", line 241, in _call_with_frames_removed
  File "/workspaces/hands-on-introduction-data-engineering-4395021/airflow/dags/load_dag.py", line 7
    )
     ^
SyntaxError: expected ':'
[2025-07-08T09:30:26.017+0000] {processor.py:838} WARNING - No viable dags retrieved from /workspaces/hands-on-introduction-data-engineering-4395021/airflow/dags/load_dag.py
[2025-07-08T09:30:26.036+0000] {processor.py:179} INFO - Processing /workspaces/hands-on-introduction-data-engineering-4395021/airflow/dags/load_dag.py took 0.036 seconds
[2025-07-08T09:30:51.469+0000] {processor.py:157} INFO - Started process (PID=27048) to work on /workspaces/hands-on-introduction-data-engineering-4395021/airflow/dags/load_dag.py
[2025-07-08T09:30:51.470+0000] {processor.py:826} INFO - Processing file /workspaces/hands-on-introduction-data-engineering-4395021/airflow/dags/load_dag.py for tasks to queue
[2025-07-08T09:30:51.471+0000] {logging_mixin.py:150} INFO - [2025-07-08T09:30:51.470+0000] {dagbag.py:541} INFO - Filling up the DagBag from /workspaces/hands-on-introduction-data-engineering-4395021/airflow/dags/load_dag.py
[2025-07-08T09:30:51.478+0000] {logging_mixin.py:150} INFO - [2025-07-08T09:30:51.477+0000] {dagbag.py:350} ERROR - Failed to import: /workspaces/hands-on-introduction-data-engineering-4395021/airflow/dags/load_dag.py
Traceback (most recent call last):
  File "/home/vscode/.local/lib/python3.10/site-packages/airflow/models/dagbag.py", line 346, in parse
    loader.exec_module(new_module)
  File "<frozen importlib._bootstrap_external>", line 883, in exec_module
  File "<frozen importlib._bootstrap>", line 241, in _call_with_frames_removed
  File "/workspaces/hands-on-introduction-data-engineering-4395021/airflow/dags/load_dag.py", line 10, in <module>
    l
NameError: name 'l' is not defined
[2025-07-08T09:30:51.479+0000] {processor.py:838} WARNING - No viable dags retrieved from /workspaces/hands-on-introduction-data-engineering-4395021/airflow/dags/load_dag.py
[2025-07-08T09:30:51.500+0000] {processor.py:179} INFO - Processing /workspaces/hands-on-introduction-data-engineering-4395021/airflow/dags/load_dag.py took 0.035 seconds
[2025-07-08T09:31:15.140+0000] {processor.py:157} INFO - Started process (PID=27228) to work on /workspaces/hands-on-introduction-data-engineering-4395021/airflow/dags/load_dag.py
[2025-07-08T09:31:15.140+0000] {processor.py:826} INFO - Processing file /workspaces/hands-on-introduction-data-engineering-4395021/airflow/dags/load_dag.py for tasks to queue
[2025-07-08T09:31:15.141+0000] {logging_mixin.py:150} INFO - [2025-07-08T09:31:15.141+0000] {dagbag.py:541} INFO - Filling up the DagBag from /workspaces/hands-on-introduction-data-engineering-4395021/airflow/dags/load_dag.py
[2025-07-08T09:31:15.146+0000] {processor.py:836} INFO - DAG(s) dict_keys(['load_dag']) retrieved from /workspaces/hands-on-introduction-data-engineering-4395021/airflow/dags/load_dag.py
[2025-07-08T09:31:15.229+0000] {logging_mixin.py:150} INFO - [2025-07-08T09:31:15.229+0000] {manager.py:504} INFO - Created Permission View: can read on DAG:load_dag
[2025-07-08T09:31:15.240+0000] {logging_mixin.py:150} INFO - [2025-07-08T09:31:15.239+0000] {manager.py:504} INFO - Created Permission View: can edit on DAG:load_dag
[2025-07-08T09:31:15.250+0000] {logging_mixin.py:150} INFO - [2025-07-08T09:31:15.250+0000] {manager.py:504} INFO - Created Permission View: can delete on DAG:load_dag
[2025-07-08T09:31:15.271+0000] {logging_mixin.py:150} INFO - [2025-07-08T09:31:15.271+0000] {dag.py:2742} INFO - Sync 1 DAGs
[2025-07-08T09:31:15.286+0000] {logging_mixin.py:150} INFO - [2025-07-08T09:31:15.285+0000] {dag.py:2763} INFO - Creating ORM DAG for load_dag
[2025-07-08T09:31:15.301+0000] {logging_mixin.py:150} INFO - [2025-07-08T09:31:15.301+0000] {dag.py:3504} INFO - Setting next_dagrun for load_dag to None, run_after=None
[2025-07-08T09:31:15.332+0000] {processor.py:179} INFO - Processing /workspaces/hands-on-introduction-data-engineering-4395021/airflow/dags/load_dag.py took 0.195 seconds
[2025-07-08T09:31:40.011+0000] {processor.py:157} INFO - Started process (PID=27409) to work on /workspaces/hands-on-introduction-data-engineering-4395021/airflow/dags/load_dag.py
[2025-07-08T09:31:40.012+0000] {processor.py:826} INFO - Processing file /workspaces/hands-on-introduction-data-engineering-4395021/airflow/dags/load_dag.py for tasks to queue
[2025-07-08T09:31:40.013+0000] {logging_mixin.py:150} INFO - [2025-07-08T09:31:40.012+0000] {dagbag.py:541} INFO - Filling up the DagBag from /workspaces/hands-on-introduction-data-engineering-4395021/airflow/dags/load_dag.py
[2025-07-08T09:31:40.020+0000] {processor.py:836} INFO - DAG(s) dict_keys(['load_dag']) retrieved from /workspaces/hands-on-introduction-data-engineering-4395021/airflow/dags/load_dag.py
[2025-07-08T09:31:40.029+0000] {logging_mixin.py:150} INFO - [2025-07-08T09:31:40.029+0000] {dag.py:2742} INFO - Sync 1 DAGs
[2025-07-08T09:31:40.051+0000] {logging_mixin.py:150} INFO - [2025-07-08T09:31:40.051+0000] {dag.py:3504} INFO - Setting next_dagrun for load_dag to None, run_after=None
[2025-07-08T09:31:40.096+0000] {processor.py:179} INFO - Processing /workspaces/hands-on-introduction-data-engineering-4395021/airflow/dags/load_dag.py took 0.088 seconds
[2025-07-08T09:32:05.282+0000] {processor.py:157} INFO - Started process (PID=27604) to work on /workspaces/hands-on-introduction-data-engineering-4395021/airflow/dags/load_dag.py
[2025-07-08T09:32:05.283+0000] {processor.py:826} INFO - Processing file /workspaces/hands-on-introduction-data-engineering-4395021/airflow/dags/load_dag.py for tasks to queue
[2025-07-08T09:32:05.284+0000] {logging_mixin.py:150} INFO - [2025-07-08T09:32:05.283+0000] {dagbag.py:541} INFO - Filling up the DagBag from /workspaces/hands-on-introduction-data-engineering-4395021/airflow/dags/load_dag.py
[2025-07-08T09:32:05.296+0000] {processor.py:836} INFO - DAG(s) dict_keys(['load_dag']) retrieved from /workspaces/hands-on-introduction-data-engineering-4395021/airflow/dags/load_dag.py
[2025-07-08T09:32:05.446+0000] {logging_mixin.py:150} INFO - [2025-07-08T09:32:05.445+0000] {dag.py:2742} INFO - Sync 1 DAGs
[2025-07-08T09:32:05.467+0000] {logging_mixin.py:150} INFO - [2025-07-08T09:32:05.467+0000] {dag.py:3504} INFO - Setting next_dagrun for load_dag to None, run_after=None
[2025-07-08T09:32:05.541+0000] {processor.py:179} INFO - Processing /workspaces/hands-on-introduction-data-engineering-4395021/airflow/dags/load_dag.py took 0.263 seconds
[2025-07-08T09:32:28.756+0000] {processor.py:157} INFO - Started process (PID=27778) to work on /workspaces/hands-on-introduction-data-engineering-4395021/airflow/dags/load_dag.py
[2025-07-08T09:32:28.757+0000] {processor.py:826} INFO - Processing file /workspaces/hands-on-introduction-data-engineering-4395021/airflow/dags/load_dag.py for tasks to queue
[2025-07-08T09:32:28.757+0000] {logging_mixin.py:150} INFO - [2025-07-08T09:32:28.757+0000] {dagbag.py:541} INFO - Filling up the DagBag from /workspaces/hands-on-introduction-data-engineering-4395021/airflow/dags/load_dag.py
[2025-07-08T09:32:28.763+0000] {processor.py:836} INFO - DAG(s) dict_keys(['load_dag']) retrieved from /workspaces/hands-on-introduction-data-engineering-4395021/airflow/dags/load_dag.py
[2025-07-08T09:32:28.769+0000] {logging_mixin.py:150} INFO - [2025-07-08T09:32:28.769+0000] {dag.py:2742} INFO - Sync 1 DAGs
[2025-07-08T09:32:28.785+0000] {logging_mixin.py:150} INFO - [2025-07-08T09:32:28.785+0000] {dag.py:3504} INFO - Setting next_dagrun for load_dag to None, run_after=None
[2025-07-08T09:32:28.802+0000] {processor.py:179} INFO - Processing /workspaces/hands-on-introduction-data-engineering-4395021/airflow/dags/load_dag.py took 0.048 seconds
[2025-07-08T09:32:50.716+0000] {processor.py:157} INFO - Started process (PID=27944) to work on /workspaces/hands-on-introduction-data-engineering-4395021/airflow/dags/load_dag.py
[2025-07-08T09:32:50.720+0000] {processor.py:826} INFO - Processing file /workspaces/hands-on-introduction-data-engineering-4395021/airflow/dags/load_dag.py for tasks to queue
[2025-07-08T09:32:50.721+0000] {logging_mixin.py:150} INFO - [2025-07-08T09:32:50.721+0000] {dagbag.py:541} INFO - Filling up the DagBag from /workspaces/hands-on-introduction-data-engineering-4395021/airflow/dags/load_dag.py
[2025-07-08T09:32:50.758+0000] {processor.py:836} INFO - DAG(s) dict_keys(['load_dag']) retrieved from /workspaces/hands-on-introduction-data-engineering-4395021/airflow/dags/load_dag.py
[2025-07-08T09:32:50.856+0000] {logging_mixin.py:150} INFO - [2025-07-08T09:32:50.856+0000] {dag.py:2742} INFO - Sync 1 DAGs
[2025-07-08T09:32:50.871+0000] {logging_mixin.py:150} INFO - [2025-07-08T09:32:50.871+0000] {dag.py:3504} INFO - Setting next_dagrun for load_dag to None, run_after=None
[2025-07-08T09:32:50.892+0000] {processor.py:179} INFO - Processing /workspaces/hands-on-introduction-data-engineering-4395021/airflow/dags/load_dag.py took 0.181 seconds
[2025-07-08T09:33:12.281+0000] {processor.py:157} INFO - Started process (PID=28108) to work on /workspaces/hands-on-introduction-data-engineering-4395021/airflow/dags/load_dag.py
[2025-07-08T09:33:12.282+0000] {processor.py:826} INFO - Processing file /workspaces/hands-on-introduction-data-engineering-4395021/airflow/dags/load_dag.py for tasks to queue
[2025-07-08T09:33:12.283+0000] {logging_mixin.py:150} INFO - [2025-07-08T09:33:12.283+0000] {dagbag.py:541} INFO - Filling up the DagBag from /workspaces/hands-on-introduction-data-engineering-4395021/airflow/dags/load_dag.py
[2025-07-08T09:33:12.293+0000] {processor.py:836} INFO - DAG(s) dict_keys(['load_dag']) retrieved from /workspaces/hands-on-introduction-data-engineering-4395021/airflow/dags/load_dag.py
[2025-07-08T09:33:12.305+0000] {logging_mixin.py:150} INFO - [2025-07-08T09:33:12.304+0000] {dag.py:2742} INFO - Sync 1 DAGs
[2025-07-08T09:33:12.330+0000] {logging_mixin.py:150} INFO - [2025-07-08T09:33:12.330+0000] {dag.py:3504} INFO - Setting next_dagrun for load_dag to None, run_after=None
[2025-07-08T09:33:12.360+0000] {processor.py:179} INFO - Processing /workspaces/hands-on-introduction-data-engineering-4395021/airflow/dags/load_dag.py took 0.082 seconds
[2025-07-08T09:33:35.991+0000] {processor.py:157} INFO - Started process (PID=28288) to work on /workspaces/hands-on-introduction-data-engineering-4395021/airflow/dags/load_dag.py
[2025-07-08T09:33:35.991+0000] {processor.py:826} INFO - Processing file /workspaces/hands-on-introduction-data-engineering-4395021/airflow/dags/load_dag.py for tasks to queue
[2025-07-08T09:33:35.992+0000] {logging_mixin.py:150} INFO - [2025-07-08T09:33:35.992+0000] {dagbag.py:541} INFO - Filling up the DagBag from /workspaces/hands-on-introduction-data-engineering-4395021/airflow/dags/load_dag.py
[2025-07-08T09:33:35.997+0000] {processor.py:836} INFO - DAG(s) dict_keys(['load_dag']) retrieved from /workspaces/hands-on-introduction-data-engineering-4395021/airflow/dags/load_dag.py
[2025-07-08T09:33:36.079+0000] {logging_mixin.py:150} INFO - [2025-07-08T09:33:36.079+0000] {dag.py:2742} INFO - Sync 1 DAGs
[2025-07-08T09:33:36.094+0000] {logging_mixin.py:150} INFO - [2025-07-08T09:33:36.094+0000] {dag.py:3504} INFO - Setting next_dagrun for load_dag to None, run_after=None
[2025-07-08T09:33:36.114+0000] {processor.py:179} INFO - Processing /workspaces/hands-on-introduction-data-engineering-4395021/airflow/dags/load_dag.py took 0.126 seconds
[2025-07-08T09:34:15.353+0000] {processor.py:157} INFO - Started process (PID=28550) to work on /workspaces/hands-on-introduction-data-engineering-4395021/airflow/dags/load_dag.py
[2025-07-08T09:34:15.354+0000] {processor.py:826} INFO - Processing file /workspaces/hands-on-introduction-data-engineering-4395021/airflow/dags/load_dag.py for tasks to queue
[2025-07-08T09:34:15.354+0000] {logging_mixin.py:150} INFO - [2025-07-08T09:34:15.354+0000] {dagbag.py:541} INFO - Filling up the DagBag from /workspaces/hands-on-introduction-data-engineering-4395021/airflow/dags/load_dag.py
[2025-07-08T09:34:15.359+0000] {processor.py:836} INFO - DAG(s) dict_keys(['load_dag']) retrieved from /workspaces/hands-on-introduction-data-engineering-4395021/airflow/dags/load_dag.py
[2025-07-08T09:34:15.370+0000] {logging_mixin.py:150} INFO - [2025-07-08T09:34:15.370+0000] {dag.py:2742} INFO - Sync 1 DAGs
[2025-07-08T09:34:15.385+0000] {logging_mixin.py:150} INFO - [2025-07-08T09:34:15.385+0000] {dag.py:3504} INFO - Setting next_dagrun for load_dag to None, run_after=None
[2025-07-08T09:34:15.400+0000] {processor.py:179} INFO - Processing /workspaces/hands-on-introduction-data-engineering-4395021/airflow/dags/load_dag.py took 0.050 seconds
[2025-07-08T09:34:53.696+0000] {processor.py:157} INFO - Started process (PID=28808) to work on /workspaces/hands-on-introduction-data-engineering-4395021/airflow/dags/load_dag.py
[2025-07-08T09:34:53.697+0000] {processor.py:826} INFO - Processing file /workspaces/hands-on-introduction-data-engineering-4395021/airflow/dags/load_dag.py for tasks to queue
[2025-07-08T09:34:53.697+0000] {logging_mixin.py:150} INFO - [2025-07-08T09:34:53.697+0000] {dagbag.py:541} INFO - Filling up the DagBag from /workspaces/hands-on-introduction-data-engineering-4395021/airflow/dags/load_dag.py
[2025-07-08T09:34:53.702+0000] {processor.py:836} INFO - DAG(s) dict_keys(['load_dag']) retrieved from /workspaces/hands-on-introduction-data-engineering-4395021/airflow/dags/load_dag.py
[2025-07-08T09:34:53.712+0000] {logging_mixin.py:150} INFO - [2025-07-08T09:34:53.712+0000] {dag.py:2742} INFO - Sync 1 DAGs
[2025-07-08T09:34:53.727+0000] {logging_mixin.py:150} INFO - [2025-07-08T09:34:53.726+0000] {dag.py:3504} INFO - Setting next_dagrun for load_dag to None, run_after=None
[2025-07-08T09:34:53.743+0000] {processor.py:179} INFO - Processing /workspaces/hands-on-introduction-data-engineering-4395021/airflow/dags/load_dag.py took 0.049 seconds
[2025-07-08T09:35:33.155+0000] {processor.py:157} INFO - Started process (PID=29075) to work on /workspaces/hands-on-introduction-data-engineering-4395021/airflow/dags/load_dag.py
[2025-07-08T09:35:33.156+0000] {processor.py:826} INFO - Processing file /workspaces/hands-on-introduction-data-engineering-4395021/airflow/dags/load_dag.py for tasks to queue
[2025-07-08T09:35:33.157+0000] {logging_mixin.py:150} INFO - [2025-07-08T09:35:33.156+0000] {dagbag.py:541} INFO - Filling up the DagBag from /workspaces/hands-on-introduction-data-engineering-4395021/airflow/dags/load_dag.py
[2025-07-08T09:35:33.161+0000] {processor.py:836} INFO - DAG(s) dict_keys(['load_dag']) retrieved from /workspaces/hands-on-introduction-data-engineering-4395021/airflow/dags/load_dag.py
[2025-07-08T09:35:33.172+0000] {logging_mixin.py:150} INFO - [2025-07-08T09:35:33.172+0000] {dag.py:2742} INFO - Sync 1 DAGs
[2025-07-08T09:35:33.189+0000] {logging_mixin.py:150} INFO - [2025-07-08T09:35:33.189+0000] {dag.py:3504} INFO - Setting next_dagrun for load_dag to None, run_after=None
[2025-07-08T09:35:33.212+0000] {processor.py:179} INFO - Processing /workspaces/hands-on-introduction-data-engineering-4395021/airflow/dags/load_dag.py took 0.059 seconds
[2025-07-08T09:35:52.328+0000] {processor.py:157} INFO - Started process (PID=29203) to work on /workspaces/hands-on-introduction-data-engineering-4395021/airflow/dags/load_dag.py
[2025-07-08T09:35:52.328+0000] {processor.py:826} INFO - Processing file /workspaces/hands-on-introduction-data-engineering-4395021/airflow/dags/load_dag.py for tasks to queue
[2025-07-08T09:35:52.329+0000] {logging_mixin.py:150} INFO - [2025-07-08T09:35:52.329+0000] {dagbag.py:541} INFO - Filling up the DagBag from /workspaces/hands-on-introduction-data-engineering-4395021/airflow/dags/load_dag.py
[2025-07-08T09:35:52.341+0000] {processor.py:836} INFO - DAG(s) dict_keys(['load_dag']) retrieved from /workspaces/hands-on-introduction-data-engineering-4395021/airflow/dags/load_dag.py
[2025-07-08T09:35:52.370+0000] {logging_mixin.py:150} INFO - [2025-07-08T09:35:52.370+0000] {dag.py:2742} INFO - Sync 1 DAGs
[2025-07-08T09:35:52.409+0000] {logging_mixin.py:150} INFO - [2025-07-08T09:35:52.408+0000] {dag.py:3504} INFO - Setting next_dagrun for load_dag to None, run_after=None
[2025-07-08T09:35:52.475+0000] {processor.py:179} INFO - Processing /workspaces/hands-on-introduction-data-engineering-4395021/airflow/dags/load_dag.py took 0.156 seconds
[2025-07-08T09:36:33.341+0000] {processor.py:157} INFO - Started process (PID=29511) to work on /workspaces/hands-on-introduction-data-engineering-4395021/airflow/dags/load_dag.py
[2025-07-08T09:36:33.342+0000] {processor.py:826} INFO - Processing file /workspaces/hands-on-introduction-data-engineering-4395021/airflow/dags/load_dag.py for tasks to queue
[2025-07-08T09:36:33.342+0000] {logging_mixin.py:150} INFO - [2025-07-08T09:36:33.342+0000] {dagbag.py:541} INFO - Filling up the DagBag from /workspaces/hands-on-introduction-data-engineering-4395021/airflow/dags/load_dag.py
[2025-07-08T09:36:33.347+0000] {processor.py:836} INFO - DAG(s) dict_keys(['load_dag']) retrieved from /workspaces/hands-on-introduction-data-engineering-4395021/airflow/dags/load_dag.py
[2025-07-08T09:36:33.424+0000] {logging_mixin.py:150} INFO - [2025-07-08T09:36:33.423+0000] {dag.py:2742} INFO - Sync 1 DAGs
[2025-07-08T09:36:33.437+0000] {logging_mixin.py:150} INFO - [2025-07-08T09:36:33.437+0000] {dag.py:3504} INFO - Setting next_dagrun for load_dag to None, run_after=None
[2025-07-08T09:36:33.455+0000] {processor.py:179} INFO - Processing /workspaces/hands-on-introduction-data-engineering-4395021/airflow/dags/load_dag.py took 0.117 seconds
[2025-07-08T09:37:14.975+0000] {processor.py:157} INFO - Started process (PID=29916) to work on /workspaces/hands-on-introduction-data-engineering-4395021/airflow/dags/load_dag.py
[2025-07-08T09:37:14.977+0000] {processor.py:826} INFO - Processing file /workspaces/hands-on-introduction-data-engineering-4395021/airflow/dags/load_dag.py for tasks to queue
[2025-07-08T09:37:14.978+0000] {logging_mixin.py:150} INFO - [2025-07-08T09:37:14.978+0000] {dagbag.py:541} INFO - Filling up the DagBag from /workspaces/hands-on-introduction-data-engineering-4395021/airflow/dags/load_dag.py
[2025-07-08T09:37:14.985+0000] {processor.py:836} INFO - DAG(s) dict_keys(['load_dag']) retrieved from /workspaces/hands-on-introduction-data-engineering-4395021/airflow/dags/load_dag.py
[2025-07-08T09:37:14.999+0000] {logging_mixin.py:150} INFO - [2025-07-08T09:37:14.998+0000] {dag.py:2742} INFO - Sync 1 DAGs
[2025-07-08T09:37:15.015+0000] {logging_mixin.py:150} INFO - [2025-07-08T09:37:15.015+0000] {dag.py:3504} INFO - Setting next_dagrun for load_dag to None, run_after=None
[2025-07-08T09:37:15.032+0000] {processor.py:179} INFO - Processing /workspaces/hands-on-introduction-data-engineering-4395021/airflow/dags/load_dag.py took 0.060 seconds
[2025-07-08T09:37:35.295+0000] {processor.py:157} INFO - Started process (PID=30087) to work on /workspaces/hands-on-introduction-data-engineering-4395021/airflow/dags/load_dag.py
[2025-07-08T09:37:35.296+0000] {processor.py:826} INFO - Processing file /workspaces/hands-on-introduction-data-engineering-4395021/airflow/dags/load_dag.py for tasks to queue
[2025-07-08T09:37:35.296+0000] {logging_mixin.py:150} INFO - [2025-07-08T09:37:35.296+0000] {dagbag.py:541} INFO - Filling up the DagBag from /workspaces/hands-on-introduction-data-engineering-4395021/airflow/dags/load_dag.py
[2025-07-08T09:37:35.301+0000] {processor.py:836} INFO - DAG(s) dict_keys(['load_dag']) retrieved from /workspaces/hands-on-introduction-data-engineering-4395021/airflow/dags/load_dag.py
[2025-07-08T09:37:35.379+0000] {logging_mixin.py:150} INFO - [2025-07-08T09:37:35.379+0000] {dag.py:2742} INFO - Sync 1 DAGs
[2025-07-08T09:37:35.392+0000] {logging_mixin.py:150} INFO - [2025-07-08T09:37:35.392+0000] {dag.py:3504} INFO - Setting next_dagrun for load_dag to None, run_after=None
[2025-07-08T09:37:35.413+0000] {processor.py:179} INFO - Processing /workspaces/hands-on-introduction-data-engineering-4395021/airflow/dags/load_dag.py took 0.120 seconds
[2025-07-08T09:38:21.555+0000] {processor.py:157} INFO - Started process (PID=30482) to work on /workspaces/hands-on-introduction-data-engineering-4395021/airflow/dags/load_dag.py
[2025-07-08T09:38:21.555+0000] {processor.py:826} INFO - Processing file /workspaces/hands-on-introduction-data-engineering-4395021/airflow/dags/load_dag.py for tasks to queue
[2025-07-08T09:38:21.556+0000] {logging_mixin.py:150} INFO - [2025-07-08T09:38:21.556+0000] {dagbag.py:541} INFO - Filling up the DagBag from /workspaces/hands-on-introduction-data-engineering-4395021/airflow/dags/load_dag.py
[2025-07-08T09:38:21.560+0000] {processor.py:836} INFO - DAG(s) dict_keys(['load_dag']) retrieved from /workspaces/hands-on-introduction-data-engineering-4395021/airflow/dags/load_dag.py
[2025-07-08T09:38:21.571+0000] {logging_mixin.py:150} INFO - [2025-07-08T09:38:21.570+0000] {dag.py:2742} INFO - Sync 1 DAGs
[2025-07-08T09:38:21.592+0000] {logging_mixin.py:150} INFO - [2025-07-08T09:38:21.591+0000] {dag.py:3504} INFO - Setting next_dagrun for load_dag to None, run_after=None
[2025-07-08T09:38:21.616+0000] {processor.py:179} INFO - Processing /workspaces/hands-on-introduction-data-engineering-4395021/airflow/dags/load_dag.py took 0.063 seconds
[2025-07-08T09:39:02.941+0000] {processor.py:157} INFO - Started process (PID=30798) to work on /workspaces/hands-on-introduction-data-engineering-4395021/airflow/dags/load_dag.py
[2025-07-08T09:39:02.942+0000] {processor.py:826} INFO - Processing file /workspaces/hands-on-introduction-data-engineering-4395021/airflow/dags/load_dag.py for tasks to queue
[2025-07-08T09:39:02.943+0000] {logging_mixin.py:150} INFO - [2025-07-08T09:39:02.942+0000] {dagbag.py:541} INFO - Filling up the DagBag from /workspaces/hands-on-introduction-data-engineering-4395021/airflow/dags/load_dag.py
[2025-07-08T09:39:02.947+0000] {processor.py:836} INFO - DAG(s) dict_keys(['load_dag']) retrieved from /workspaces/hands-on-introduction-data-engineering-4395021/airflow/dags/load_dag.py
[2025-07-08T09:39:02.958+0000] {logging_mixin.py:150} INFO - [2025-07-08T09:39:02.958+0000] {dag.py:2742} INFO - Sync 1 DAGs
[2025-07-08T09:39:02.972+0000] {logging_mixin.py:150} INFO - [2025-07-08T09:39:02.972+0000] {dag.py:3504} INFO - Setting next_dagrun for load_dag to None, run_after=None
[2025-07-08T09:39:02.988+0000] {processor.py:179} INFO - Processing /workspaces/hands-on-introduction-data-engineering-4395021/airflow/dags/load_dag.py took 0.049 seconds
[2025-07-08T09:39:54.508+0000] {processor.py:157} INFO - Started process (PID=31183) to work on /workspaces/hands-on-introduction-data-engineering-4395021/airflow/dags/load_dag.py
[2025-07-08T09:39:54.508+0000] {processor.py:826} INFO - Processing file /workspaces/hands-on-introduction-data-engineering-4395021/airflow/dags/load_dag.py for tasks to queue
[2025-07-08T09:39:54.509+0000] {logging_mixin.py:150} INFO - [2025-07-08T09:39:54.509+0000] {dagbag.py:541} INFO - Filling up the DagBag from /workspaces/hands-on-introduction-data-engineering-4395021/airflow/dags/load_dag.py
[2025-07-08T09:39:54.514+0000] {processor.py:836} INFO - DAG(s) dict_keys(['load_dag']) retrieved from /workspaces/hands-on-introduction-data-engineering-4395021/airflow/dags/load_dag.py
[2025-07-08T09:39:54.525+0000] {logging_mixin.py:150} INFO - [2025-07-08T09:39:54.525+0000] {dag.py:2742} INFO - Sync 1 DAGs
[2025-07-08T09:39:54.542+0000] {logging_mixin.py:150} INFO - [2025-07-08T09:39:54.541+0000] {dag.py:3504} INFO - Setting next_dagrun for load_dag to None, run_after=None
[2025-07-08T09:39:54.559+0000] {processor.py:179} INFO - Processing /workspaces/hands-on-introduction-data-engineering-4395021/airflow/dags/load_dag.py took 0.054 seconds
[2025-07-08T09:40:36.918+0000] {processor.py:157} INFO - Started process (PID=31510) to work on /workspaces/hands-on-introduction-data-engineering-4395021/airflow/dags/load_dag.py
[2025-07-08T09:40:36.919+0000] {processor.py:826} INFO - Processing file /workspaces/hands-on-introduction-data-engineering-4395021/airflow/dags/load_dag.py for tasks to queue
[2025-07-08T09:40:36.920+0000] {logging_mixin.py:150} INFO - [2025-07-08T09:40:36.920+0000] {dagbag.py:541} INFO - Filling up the DagBag from /workspaces/hands-on-introduction-data-engineering-4395021/airflow/dags/load_dag.py
[2025-07-08T09:40:36.924+0000] {processor.py:836} INFO - DAG(s) dict_keys(['load_dag']) retrieved from /workspaces/hands-on-introduction-data-engineering-4395021/airflow/dags/load_dag.py
[2025-07-08T09:40:36.934+0000] {logging_mixin.py:150} INFO - [2025-07-08T09:40:36.934+0000] {dag.py:2742} INFO - Sync 1 DAGs
[2025-07-08T09:40:36.948+0000] {logging_mixin.py:150} INFO - [2025-07-08T09:40:36.948+0000] {dag.py:3504} INFO - Setting next_dagrun for load_dag to None, run_after=None
[2025-07-08T09:40:36.966+0000] {processor.py:179} INFO - Processing /workspaces/hands-on-introduction-data-engineering-4395021/airflow/dags/load_dag.py took 0.049 seconds
[2025-07-08T09:41:17.161+0000] {processor.py:157} INFO - Started process (PID=31823) to work on /workspaces/hands-on-introduction-data-engineering-4395021/airflow/dags/load_dag.py
[2025-07-08T09:41:17.161+0000] {processor.py:826} INFO - Processing file /workspaces/hands-on-introduction-data-engineering-4395021/airflow/dags/load_dag.py for tasks to queue
[2025-07-08T09:41:17.162+0000] {logging_mixin.py:150} INFO - [2025-07-08T09:41:17.162+0000] {dagbag.py:541} INFO - Filling up the DagBag from /workspaces/hands-on-introduction-data-engineering-4395021/airflow/dags/load_dag.py
[2025-07-08T09:41:17.167+0000] {processor.py:836} INFO - DAG(s) dict_keys(['load_dag']) retrieved from /workspaces/hands-on-introduction-data-engineering-4395021/airflow/dags/load_dag.py
[2025-07-08T09:41:17.178+0000] {logging_mixin.py:150} INFO - [2025-07-08T09:41:17.177+0000] {dag.py:2742} INFO - Sync 1 DAGs
[2025-07-08T09:41:17.194+0000] {logging_mixin.py:150} INFO - [2025-07-08T09:41:17.194+0000] {dag.py:3504} INFO - Setting next_dagrun for load_dag to None, run_after=None
[2025-07-08T09:41:17.211+0000] {processor.py:179} INFO - Processing /workspaces/hands-on-introduction-data-engineering-4395021/airflow/dags/load_dag.py took 0.052 seconds
[2025-07-08T09:41:40.418+0000] {processor.py:157} INFO - Started process (PID=32011) to work on /workspaces/hands-on-introduction-data-engineering-4395021/airflow/dags/load_dag.py
[2025-07-08T09:41:40.420+0000] {processor.py:826} INFO - Processing file /workspaces/hands-on-introduction-data-engineering-4395021/airflow/dags/load_dag.py for tasks to queue
[2025-07-08T09:41:40.421+0000] {logging_mixin.py:150} INFO - [2025-07-08T09:41:40.420+0000] {dagbag.py:541} INFO - Filling up the DagBag from /workspaces/hands-on-introduction-data-engineering-4395021/airflow/dags/load_dag.py
[2025-07-08T09:41:40.431+0000] {processor.py:836} INFO - DAG(s) dict_keys(['load_dag']) retrieved from /workspaces/hands-on-introduction-data-engineering-4395021/airflow/dags/load_dag.py
[2025-07-08T09:41:40.463+0000] {logging_mixin.py:150} INFO - [2025-07-08T09:41:40.463+0000] {dag.py:2742} INFO - Sync 1 DAGs
[2025-07-08T09:41:40.510+0000] {logging_mixin.py:150} INFO - [2025-07-08T09:41:40.505+0000] {dag.py:3504} INFO - Setting next_dagrun for load_dag to None, run_after=None
[2025-07-08T09:41:40.554+0000] {processor.py:179} INFO - Processing /workspaces/hands-on-introduction-data-engineering-4395021/airflow/dags/load_dag.py took 0.141 seconds
[2025-07-08T09:42:29.417+0000] {processor.py:157} INFO - Started process (PID=32372) to work on /workspaces/hands-on-introduction-data-engineering-4395021/airflow/dags/load_dag.py
[2025-07-08T09:42:29.418+0000] {processor.py:826} INFO - Processing file /workspaces/hands-on-introduction-data-engineering-4395021/airflow/dags/load_dag.py for tasks to queue
[2025-07-08T09:42:29.418+0000] {logging_mixin.py:150} INFO - [2025-07-08T09:42:29.418+0000] {dagbag.py:541} INFO - Filling up the DagBag from /workspaces/hands-on-introduction-data-engineering-4395021/airflow/dags/load_dag.py
[2025-07-08T09:42:29.423+0000] {processor.py:836} INFO - DAG(s) dict_keys(['load_dag']) retrieved from /workspaces/hands-on-introduction-data-engineering-4395021/airflow/dags/load_dag.py
[2025-07-08T09:42:29.433+0000] {logging_mixin.py:150} INFO - [2025-07-08T09:42:29.433+0000] {dag.py:2742} INFO - Sync 1 DAGs
[2025-07-08T09:42:29.447+0000] {logging_mixin.py:150} INFO - [2025-07-08T09:42:29.447+0000] {dag.py:3504} INFO - Setting next_dagrun for load_dag to None, run_after=None
[2025-07-08T09:42:29.463+0000] {processor.py:179} INFO - Processing /workspaces/hands-on-introduction-data-engineering-4395021/airflow/dags/load_dag.py took 0.048 seconds
[2025-07-08T09:43:18.103+0000] {processor.py:157} INFO - Started process (PID=32726) to work on /workspaces/hands-on-introduction-data-engineering-4395021/airflow/dags/load_dag.py
[2025-07-08T09:43:18.104+0000] {processor.py:826} INFO - Processing file /workspaces/hands-on-introduction-data-engineering-4395021/airflow/dags/load_dag.py for tasks to queue
[2025-07-08T09:43:18.105+0000] {logging_mixin.py:150} INFO - [2025-07-08T09:43:18.104+0000] {dagbag.py:541} INFO - Filling up the DagBag from /workspaces/hands-on-introduction-data-engineering-4395021/airflow/dags/load_dag.py
[2025-07-08T09:43:18.109+0000] {processor.py:836} INFO - DAG(s) dict_keys(['load_dag']) retrieved from /workspaces/hands-on-introduction-data-engineering-4395021/airflow/dags/load_dag.py
[2025-07-08T09:43:18.119+0000] {logging_mixin.py:150} INFO - [2025-07-08T09:43:18.119+0000] {dag.py:2742} INFO - Sync 1 DAGs
[2025-07-08T09:43:18.133+0000] {logging_mixin.py:150} INFO - [2025-07-08T09:43:18.133+0000] {dag.py:3504} INFO - Setting next_dagrun for load_dag to None, run_after=None
[2025-07-08T09:43:18.149+0000] {processor.py:179} INFO - Processing /workspaces/hands-on-introduction-data-engineering-4395021/airflow/dags/load_dag.py took 0.048 seconds
[2025-07-08T09:44:03.170+0000] {processor.py:157} INFO - Started process (PID=33115) to work on /workspaces/hands-on-introduction-data-engineering-4395021/airflow/dags/load_dag.py
[2025-07-08T09:44:03.171+0000] {processor.py:826} INFO - Processing file /workspaces/hands-on-introduction-data-engineering-4395021/airflow/dags/load_dag.py for tasks to queue
[2025-07-08T09:44:03.172+0000] {logging_mixin.py:150} INFO - [2025-07-08T09:44:03.171+0000] {dagbag.py:541} INFO - Filling up the DagBag from /workspaces/hands-on-introduction-data-engineering-4395021/airflow/dags/load_dag.py
[2025-07-08T09:44:03.176+0000] {processor.py:836} INFO - DAG(s) dict_keys(['load_dag']) retrieved from /workspaces/hands-on-introduction-data-engineering-4395021/airflow/dags/load_dag.py
[2025-07-08T09:44:03.187+0000] {logging_mixin.py:150} INFO - [2025-07-08T09:44:03.186+0000] {dag.py:2742} INFO - Sync 1 DAGs
[2025-07-08T09:44:03.201+0000] {logging_mixin.py:150} INFO - [2025-07-08T09:44:03.200+0000] {dag.py:3504} INFO - Setting next_dagrun for load_dag to None, run_after=None
[2025-07-08T09:44:03.215+0000] {processor.py:179} INFO - Processing /workspaces/hands-on-introduction-data-engineering-4395021/airflow/dags/load_dag.py took 0.047 seconds
