[2025-07-08T09:17:33.681+0000] {processor.py:157} INFO - Started process (PID=21048) to work on /workspaces/hands-on-introduction-data-engineering-4395021/airflow/dags/transform_dag.py
[2025-07-08T09:17:33.682+0000] {processor.py:826} INFO - Processing file /workspaces/hands-on-introduction-data-engineering-4395021/airflow/dags/transform_dag.py for tasks to queue
[2025-07-08T09:17:33.682+0000] {logging_mixin.py:150} INFO - [2025-07-08T09:17:33.682+0000] {dagbag.py:541} INFO - Filling up the DagBag from /workspaces/hands-on-introduction-data-engineering-4395021/airflow/dags/transform_dag.py
[2025-07-08T09:17:33.685+0000] {logging_mixin.py:150} INFO - [2025-07-08T09:17:33.685+0000] {dagbag.py:350} ERROR - Failed to import: /workspaces/hands-on-introduction-data-engineering-4395021/airflow/dags/transform_dag.py
Traceback (most recent call last):
  File "/home/vscode/.local/lib/python3.10/site-packages/airflow/models/dagbag.py", line 346, in parse
    loader.exec_module(new_module)
  File "<frozen importlib._bootstrap_external>", line 883, in exec_module
  File "<frozen importlib._bootstrap>", line 241, in _call_with_frames_removed
  File "/workspaces/hands-on-introduction-data-engineering-4395021/airflow/dags/transform_dag.py", line 2, in <module>
    import pandas as pd
ModuleNotFoundError: No module named 'pandas'
[2025-07-08T09:17:33.686+0000] {processor.py:838} WARNING - No viable dags retrieved from /workspaces/hands-on-introduction-data-engineering-4395021/airflow/dags/transform_dag.py
[2025-07-08T09:17:33.702+0000] {processor.py:179} INFO - Processing /workspaces/hands-on-introduction-data-engineering-4395021/airflow/dags/transform_dag.py took 0.023 seconds
[2025-07-08T09:17:41.927+0000] {processor.py:157} INFO - Started process (PID=21104) to work on /workspaces/hands-on-introduction-data-engineering-4395021/airflow/dags/transform_dag.py
[2025-07-08T09:17:41.928+0000] {processor.py:826} INFO - Processing file /workspaces/hands-on-introduction-data-engineering-4395021/airflow/dags/transform_dag.py for tasks to queue
[2025-07-08T09:17:41.930+0000] {logging_mixin.py:150} INFO - [2025-07-08T09:17:41.929+0000] {dagbag.py:541} INFO - Filling up the DagBag from /workspaces/hands-on-introduction-data-engineering-4395021/airflow/dags/transform_dag.py
[2025-07-08T09:17:41.939+0000] {logging_mixin.py:150} INFO - [2025-07-08T09:17:41.938+0000] {dagbag.py:350} ERROR - Failed to import: /workspaces/hands-on-introduction-data-engineering-4395021/airflow/dags/transform_dag.py
Traceback (most recent call last):
  File "/home/vscode/.local/lib/python3.10/site-packages/airflow/models/dagbag.py", line 346, in parse
    loader.exec_module(new_module)
  File "<frozen importlib._bootstrap_external>", line 879, in exec_module
  File "<frozen importlib._bootstrap_external>", line 1017, in get_code
  File "<frozen importlib._bootstrap_external>", line 947, in source_to_code
  File "<frozen importlib._bootstrap>", line 241, in _call_with_frames_removed
  File "/workspaces/hands-on-introduction-data-engineering-4395021/airflow/dags/transform_dag.py", line 8
    )
     ^
SyntaxError: expected ':'
[2025-07-08T09:17:41.940+0000] {processor.py:838} WARNING - No viable dags retrieved from /workspaces/hands-on-introduction-data-engineering-4395021/airflow/dags/transform_dag.py
[2025-07-08T09:17:41.973+0000] {processor.py:179} INFO - Processing /workspaces/hands-on-introduction-data-engineering-4395021/airflow/dags/transform_dag.py took 0.049 seconds
[2025-07-08T09:18:04.060+0000] {processor.py:157} INFO - Started process (PID=21266) to work on /workspaces/hands-on-introduction-data-engineering-4395021/airflow/dags/transform_dag.py
[2025-07-08T09:18:04.061+0000] {processor.py:826} INFO - Processing file /workspaces/hands-on-introduction-data-engineering-4395021/airflow/dags/transform_dag.py for tasks to queue
[2025-07-08T09:18:04.062+0000] {logging_mixin.py:150} INFO - [2025-07-08T09:18:04.061+0000] {dagbag.py:541} INFO - Filling up the DagBag from /workspaces/hands-on-introduction-data-engineering-4395021/airflow/dags/transform_dag.py
[2025-07-08T09:18:04.065+0000] {logging_mixin.py:150} INFO - [2025-07-08T09:18:04.064+0000] {dagbag.py:350} ERROR - Failed to import: /workspaces/hands-on-introduction-data-engineering-4395021/airflow/dags/transform_dag.py
Traceback (most recent call last):
  File "/home/vscode/.local/lib/python3.10/site-packages/airflow/models/dagbag.py", line 346, in parse
    loader.exec_module(new_module)
  File "<frozen importlib._bootstrap_external>", line 879, in exec_module
  File "<frozen importlib._bootstrap_external>", line 1017, in get_code
  File "<frozen importlib._bootstrap_external>", line 947, in source_to_code
  File "<frozen importlib._bootstrap>", line 241, in _call_with_frames_removed
  File "/workspaces/hands-on-introduction-data-engineering-4395021/airflow/dags/transform_dag.py", line 9
    )
    ^
SyntaxError: positional argument follows keyword argument
[2025-07-08T09:18:04.065+0000] {processor.py:838} WARNING - No viable dags retrieved from /workspaces/hands-on-introduction-data-engineering-4395021/airflow/dags/transform_dag.py
[2025-07-08T09:18:04.088+0000] {processor.py:179} INFO - Processing /workspaces/hands-on-introduction-data-engineering-4395021/airflow/dags/transform_dag.py took 0.031 seconds
[2025-07-08T09:18:27.413+0000] {processor.py:157} INFO - Started process (PID=21447) to work on /workspaces/hands-on-introduction-data-engineering-4395021/airflow/dags/transform_dag.py
[2025-07-08T09:18:27.413+0000] {processor.py:826} INFO - Processing file /workspaces/hands-on-introduction-data-engineering-4395021/airflow/dags/transform_dag.py for tasks to queue
[2025-07-08T09:18:27.414+0000] {logging_mixin.py:150} INFO - [2025-07-08T09:18:27.414+0000] {dagbag.py:541} INFO - Filling up the DagBag from /workspaces/hands-on-introduction-data-engineering-4395021/airflow/dags/transform_dag.py
[2025-07-08T09:18:27.417+0000] {logging_mixin.py:150} INFO - [2025-07-08T09:18:27.417+0000] {dagbag.py:350} ERROR - Failed to import: /workspaces/hands-on-introduction-data-engineering-4395021/airflow/dags/transform_dag.py
Traceback (most recent call last):
  File "/home/vscode/.local/lib/python3.10/site-packages/airflow/models/dagbag.py", line 346, in parse
    loader.exec_module(new_module)
  File "<frozen importlib._bootstrap_external>", line 879, in exec_module
  File "<frozen importlib._bootstrap_external>", line 1017, in get_code
  File "<frozen importlib._bootstrap_external>", line 947, in source_to_code
  File "<frozen importlib._bootstrap>", line 241, in _call_with_frames_removed
  File "/workspaces/hands-on-introduction-data-engineering-4395021/airflow/dags/transform_dag.py", line 13
    
    ^
IndentationError: expected an indented block after function definition on line 12
[2025-07-08T09:18:27.418+0000] {processor.py:838} WARNING - No viable dags retrieved from /workspaces/hands-on-introduction-data-engineering-4395021/airflow/dags/transform_dag.py
[2025-07-08T09:18:27.435+0000] {processor.py:179} INFO - Processing /workspaces/hands-on-introduction-data-engineering-4395021/airflow/dags/transform_dag.py took 0.025 seconds
[2025-07-08T09:18:48.568+0000] {processor.py:157} INFO - Started process (PID=21605) to work on /workspaces/hands-on-introduction-data-engineering-4395021/airflow/dags/transform_dag.py
[2025-07-08T09:18:48.571+0000] {processor.py:826} INFO - Processing file /workspaces/hands-on-introduction-data-engineering-4395021/airflow/dags/transform_dag.py for tasks to queue
[2025-07-08T09:18:48.572+0000] {logging_mixin.py:150} INFO - [2025-07-08T09:18:48.571+0000] {dagbag.py:541} INFO - Filling up the DagBag from /workspaces/hands-on-introduction-data-engineering-4395021/airflow/dags/transform_dag.py
[2025-07-08T09:18:48.580+0000] {logging_mixin.py:150} INFO - [2025-07-08T09:18:48.579+0000] {dagbag.py:350} ERROR - Failed to import: /workspaces/hands-on-introduction-data-engineering-4395021/airflow/dags/transform_dag.py
Traceback (most recent call last):
  File "/home/vscode/.local/lib/python3.10/site-packages/airflow/models/dagbag.py", line 346, in parse
    loader.exec_module(new_module)
  File "<frozen importlib._bootstrap_external>", line 883, in exec_module
  File "<frozen importlib._bootstrap>", line 241, in _call_with_frames_removed
  File "/workspaces/hands-on-introduction-data-engineering-4395021/airflow/dags/transform_dag.py", line 2, in <module>
    import pandas as pd
ModuleNotFoundError: No module named 'pandas'
[2025-07-08T09:18:48.580+0000] {processor.py:838} WARNING - No viable dags retrieved from /workspaces/hands-on-introduction-data-engineering-4395021/airflow/dags/transform_dag.py
[2025-07-08T09:18:48.631+0000] {processor.py:179} INFO - Processing /workspaces/hands-on-introduction-data-engineering-4395021/airflow/dags/transform_dag.py took 0.071 seconds
[2025-07-08T09:19:09.879+0000] {processor.py:157} INFO - Started process (PID=21768) to work on /workspaces/hands-on-introduction-data-engineering-4395021/airflow/dags/transform_dag.py
[2025-07-08T09:19:09.879+0000] {processor.py:826} INFO - Processing file /workspaces/hands-on-introduction-data-engineering-4395021/airflow/dags/transform_dag.py for tasks to queue
[2025-07-08T09:19:09.880+0000] {logging_mixin.py:150} INFO - [2025-07-08T09:19:09.880+0000] {dagbag.py:541} INFO - Filling up the DagBag from /workspaces/hands-on-introduction-data-engineering-4395021/airflow/dags/transform_dag.py
[2025-07-08T09:19:09.888+0000] {logging_mixin.py:150} INFO - [2025-07-08T09:19:09.885+0000] {dagbag.py:350} ERROR - Failed to import: /workspaces/hands-on-introduction-data-engineering-4395021/airflow/dags/transform_dag.py
Traceback (most recent call last):
  File "/home/vscode/.local/lib/python3.10/site-packages/airflow/models/dagbag.py", line 346, in parse
    loader.exec_module(new_module)
  File "<frozen importlib._bootstrap_external>", line 883, in exec_module
  File "<frozen importlib._bootstrap>", line 241, in _call_with_frames_removed
  File "/workspaces/hands-on-introduction-data-engineering-4395021/airflow/dags/transform_dag.py", line 2, in <module>
    import pandas as pd
ModuleNotFoundError: No module named 'pandas'
[2025-07-08T09:19:09.888+0000] {processor.py:838} WARNING - No viable dags retrieved from /workspaces/hands-on-introduction-data-engineering-4395021/airflow/dags/transform_dag.py
[2025-07-08T09:19:09.910+0000] {processor.py:179} INFO - Processing /workspaces/hands-on-introduction-data-engineering-4395021/airflow/dags/transform_dag.py took 0.035 seconds
[2025-07-08T09:19:30.140+0000] {processor.py:157} INFO - Started process (PID=21918) to work on /workspaces/hands-on-introduction-data-engineering-4395021/airflow/dags/transform_dag.py
[2025-07-08T09:19:30.140+0000] {processor.py:826} INFO - Processing file /workspaces/hands-on-introduction-data-engineering-4395021/airflow/dags/transform_dag.py for tasks to queue
[2025-07-08T09:19:30.141+0000] {logging_mixin.py:150} INFO - [2025-07-08T09:19:30.141+0000] {dagbag.py:541} INFO - Filling up the DagBag from /workspaces/hands-on-introduction-data-engineering-4395021/airflow/dags/transform_dag.py
[2025-07-08T09:19:30.144+0000] {logging_mixin.py:150} INFO - [2025-07-08T09:19:30.143+0000] {dagbag.py:350} ERROR - Failed to import: /workspaces/hands-on-introduction-data-engineering-4395021/airflow/dags/transform_dag.py
Traceback (most recent call last):
  File "/home/vscode/.local/lib/python3.10/site-packages/airflow/models/dagbag.py", line 346, in parse
    loader.exec_module(new_module)
  File "<frozen importlib._bootstrap_external>", line 883, in exec_module
  File "<frozen importlib._bootstrap>", line 241, in _call_with_frames_removed
  File "/workspaces/hands-on-introduction-data-engineering-4395021/airflow/dags/transform_dag.py", line 2, in <module>
    import pandas as pd
ModuleNotFoundError: No module named 'pandas'
[2025-07-08T09:19:30.144+0000] {processor.py:838} WARNING - No viable dags retrieved from /workspaces/hands-on-introduction-data-engineering-4395021/airflow/dags/transform_dag.py
[2025-07-08T09:19:30.161+0000] {processor.py:179} INFO - Processing /workspaces/hands-on-introduction-data-engineering-4395021/airflow/dags/transform_dag.py took 0.024 seconds
[2025-07-08T09:20:08.858+0000] {processor.py:157} INFO - Started process (PID=22216) to work on /workspaces/hands-on-introduction-data-engineering-4395021/airflow/dags/transform_dag.py
[2025-07-08T09:20:08.859+0000] {processor.py:826} INFO - Processing file /workspaces/hands-on-introduction-data-engineering-4395021/airflow/dags/transform_dag.py for tasks to queue
[2025-07-08T09:20:08.860+0000] {logging_mixin.py:150} INFO - [2025-07-08T09:20:08.860+0000] {dagbag.py:541} INFO - Filling up the DagBag from /workspaces/hands-on-introduction-data-engineering-4395021/airflow/dags/transform_dag.py
[2025-07-08T09:20:08.862+0000] {logging_mixin.py:150} INFO - [2025-07-08T09:20:08.862+0000] {dagbag.py:350} ERROR - Failed to import: /workspaces/hands-on-introduction-data-engineering-4395021/airflow/dags/transform_dag.py
Traceback (most recent call last):
  File "/home/vscode/.local/lib/python3.10/site-packages/airflow/models/dagbag.py", line 346, in parse
    loader.exec_module(new_module)
  File "<frozen importlib._bootstrap_external>", line 883, in exec_module
  File "<frozen importlib._bootstrap>", line 241, in _call_with_frames_removed
  File "/workspaces/hands-on-introduction-data-engineering-4395021/airflow/dags/transform_dag.py", line 2, in <module>
    import pandas as pd
ModuleNotFoundError: No module named 'pandas'
[2025-07-08T09:20:08.863+0000] {processor.py:838} WARNING - No viable dags retrieved from /workspaces/hands-on-introduction-data-engineering-4395021/airflow/dags/transform_dag.py
[2025-07-08T09:20:08.876+0000] {processor.py:179} INFO - Processing /workspaces/hands-on-introduction-data-engineering-4395021/airflow/dags/transform_dag.py took 0.020 seconds
[2025-07-08T09:20:26.937+0000] {processor.py:157} INFO - Started process (PID=22355) to work on /workspaces/hands-on-introduction-data-engineering-4395021/airflow/dags/transform_dag.py
[2025-07-08T09:20:26.937+0000] {processor.py:826} INFO - Processing file /workspaces/hands-on-introduction-data-engineering-4395021/airflow/dags/transform_dag.py for tasks to queue
[2025-07-08T09:20:26.938+0000] {logging_mixin.py:150} INFO - [2025-07-08T09:20:26.938+0000] {dagbag.py:541} INFO - Filling up the DagBag from /workspaces/hands-on-introduction-data-engineering-4395021/airflow/dags/transform_dag.py
[2025-07-08T09:20:26.941+0000] {logging_mixin.py:150} INFO - [2025-07-08T09:20:26.941+0000] {dagbag.py:350} ERROR - Failed to import: /workspaces/hands-on-introduction-data-engineering-4395021/airflow/dags/transform_dag.py
Traceback (most recent call last):
  File "/home/vscode/.local/lib/python3.10/site-packages/airflow/models/dagbag.py", line 346, in parse
    loader.exec_module(new_module)
  File "<frozen importlib._bootstrap_external>", line 883, in exec_module
  File "<frozen importlib._bootstrap>", line 241, in _call_with_frames_removed
  File "/workspaces/hands-on-introduction-data-engineering-4395021/airflow/dags/transform_dag.py", line 2, in <module>
    import pandas as pd
ModuleNotFoundError: No module named 'pandas'
[2025-07-08T09:20:26.942+0000] {processor.py:838} WARNING - No viable dags retrieved from /workspaces/hands-on-introduction-data-engineering-4395021/airflow/dags/transform_dag.py
[2025-07-08T09:20:26.956+0000] {processor.py:179} INFO - Processing /workspaces/hands-on-introduction-data-engineering-4395021/airflow/dags/transform_dag.py took 0.022 seconds
[2025-07-08T09:20:47.204+0000] {processor.py:157} INFO - Started process (PID=22511) to work on /workspaces/hands-on-introduction-data-engineering-4395021/airflow/dags/transform_dag.py
[2025-07-08T09:20:47.205+0000] {processor.py:826} INFO - Processing file /workspaces/hands-on-introduction-data-engineering-4395021/airflow/dags/transform_dag.py for tasks to queue
[2025-07-08T09:20:47.206+0000] {logging_mixin.py:150} INFO - [2025-07-08T09:20:47.205+0000] {dagbag.py:541} INFO - Filling up the DagBag from /workspaces/hands-on-introduction-data-engineering-4395021/airflow/dags/transform_dag.py
[2025-07-08T09:20:47.209+0000] {logging_mixin.py:150} INFO - [2025-07-08T09:20:47.208+0000] {dagbag.py:350} ERROR - Failed to import: /workspaces/hands-on-introduction-data-engineering-4395021/airflow/dags/transform_dag.py
Traceback (most recent call last):
  File "/home/vscode/.local/lib/python3.10/site-packages/airflow/models/dagbag.py", line 346, in parse
    loader.exec_module(new_module)
  File "<frozen importlib._bootstrap_external>", line 883, in exec_module
  File "<frozen importlib._bootstrap>", line 241, in _call_with_frames_removed
  File "/workspaces/hands-on-introduction-data-engineering-4395021/airflow/dags/transform_dag.py", line 2, in <module>
    import pandas as pd
ModuleNotFoundError: No module named 'pandas'
[2025-07-08T09:20:47.209+0000] {processor.py:838} WARNING - No viable dags retrieved from /workspaces/hands-on-introduction-data-engineering-4395021/airflow/dags/transform_dag.py
[2025-07-08T09:20:47.223+0000] {processor.py:179} INFO - Processing /workspaces/hands-on-introduction-data-engineering-4395021/airflow/dags/transform_dag.py took 0.021 seconds
[2025-07-08T09:21:06.389+0000] {processor.py:157} INFO - Started process (PID=22637) to work on /workspaces/hands-on-introduction-data-engineering-4395021/airflow/dags/transform_dag.py
[2025-07-08T09:21:06.390+0000] {processor.py:826} INFO - Processing file /workspaces/hands-on-introduction-data-engineering-4395021/airflow/dags/transform_dag.py for tasks to queue
[2025-07-08T09:21:06.391+0000] {logging_mixin.py:150} INFO - [2025-07-08T09:21:06.391+0000] {dagbag.py:541} INFO - Filling up the DagBag from /workspaces/hands-on-introduction-data-engineering-4395021/airflow/dags/transform_dag.py
[2025-07-08T09:21:06.397+0000] {logging_mixin.py:150} INFO - [2025-07-08T09:21:06.395+0000] {dagbag.py:350} ERROR - Failed to import: /workspaces/hands-on-introduction-data-engineering-4395021/airflow/dags/transform_dag.py
Traceback (most recent call last):
  File "/home/vscode/.local/lib/python3.10/site-packages/airflow/models/dagbag.py", line 346, in parse
    loader.exec_module(new_module)
  File "<frozen importlib._bootstrap_external>", line 883, in exec_module
  File "<frozen importlib._bootstrap>", line 241, in _call_with_frames_removed
  File "/workspaces/hands-on-introduction-data-engineering-4395021/airflow/dags/transform_dag.py", line 2, in <module>
    import pandas as pd
ModuleNotFoundError: No module named 'pandas'
[2025-07-08T09:21:06.398+0000] {processor.py:838} WARNING - No viable dags retrieved from /workspaces/hands-on-introduction-data-engineering-4395021/airflow/dags/transform_dag.py
[2025-07-08T09:21:06.428+0000] {processor.py:179} INFO - Processing /workspaces/hands-on-introduction-data-engineering-4395021/airflow/dags/transform_dag.py took 0.046 seconds
[2025-07-08T09:21:25.376+0000] {processor.py:157} INFO - Started process (PID=22791) to work on /workspaces/hands-on-introduction-data-engineering-4395021/airflow/dags/transform_dag.py
[2025-07-08T09:21:25.377+0000] {processor.py:826} INFO - Processing file /workspaces/hands-on-introduction-data-engineering-4395021/airflow/dags/transform_dag.py for tasks to queue
[2025-07-08T09:21:25.378+0000] {logging_mixin.py:150} INFO - [2025-07-08T09:21:25.377+0000] {dagbag.py:541} INFO - Filling up the DagBag from /workspaces/hands-on-introduction-data-engineering-4395021/airflow/dags/transform_dag.py
[2025-07-08T09:21:25.381+0000] {logging_mixin.py:150} INFO - [2025-07-08T09:21:25.380+0000] {dagbag.py:350} ERROR - Failed to import: /workspaces/hands-on-introduction-data-engineering-4395021/airflow/dags/transform_dag.py
Traceback (most recent call last):
  File "/home/vscode/.local/lib/python3.10/site-packages/airflow/models/dagbag.py", line 346, in parse
    loader.exec_module(new_module)
  File "<frozen importlib._bootstrap_external>", line 883, in exec_module
  File "<frozen importlib._bootstrap>", line 241, in _call_with_frames_removed
  File "/workspaces/hands-on-introduction-data-engineering-4395021/airflow/dags/transform_dag.py", line 2, in <module>
    import pandas as pd
ModuleNotFoundError: No module named 'pandas'
[2025-07-08T09:21:25.381+0000] {processor.py:838} WARNING - No viable dags retrieved from /workspaces/hands-on-introduction-data-engineering-4395021/airflow/dags/transform_dag.py
[2025-07-08T09:21:25.395+0000] {processor.py:179} INFO - Processing /workspaces/hands-on-introduction-data-engineering-4395021/airflow/dags/transform_dag.py took 0.021 seconds
[2025-07-08T09:21:45.228+0000] {processor.py:157} INFO - Started process (PID=22938) to work on /workspaces/hands-on-introduction-data-engineering-4395021/airflow/dags/transform_dag.py
[2025-07-08T09:21:45.229+0000] {processor.py:826} INFO - Processing file /workspaces/hands-on-introduction-data-engineering-4395021/airflow/dags/transform_dag.py for tasks to queue
[2025-07-08T09:21:45.230+0000] {logging_mixin.py:150} INFO - [2025-07-08T09:21:45.229+0000] {dagbag.py:541} INFO - Filling up the DagBag from /workspaces/hands-on-introduction-data-engineering-4395021/airflow/dags/transform_dag.py
[2025-07-08T09:21:45.234+0000] {logging_mixin.py:150} INFO - [2025-07-08T09:21:45.233+0000] {dagbag.py:350} ERROR - Failed to import: /workspaces/hands-on-introduction-data-engineering-4395021/airflow/dags/transform_dag.py
Traceback (most recent call last):
  File "/home/vscode/.local/lib/python3.10/site-packages/airflow/models/dagbag.py", line 346, in parse
    loader.exec_module(new_module)
  File "<frozen importlib._bootstrap_external>", line 879, in exec_module
  File "<frozen importlib._bootstrap_external>", line 1017, in get_code
  File "<frozen importlib._bootstrap_external>", line 947, in source_to_code
  File "<frozen importlib._bootstrap>", line 241, in _call_with_frames_removed
  File "/workspaces/hands-on-introduction-data-engineering-4395021/airflow/dags/transform_dag.py", line 16
    sector_counts.columns = 
                            ^
SyntaxError: invalid syntax
[2025-07-08T09:21:45.234+0000] {processor.py:838} WARNING - No viable dags retrieved from /workspaces/hands-on-introduction-data-engineering-4395021/airflow/dags/transform_dag.py
[2025-07-08T09:21:45.254+0000] {processor.py:179} INFO - Processing /workspaces/hands-on-introduction-data-engineering-4395021/airflow/dags/transform_dag.py took 0.030 seconds
[2025-07-08T09:22:05.831+0000] {processor.py:157} INFO - Started process (PID=23089) to work on /workspaces/hands-on-introduction-data-engineering-4395021/airflow/dags/transform_dag.py
[2025-07-08T09:22:05.835+0000] {processor.py:826} INFO - Processing file /workspaces/hands-on-introduction-data-engineering-4395021/airflow/dags/transform_dag.py for tasks to queue
[2025-07-08T09:22:05.836+0000] {logging_mixin.py:150} INFO - [2025-07-08T09:22:05.836+0000] {dagbag.py:541} INFO - Filling up the DagBag from /workspaces/hands-on-introduction-data-engineering-4395021/airflow/dags/transform_dag.py
[2025-07-08T09:22:05.848+0000] {logging_mixin.py:150} INFO - [2025-07-08T09:22:05.846+0000] {dagbag.py:350} ERROR - Failed to import: /workspaces/hands-on-introduction-data-engineering-4395021/airflow/dags/transform_dag.py
Traceback (most recent call last):
  File "/home/vscode/.local/lib/python3.10/site-packages/airflow/models/dagbag.py", line 346, in parse
    loader.exec_module(new_module)
  File "<frozen importlib._bootstrap_external>", line 883, in exec_module
  File "<frozen importlib._bootstrap>", line 241, in _call_with_frames_removed
  File "/workspaces/hands-on-introduction-data-engineering-4395021/airflow/dags/transform_dag.py", line 2, in <module>
    import pandas as pd
ModuleNotFoundError: No module named 'pandas'
[2025-07-08T09:22:05.848+0000] {processor.py:838} WARNING - No viable dags retrieved from /workspaces/hands-on-introduction-data-engineering-4395021/airflow/dags/transform_dag.py
[2025-07-08T09:22:05.889+0000] {processor.py:179} INFO - Processing /workspaces/hands-on-introduction-data-engineering-4395021/airflow/dags/transform_dag.py took 0.061 seconds
[2025-07-08T09:22:26.505+0000] {processor.py:157} INFO - Started process (PID=23244) to work on /workspaces/hands-on-introduction-data-engineering-4395021/airflow/dags/transform_dag.py
[2025-07-08T09:22:26.505+0000] {processor.py:826} INFO - Processing file /workspaces/hands-on-introduction-data-engineering-4395021/airflow/dags/transform_dag.py for tasks to queue
[2025-07-08T09:22:26.506+0000] {logging_mixin.py:150} INFO - [2025-07-08T09:22:26.506+0000] {dagbag.py:541} INFO - Filling up the DagBag from /workspaces/hands-on-introduction-data-engineering-4395021/airflow/dags/transform_dag.py
[2025-07-08T09:22:26.509+0000] {logging_mixin.py:150} INFO - [2025-07-08T09:22:26.509+0000] {dagbag.py:350} ERROR - Failed to import: /workspaces/hands-on-introduction-data-engineering-4395021/airflow/dags/transform_dag.py
Traceback (most recent call last):
  File "/home/vscode/.local/lib/python3.10/site-packages/airflow/models/dagbag.py", line 346, in parse
    loader.exec_module(new_module)
  File "<frozen importlib._bootstrap_external>", line 883, in exec_module
  File "<frozen importlib._bootstrap>", line 241, in _call_with_frames_removed
  File "/workspaces/hands-on-introduction-data-engineering-4395021/airflow/dags/transform_dag.py", line 2, in <module>
    import pandas as pd
ModuleNotFoundError: No module named 'pandas'
[2025-07-08T09:22:26.510+0000] {processor.py:838} WARNING - No viable dags retrieved from /workspaces/hands-on-introduction-data-engineering-4395021/airflow/dags/transform_dag.py
[2025-07-08T09:22:26.524+0000] {processor.py:179} INFO - Processing /workspaces/hands-on-introduction-data-engineering-4395021/airflow/dags/transform_dag.py took 0.021 seconds
[2025-07-08T09:22:44.769+0000] {processor.py:157} INFO - Started process (PID=23381) to work on /workspaces/hands-on-introduction-data-engineering-4395021/airflow/dags/transform_dag.py
[2025-07-08T09:22:44.770+0000] {processor.py:826} INFO - Processing file /workspaces/hands-on-introduction-data-engineering-4395021/airflow/dags/transform_dag.py for tasks to queue
[2025-07-08T09:22:44.770+0000] {logging_mixin.py:150} INFO - [2025-07-08T09:22:44.770+0000] {dagbag.py:541} INFO - Filling up the DagBag from /workspaces/hands-on-introduction-data-engineering-4395021/airflow/dags/transform_dag.py
[2025-07-08T09:22:44.773+0000] {logging_mixin.py:150} INFO - [2025-07-08T09:22:44.773+0000] {dagbag.py:350} ERROR - Failed to import: /workspaces/hands-on-introduction-data-engineering-4395021/airflow/dags/transform_dag.py
Traceback (most recent call last):
  File "/home/vscode/.local/lib/python3.10/site-packages/airflow/models/dagbag.py", line 346, in parse
    loader.exec_module(new_module)
  File "<frozen importlib._bootstrap_external>", line 883, in exec_module
  File "<frozen importlib._bootstrap>", line 241, in _call_with_frames_removed
  File "/workspaces/hands-on-introduction-data-engineering-4395021/airflow/dags/transform_dag.py", line 2, in <module>
    import pandas as pd
ModuleNotFoundError: No module named 'pandas'
[2025-07-08T09:22:44.774+0000] {processor.py:838} WARNING - No viable dags retrieved from /workspaces/hands-on-introduction-data-engineering-4395021/airflow/dags/transform_dag.py
[2025-07-08T09:22:44.787+0000] {processor.py:179} INFO - Processing /workspaces/hands-on-introduction-data-engineering-4395021/airflow/dags/transform_dag.py took 0.020 seconds
[2025-07-08T09:23:02.182+0000] {processor.py:157} INFO - Started process (PID=23516) to work on /workspaces/hands-on-introduction-data-engineering-4395021/airflow/dags/transform_dag.py
[2025-07-08T09:23:02.183+0000] {processor.py:826} INFO - Processing file /workspaces/hands-on-introduction-data-engineering-4395021/airflow/dags/transform_dag.py for tasks to queue
[2025-07-08T09:23:02.184+0000] {logging_mixin.py:150} INFO - [2025-07-08T09:23:02.183+0000] {dagbag.py:541} INFO - Filling up the DagBag from /workspaces/hands-on-introduction-data-engineering-4395021/airflow/dags/transform_dag.py
[2025-07-08T09:23:02.190+0000] {logging_mixin.py:150} INFO - [2025-07-08T09:23:02.189+0000] {dagbag.py:350} ERROR - Failed to import: /workspaces/hands-on-introduction-data-engineering-4395021/airflow/dags/transform_dag.py
Traceback (most recent call last):
  File "/home/vscode/.local/lib/python3.10/site-packages/airflow/models/dagbag.py", line 346, in parse
    loader.exec_module(new_module)
  File "<frozen importlib._bootstrap_external>", line 883, in exec_module
  File "<frozen importlib._bootstrap>", line 241, in _call_with_frames_removed
  File "/workspaces/hands-on-introduction-data-engineering-4395021/airflow/dags/transform_dag.py", line 2, in <module>
    import pandas as pd
ModuleNotFoundError: No module named 'pandas'
[2025-07-08T09:23:02.190+0000] {processor.py:838} WARNING - No viable dags retrieved from /workspaces/hands-on-introduction-data-engineering-4395021/airflow/dags/transform_dag.py
[2025-07-08T09:23:02.212+0000] {processor.py:179} INFO - Processing /workspaces/hands-on-introduction-data-engineering-4395021/airflow/dags/transform_dag.py took 0.033 seconds
[2025-07-08T09:23:23.185+0000] {processor.py:157} INFO - Started process (PID=23677) to work on /workspaces/hands-on-introduction-data-engineering-4395021/airflow/dags/transform_dag.py
[2025-07-08T09:23:23.186+0000] {processor.py:826} INFO - Processing file /workspaces/hands-on-introduction-data-engineering-4395021/airflow/dags/transform_dag.py for tasks to queue
[2025-07-08T09:23:23.186+0000] {logging_mixin.py:150} INFO - [2025-07-08T09:23:23.186+0000] {dagbag.py:541} INFO - Filling up the DagBag from /workspaces/hands-on-introduction-data-engineering-4395021/airflow/dags/transform_dag.py
[2025-07-08T09:23:23.190+0000] {logging_mixin.py:150} INFO - [2025-07-08T09:23:23.189+0000] {dagbag.py:350} ERROR - Failed to import: /workspaces/hands-on-introduction-data-engineering-4395021/airflow/dags/transform_dag.py
Traceback (most recent call last):
  File "/home/vscode/.local/lib/python3.10/site-packages/airflow/models/dagbag.py", line 346, in parse
    loader.exec_module(new_module)
  File "<frozen importlib._bootstrap_external>", line 883, in exec_module
  File "<frozen importlib._bootstrap>", line 241, in _call_with_frames_removed
  File "/workspaces/hands-on-introduction-data-engineering-4395021/airflow/dags/transform_dag.py", line 2, in <module>
    import pandas as pd
ModuleNotFoundError: No module named 'pandas'
[2025-07-08T09:23:23.190+0000] {processor.py:838} WARNING - No viable dags retrieved from /workspaces/hands-on-introduction-data-engineering-4395021/airflow/dags/transform_dag.py
[2025-07-08T09:23:23.204+0000] {processor.py:179} INFO - Processing /workspaces/hands-on-introduction-data-engineering-4395021/airflow/dags/transform_dag.py took 0.021 seconds
[2025-07-08T09:23:42.595+0000] {processor.py:157} INFO - Started process (PID=23817) to work on /workspaces/hands-on-introduction-data-engineering-4395021/airflow/dags/transform_dag.py
[2025-07-08T09:23:42.595+0000] {processor.py:826} INFO - Processing file /workspaces/hands-on-introduction-data-engineering-4395021/airflow/dags/transform_dag.py for tasks to queue
[2025-07-08T09:23:42.596+0000] {logging_mixin.py:150} INFO - [2025-07-08T09:23:42.596+0000] {dagbag.py:541} INFO - Filling up the DagBag from /workspaces/hands-on-introduction-data-engineering-4395021/airflow/dags/transform_dag.py
[2025-07-08T09:23:42.601+0000] {logging_mixin.py:150} INFO - [2025-07-08T09:23:42.600+0000] {dagbag.py:350} ERROR - Failed to import: /workspaces/hands-on-introduction-data-engineering-4395021/airflow/dags/transform_dag.py
Traceback (most recent call last):
  File "/home/vscode/.local/lib/python3.10/site-packages/airflow/models/dagbag.py", line 346, in parse
    loader.exec_module(new_module)
  File "<frozen importlib._bootstrap_external>", line 883, in exec_module
  File "<frozen importlib._bootstrap>", line 241, in _call_with_frames_removed
  File "/workspaces/hands-on-introduction-data-engineering-4395021/airflow/dags/transform_dag.py", line 2, in <module>
    import pandas as pd
ModuleNotFoundError: No module named 'pandas'
[2025-07-08T09:23:42.601+0000] {processor.py:838} WARNING - No viable dags retrieved from /workspaces/hands-on-introduction-data-engineering-4395021/airflow/dags/transform_dag.py
[2025-07-08T09:23:42.621+0000] {processor.py:179} INFO - Processing /workspaces/hands-on-introduction-data-engineering-4395021/airflow/dags/transform_dag.py took 0.029 seconds
[2025-07-08T09:24:03.907+0000] {processor.py:157} INFO - Started process (PID=23982) to work on /workspaces/hands-on-introduction-data-engineering-4395021/airflow/dags/transform_dag.py
[2025-07-08T09:24:03.911+0000] {processor.py:826} INFO - Processing file /workspaces/hands-on-introduction-data-engineering-4395021/airflow/dags/transform_dag.py for tasks to queue
[2025-07-08T09:24:03.912+0000] {logging_mixin.py:150} INFO - [2025-07-08T09:24:03.911+0000] {dagbag.py:541} INFO - Filling up the DagBag from /workspaces/hands-on-introduction-data-engineering-4395021/airflow/dags/transform_dag.py
[2025-07-08T09:24:03.917+0000] {logging_mixin.py:150} INFO - [2025-07-08T09:24:03.916+0000] {dagbag.py:350} ERROR - Failed to import: /workspaces/hands-on-introduction-data-engineering-4395021/airflow/dags/transform_dag.py
Traceback (most recent call last):
  File "/home/vscode/.local/lib/python3.10/site-packages/airflow/models/dagbag.py", line 346, in parse
    loader.exec_module(new_module)
  File "<frozen importlib._bootstrap_external>", line 883, in exec_module
  File "<frozen importlib._bootstrap>", line 241, in _call_with_frames_removed
  File "/workspaces/hands-on-introduction-data-engineering-4395021/airflow/dags/transform_dag.py", line 2, in <module>
    import pandas as pd
ModuleNotFoundError: No module named 'pandas'
[2025-07-08T09:24:03.918+0000] {processor.py:838} WARNING - No viable dags retrieved from /workspaces/hands-on-introduction-data-engineering-4395021/airflow/dags/transform_dag.py
[2025-07-08T09:24:03.936+0000] {processor.py:179} INFO - Processing /workspaces/hands-on-introduction-data-engineering-4395021/airflow/dags/transform_dag.py took 0.037 seconds
[2025-07-08T09:24:25.795+0000] {processor.py:157} INFO - Started process (PID=24138) to work on /workspaces/hands-on-introduction-data-engineering-4395021/airflow/dags/transform_dag.py
[2025-07-08T09:24:25.796+0000] {processor.py:826} INFO - Processing file /workspaces/hands-on-introduction-data-engineering-4395021/airflow/dags/transform_dag.py for tasks to queue
[2025-07-08T09:24:25.796+0000] {logging_mixin.py:150} INFO - [2025-07-08T09:24:25.796+0000] {dagbag.py:541} INFO - Filling up the DagBag from /workspaces/hands-on-introduction-data-engineering-4395021/airflow/dags/transform_dag.py
[2025-07-08T09:24:25.800+0000] {logging_mixin.py:150} INFO - [2025-07-08T09:24:25.799+0000] {dagbag.py:350} ERROR - Failed to import: /workspaces/hands-on-introduction-data-engineering-4395021/airflow/dags/transform_dag.py
Traceback (most recent call last):
  File "/home/vscode/.local/lib/python3.10/site-packages/airflow/models/dagbag.py", line 346, in parse
    loader.exec_module(new_module)
  File "<frozen importlib._bootstrap_external>", line 883, in exec_module
  File "<frozen importlib._bootstrap>", line 241, in _call_with_frames_removed
  File "/workspaces/hands-on-introduction-data-engineering-4395021/airflow/dags/transform_dag.py", line 2, in <module>
    import pandas as pd
ModuleNotFoundError: No module named 'pandas'
[2025-07-08T09:24:25.800+0000] {processor.py:838} WARNING - No viable dags retrieved from /workspaces/hands-on-introduction-data-engineering-4395021/airflow/dags/transform_dag.py
[2025-07-08T09:24:25.814+0000] {processor.py:179} INFO - Processing /workspaces/hands-on-introduction-data-engineering-4395021/airflow/dags/transform_dag.py took 0.021 seconds
[2025-07-08T09:24:48.003+0000] {processor.py:157} INFO - Started process (PID=24304) to work on /workspaces/hands-on-introduction-data-engineering-4395021/airflow/dags/transform_dag.py
[2025-07-08T09:24:48.008+0000] {processor.py:826} INFO - Processing file /workspaces/hands-on-introduction-data-engineering-4395021/airflow/dags/transform_dag.py for tasks to queue
[2025-07-08T09:24:48.009+0000] {logging_mixin.py:150} INFO - [2025-07-08T09:24:48.008+0000] {dagbag.py:541} INFO - Filling up the DagBag from /workspaces/hands-on-introduction-data-engineering-4395021/airflow/dags/transform_dag.py
[2025-07-08T09:24:48.020+0000] {logging_mixin.py:150} INFO - [2025-07-08T09:24:48.015+0000] {dagbag.py:350} ERROR - Failed to import: /workspaces/hands-on-introduction-data-engineering-4395021/airflow/dags/transform_dag.py
Traceback (most recent call last):
  File "/home/vscode/.local/lib/python3.10/site-packages/airflow/models/dagbag.py", line 346, in parse
    loader.exec_module(new_module)
  File "<frozen importlib._bootstrap_external>", line 879, in exec_module
  File "<frozen importlib._bootstrap_external>", line 1017, in get_code
  File "<frozen importlib._bootstrap_external>", line 947, in source_to_code
  File "<frozen importlib._bootstrap>", line 241, in _call_with_frames_removed
  File "/workspaces/hands-on-introduction-data-engineering-4395021/airflow/dags/transform_dag.py", line 23
    )
    ^
SyntaxError: invalid syntax
[2025-07-08T09:24:48.021+0000] {processor.py:838} WARNING - No viable dags retrieved from /workspaces/hands-on-introduction-data-engineering-4395021/airflow/dags/transform_dag.py
[2025-07-08T09:24:48.105+0000] {processor.py:179} INFO - Processing /workspaces/hands-on-introduction-data-engineering-4395021/airflow/dags/transform_dag.py took 0.124 seconds
[2025-07-08T09:25:08.203+0000] {processor.py:157} INFO - Started process (PID=24443) to work on /workspaces/hands-on-introduction-data-engineering-4395021/airflow/dags/transform_dag.py
[2025-07-08T09:25:08.204+0000] {processor.py:826} INFO - Processing file /workspaces/hands-on-introduction-data-engineering-4395021/airflow/dags/transform_dag.py for tasks to queue
[2025-07-08T09:25:08.204+0000] {logging_mixin.py:150} INFO - [2025-07-08T09:25:08.204+0000] {dagbag.py:541} INFO - Filling up the DagBag from /workspaces/hands-on-introduction-data-engineering-4395021/airflow/dags/transform_dag.py
[2025-07-08T09:25:08.208+0000] {logging_mixin.py:150} INFO - [2025-07-08T09:25:08.207+0000] {dagbag.py:350} ERROR - Failed to import: /workspaces/hands-on-introduction-data-engineering-4395021/airflow/dags/transform_dag.py
Traceback (most recent call last):
  File "/home/vscode/.local/lib/python3.10/site-packages/airflow/models/dagbag.py", line 346, in parse
    loader.exec_module(new_module)
  File "<frozen importlib._bootstrap_external>", line 883, in exec_module
  File "<frozen importlib._bootstrap>", line 241, in _call_with_frames_removed
  File "/workspaces/hands-on-introduction-data-engineering-4395021/airflow/dags/transform_dag.py", line 2, in <module>
    import pandas as pd
ModuleNotFoundError: No module named 'pandas'
[2025-07-08T09:25:08.208+0000] {processor.py:838} WARNING - No viable dags retrieved from /workspaces/hands-on-introduction-data-engineering-4395021/airflow/dags/transform_dag.py
[2025-07-08T09:25:08.223+0000] {processor.py:179} INFO - Processing /workspaces/hands-on-introduction-data-engineering-4395021/airflow/dags/transform_dag.py took 0.022 seconds
[2025-07-08T09:25:27.493+0000] {processor.py:157} INFO - Started process (PID=24583) to work on /workspaces/hands-on-introduction-data-engineering-4395021/airflow/dags/transform_dag.py
[2025-07-08T09:25:27.494+0000] {processor.py:826} INFO - Processing file /workspaces/hands-on-introduction-data-engineering-4395021/airflow/dags/transform_dag.py for tasks to queue
[2025-07-08T09:25:27.495+0000] {logging_mixin.py:150} INFO - [2025-07-08T09:25:27.495+0000] {dagbag.py:541} INFO - Filling up the DagBag from /workspaces/hands-on-introduction-data-engineering-4395021/airflow/dags/transform_dag.py
[2025-07-08T09:25:27.498+0000] {logging_mixin.py:150} INFO - [2025-07-08T09:25:27.498+0000] {dagbag.py:350} ERROR - Failed to import: /workspaces/hands-on-introduction-data-engineering-4395021/airflow/dags/transform_dag.py
Traceback (most recent call last):
  File "/home/vscode/.local/lib/python3.10/site-packages/airflow/models/dagbag.py", line 346, in parse
    loader.exec_module(new_module)
  File "<frozen importlib._bootstrap_external>", line 883, in exec_module
  File "<frozen importlib._bootstrap>", line 241, in _call_with_frames_removed
  File "/workspaces/hands-on-introduction-data-engineering-4395021/airflow/dags/transform_dag.py", line 2, in <module>
    import pandas as pd
ModuleNotFoundError: No module named 'pandas'
[2025-07-08T09:25:27.499+0000] {processor.py:838} WARNING - No viable dags retrieved from /workspaces/hands-on-introduction-data-engineering-4395021/airflow/dags/transform_dag.py
[2025-07-08T09:25:27.514+0000] {processor.py:179} INFO - Processing /workspaces/hands-on-introduction-data-engineering-4395021/airflow/dags/transform_dag.py took 0.023 seconds
[2025-07-08T09:26:04.960+0000] {processor.py:157} INFO - Started process (PID=24837) to work on /workspaces/hands-on-introduction-data-engineering-4395021/airflow/dags/transform_dag.py
[2025-07-08T09:26:04.961+0000] {processor.py:826} INFO - Processing file /workspaces/hands-on-introduction-data-engineering-4395021/airflow/dags/transform_dag.py for tasks to queue
[2025-07-08T09:26:04.961+0000] {logging_mixin.py:150} INFO - [2025-07-08T09:26:04.961+0000] {dagbag.py:541} INFO - Filling up the DagBag from /workspaces/hands-on-introduction-data-engineering-4395021/airflow/dags/transform_dag.py
[2025-07-08T09:26:04.964+0000] {logging_mixin.py:150} INFO - [2025-07-08T09:26:04.963+0000] {dagbag.py:350} ERROR - Failed to import: /workspaces/hands-on-introduction-data-engineering-4395021/airflow/dags/transform_dag.py
Traceback (most recent call last):
  File "/home/vscode/.local/lib/python3.10/site-packages/airflow/models/dagbag.py", line 346, in parse
    loader.exec_module(new_module)
  File "<frozen importlib._bootstrap_external>", line 883, in exec_module
  File "<frozen importlib._bootstrap>", line 241, in _call_with_frames_removed
  File "/workspaces/hands-on-introduction-data-engineering-4395021/airflow/dags/transform_dag.py", line 2, in <module>
    import pandas as pd
ModuleNotFoundError: No module named 'pandas'
[2025-07-08T09:26:04.964+0000] {processor.py:838} WARNING - No viable dags retrieved from /workspaces/hands-on-introduction-data-engineering-4395021/airflow/dags/transform_dag.py
[2025-07-08T09:26:04.977+0000] {processor.py:179} INFO - Processing /workspaces/hands-on-introduction-data-engineering-4395021/airflow/dags/transform_dag.py took 0.019 seconds
[2025-07-08T09:26:42.411+0000] {processor.py:157} INFO - Started process (PID=25115) to work on /workspaces/hands-on-introduction-data-engineering-4395021/airflow/dags/transform_dag.py
[2025-07-08T09:26:42.412+0000] {processor.py:826} INFO - Processing file /workspaces/hands-on-introduction-data-engineering-4395021/airflow/dags/transform_dag.py for tasks to queue
[2025-07-08T09:26:42.413+0000] {logging_mixin.py:150} INFO - [2025-07-08T09:26:42.412+0000] {dagbag.py:541} INFO - Filling up the DagBag from /workspaces/hands-on-introduction-data-engineering-4395021/airflow/dags/transform_dag.py
[2025-07-08T09:26:42.416+0000] {logging_mixin.py:150} INFO - [2025-07-08T09:26:42.415+0000] {dagbag.py:350} ERROR - Failed to import: /workspaces/hands-on-introduction-data-engineering-4395021/airflow/dags/transform_dag.py
Traceback (most recent call last):
  File "/home/vscode/.local/lib/python3.10/site-packages/airflow/models/dagbag.py", line 346, in parse
    loader.exec_module(new_module)
  File "<frozen importlib._bootstrap_external>", line 883, in exec_module
  File "<frozen importlib._bootstrap>", line 241, in _call_with_frames_removed
  File "/workspaces/hands-on-introduction-data-engineering-4395021/airflow/dags/transform_dag.py", line 2, in <module>
    import pandas as pd
ModuleNotFoundError: No module named 'pandas'
[2025-07-08T09:26:42.416+0000] {processor.py:838} WARNING - No viable dags retrieved from /workspaces/hands-on-introduction-data-engineering-4395021/airflow/dags/transform_dag.py
[2025-07-08T09:26:42.430+0000] {processor.py:179} INFO - Processing /workspaces/hands-on-introduction-data-engineering-4395021/airflow/dags/transform_dag.py took 0.021 seconds
[2025-07-08T09:27:29.417+0000] {processor.py:157} INFO - Started process (PID=25552) to work on /workspaces/hands-on-introduction-data-engineering-4395021/airflow/dags/transform_dag.py
[2025-07-08T09:27:29.418+0000] {processor.py:826} INFO - Processing file /workspaces/hands-on-introduction-data-engineering-4395021/airflow/dags/transform_dag.py for tasks to queue
[2025-07-08T09:27:29.419+0000] {logging_mixin.py:150} INFO - [2025-07-08T09:27:29.418+0000] {dagbag.py:541} INFO - Filling up the DagBag from /workspaces/hands-on-introduction-data-engineering-4395021/airflow/dags/transform_dag.py
[2025-07-08T09:27:29.793+0000] {processor.py:836} INFO - DAG(s) dict_keys(['transform_dag']) retrieved from /workspaces/hands-on-introduction-data-engineering-4395021/airflow/dags/transform_dag.py
[2025-07-08T09:27:29.865+0000] {logging_mixin.py:150} INFO - [2025-07-08T09:27:29.864+0000] {manager.py:504} INFO - Created Permission View: can read on DAG:transform_dag
[2025-07-08T09:27:29.874+0000] {logging_mixin.py:150} INFO - [2025-07-08T09:27:29.874+0000] {manager.py:504} INFO - Created Permission View: can edit on DAG:transform_dag
[2025-07-08T09:27:29.881+0000] {logging_mixin.py:150} INFO - [2025-07-08T09:27:29.880+0000] {manager.py:504} INFO - Created Permission View: can delete on DAG:transform_dag
[2025-07-08T09:27:29.888+0000] {logging_mixin.py:150} INFO - [2025-07-08T09:27:29.888+0000] {dag.py:2742} INFO - Sync 1 DAGs
[2025-07-08T09:27:29.895+0000] {logging_mixin.py:150} INFO - [2025-07-08T09:27:29.894+0000] {dag.py:2763} INFO - Creating ORM DAG for transform_dag
[2025-07-08T09:27:29.903+0000] {logging_mixin.py:150} INFO - [2025-07-08T09:27:29.903+0000] {dag.py:3504} INFO - Setting next_dagrun for transform_dag to None, run_after=None
[2025-07-08T09:27:29.926+0000] {processor.py:179} INFO - Processing /workspaces/hands-on-introduction-data-engineering-4395021/airflow/dags/transform_dag.py took 0.511 seconds
[2025-07-08T09:28:11.087+0000] {processor.py:157} INFO - Started process (PID=25868) to work on /workspaces/hands-on-introduction-data-engineering-4395021/airflow/dags/transform_dag.py
[2025-07-08T09:28:11.087+0000] {processor.py:826} INFO - Processing file /workspaces/hands-on-introduction-data-engineering-4395021/airflow/dags/transform_dag.py for tasks to queue
[2025-07-08T09:28:11.088+0000] {logging_mixin.py:150} INFO - [2025-07-08T09:28:11.088+0000] {dagbag.py:541} INFO - Filling up the DagBag from /workspaces/hands-on-introduction-data-engineering-4395021/airflow/dags/transform_dag.py
[2025-07-08T09:28:11.380+0000] {processor.py:836} INFO - DAG(s) dict_keys(['transform_dag']) retrieved from /workspaces/hands-on-introduction-data-engineering-4395021/airflow/dags/transform_dag.py
[2025-07-08T09:28:11.390+0000] {logging_mixin.py:150} INFO - [2025-07-08T09:28:11.390+0000] {dag.py:2742} INFO - Sync 1 DAGs
[2025-07-08T09:28:11.510+0000] {logging_mixin.py:150} INFO - [2025-07-08T09:28:11.510+0000] {dag.py:3504} INFO - Setting next_dagrun for transform_dag to None, run_after=None
[2025-07-08T09:28:11.526+0000] {processor.py:179} INFO - Processing /workspaces/hands-on-introduction-data-engineering-4395021/airflow/dags/transform_dag.py took 0.442 seconds
[2025-07-08T09:28:49.888+0000] {processor.py:157} INFO - Started process (PID=26146) to work on /workspaces/hands-on-introduction-data-engineering-4395021/airflow/dags/transform_dag.py
[2025-07-08T09:28:49.889+0000] {processor.py:826} INFO - Processing file /workspaces/hands-on-introduction-data-engineering-4395021/airflow/dags/transform_dag.py for tasks to queue
[2025-07-08T09:28:49.890+0000] {logging_mixin.py:150} INFO - [2025-07-08T09:28:49.889+0000] {dagbag.py:541} INFO - Filling up the DagBag from /workspaces/hands-on-introduction-data-engineering-4395021/airflow/dags/transform_dag.py
[2025-07-08T09:28:50.259+0000] {processor.py:836} INFO - DAG(s) dict_keys(['transform_dag']) retrieved from /workspaces/hands-on-introduction-data-engineering-4395021/airflow/dags/transform_dag.py
[2025-07-08T09:28:50.267+0000] {logging_mixin.py:150} INFO - [2025-07-08T09:28:50.266+0000] {dag.py:2742} INFO - Sync 1 DAGs
[2025-07-08T09:28:50.280+0000] {logging_mixin.py:150} INFO - [2025-07-08T09:28:50.279+0000] {dag.py:3504} INFO - Setting next_dagrun for transform_dag to None, run_after=None
[2025-07-08T09:28:50.296+0000] {processor.py:179} INFO - Processing /workspaces/hands-on-introduction-data-engineering-4395021/airflow/dags/transform_dag.py took 0.410 seconds
[2025-07-08T09:29:24.734+0000] {processor.py:157} INFO - Started process (PID=26401) to work on /workspaces/hands-on-introduction-data-engineering-4395021/airflow/dags/transform_dag.py
[2025-07-08T09:29:24.735+0000] {processor.py:826} INFO - Processing file /workspaces/hands-on-introduction-data-engineering-4395021/airflow/dags/transform_dag.py for tasks to queue
[2025-07-08T09:29:24.736+0000] {logging_mixin.py:150} INFO - [2025-07-08T09:29:24.736+0000] {dagbag.py:541} INFO - Filling up the DagBag from /workspaces/hands-on-introduction-data-engineering-4395021/airflow/dags/transform_dag.py
[2025-07-08T09:29:25.119+0000] {processor.py:836} INFO - DAG(s) dict_keys(['transform_dag']) retrieved from /workspaces/hands-on-introduction-data-engineering-4395021/airflow/dags/transform_dag.py
[2025-07-08T09:29:25.127+0000] {logging_mixin.py:150} INFO - [2025-07-08T09:29:25.127+0000] {dag.py:2742} INFO - Sync 1 DAGs
[2025-07-08T09:29:25.142+0000] {logging_mixin.py:150} INFO - [2025-07-08T09:29:25.141+0000] {dag.py:3504} INFO - Setting next_dagrun for transform_dag to None, run_after=None
[2025-07-08T09:29:25.156+0000] {processor.py:179} INFO - Processing /workspaces/hands-on-introduction-data-engineering-4395021/airflow/dags/transform_dag.py took 0.425 seconds
[2025-07-08T09:30:01.109+0000] {processor.py:157} INFO - Started process (PID=26672) to work on /workspaces/hands-on-introduction-data-engineering-4395021/airflow/dags/transform_dag.py
[2025-07-08T09:30:01.110+0000] {processor.py:826} INFO - Processing file /workspaces/hands-on-introduction-data-engineering-4395021/airflow/dags/transform_dag.py for tasks to queue
[2025-07-08T09:30:01.111+0000] {logging_mixin.py:150} INFO - [2025-07-08T09:30:01.111+0000] {dagbag.py:541} INFO - Filling up the DagBag from /workspaces/hands-on-introduction-data-engineering-4395021/airflow/dags/transform_dag.py
[2025-07-08T09:30:01.685+0000] {processor.py:836} INFO - DAG(s) dict_keys(['transform_dag']) retrieved from /workspaces/hands-on-introduction-data-engineering-4395021/airflow/dags/transform_dag.py
[2025-07-08T09:30:01.695+0000] {logging_mixin.py:150} INFO - [2025-07-08T09:30:01.694+0000] {dag.py:2742} INFO - Sync 1 DAGs
[2025-07-08T09:30:01.712+0000] {logging_mixin.py:150} INFO - [2025-07-08T09:30:01.712+0000] {dag.py:3504} INFO - Setting next_dagrun for transform_dag to None, run_after=None
[2025-07-08T09:30:01.729+0000] {processor.py:179} INFO - Processing /workspaces/hands-on-introduction-data-engineering-4395021/airflow/dags/transform_dag.py took 0.632 seconds
[2025-07-08T09:30:52.467+0000] {processor.py:157} INFO - Started process (PID=27068) to work on /workspaces/hands-on-introduction-data-engineering-4395021/airflow/dags/transform_dag.py
[2025-07-08T09:30:52.471+0000] {processor.py:826} INFO - Processing file /workspaces/hands-on-introduction-data-engineering-4395021/airflow/dags/transform_dag.py for tasks to queue
[2025-07-08T09:30:52.472+0000] {logging_mixin.py:150} INFO - [2025-07-08T09:30:52.472+0000] {dagbag.py:541} INFO - Filling up the DagBag from /workspaces/hands-on-introduction-data-engineering-4395021/airflow/dags/transform_dag.py
[2025-07-08T09:30:53.137+0000] {processor.py:836} INFO - DAG(s) dict_keys(['transform_dag']) retrieved from /workspaces/hands-on-introduction-data-engineering-4395021/airflow/dags/transform_dag.py
[2025-07-08T09:30:53.153+0000] {logging_mixin.py:150} INFO - [2025-07-08T09:30:53.152+0000] {dag.py:2742} INFO - Sync 1 DAGs
[2025-07-08T09:30:53.183+0000] {logging_mixin.py:150} INFO - [2025-07-08T09:30:53.183+0000] {dag.py:3504} INFO - Setting next_dagrun for transform_dag to None, run_after=None
[2025-07-08T09:30:53.226+0000] {processor.py:179} INFO - Processing /workspaces/hands-on-introduction-data-engineering-4395021/airflow/dags/transform_dag.py took 0.767 seconds
[2025-07-08T09:31:41.414+0000] {processor.py:157} INFO - Started process (PID=27417) to work on /workspaces/hands-on-introduction-data-engineering-4395021/airflow/dags/transform_dag.py
[2025-07-08T09:31:41.417+0000] {processor.py:826} INFO - Processing file /workspaces/hands-on-introduction-data-engineering-4395021/airflow/dags/transform_dag.py for tasks to queue
[2025-07-08T09:31:41.418+0000] {logging_mixin.py:150} INFO - [2025-07-08T09:31:41.418+0000] {dagbag.py:541} INFO - Filling up the DagBag from /workspaces/hands-on-introduction-data-engineering-4395021/airflow/dags/transform_dag.py
[2025-07-08T09:31:42.262+0000] {processor.py:836} INFO - DAG(s) dict_keys(['transform_dag']) retrieved from /workspaces/hands-on-introduction-data-engineering-4395021/airflow/dags/transform_dag.py
[2025-07-08T09:31:42.292+0000] {logging_mixin.py:150} INFO - [2025-07-08T09:31:42.292+0000] {dag.py:2742} INFO - Sync 1 DAGs
[2025-07-08T09:31:42.314+0000] {logging_mixin.py:150} INFO - [2025-07-08T09:31:42.314+0000] {dag.py:3504} INFO - Setting next_dagrun for transform_dag to None, run_after=None
[2025-07-08T09:31:42.335+0000] {processor.py:179} INFO - Processing /workspaces/hands-on-introduction-data-engineering-4395021/airflow/dags/transform_dag.py took 0.943 seconds
[2025-07-08T09:32:29.912+0000] {processor.py:157} INFO - Started process (PID=27785) to work on /workspaces/hands-on-introduction-data-engineering-4395021/airflow/dags/transform_dag.py
[2025-07-08T09:32:29.913+0000] {processor.py:826} INFO - Processing file /workspaces/hands-on-introduction-data-engineering-4395021/airflow/dags/transform_dag.py for tasks to queue
[2025-07-08T09:32:29.913+0000] {logging_mixin.py:150} INFO - [2025-07-08T09:32:29.913+0000] {dagbag.py:541} INFO - Filling up the DagBag from /workspaces/hands-on-introduction-data-engineering-4395021/airflow/dags/transform_dag.py
[2025-07-08T09:32:30.287+0000] {processor.py:836} INFO - DAG(s) dict_keys(['transform_dag']) retrieved from /workspaces/hands-on-introduction-data-engineering-4395021/airflow/dags/transform_dag.py
[2025-07-08T09:32:30.296+0000] {logging_mixin.py:150} INFO - [2025-07-08T09:32:30.296+0000] {dag.py:2742} INFO - Sync 1 DAGs
[2025-07-08T09:32:30.311+0000] {logging_mixin.py:150} INFO - [2025-07-08T09:32:30.311+0000] {dag.py:3504} INFO - Setting next_dagrun for transform_dag to None, run_after=None
[2025-07-08T09:32:30.326+0000] {processor.py:179} INFO - Processing /workspaces/hands-on-introduction-data-engineering-4395021/airflow/dags/transform_dag.py took 0.416 seconds
[2025-07-08T09:33:13.194+0000] {processor.py:157} INFO - Started process (PID=28110) to work on /workspaces/hands-on-introduction-data-engineering-4395021/airflow/dags/transform_dag.py
[2025-07-08T09:33:13.195+0000] {processor.py:826} INFO - Processing file /workspaces/hands-on-introduction-data-engineering-4395021/airflow/dags/transform_dag.py for tasks to queue
[2025-07-08T09:33:13.196+0000] {logging_mixin.py:150} INFO - [2025-07-08T09:33:13.195+0000] {dagbag.py:541} INFO - Filling up the DagBag from /workspaces/hands-on-introduction-data-engineering-4395021/airflow/dags/transform_dag.py
[2025-07-08T09:33:13.953+0000] {processor.py:836} INFO - DAG(s) dict_keys(['transform_dag']) retrieved from /workspaces/hands-on-introduction-data-engineering-4395021/airflow/dags/transform_dag.py
[2025-07-08T09:33:13.966+0000] {logging_mixin.py:150} INFO - [2025-07-08T09:33:13.966+0000] {dag.py:2742} INFO - Sync 1 DAGs
[2025-07-08T09:33:13.988+0000] {logging_mixin.py:150} INFO - [2025-07-08T09:33:13.988+0000] {dag.py:3504} INFO - Setting next_dagrun for transform_dag to None, run_after=None
[2025-07-08T09:33:14.014+0000] {processor.py:179} INFO - Processing /workspaces/hands-on-introduction-data-engineering-4395021/airflow/dags/transform_dag.py took 0.823 seconds
[2025-07-08T09:33:56.892+0000] {processor.py:157} INFO - Started process (PID=28428) to work on /workspaces/hands-on-introduction-data-engineering-4395021/airflow/dags/transform_dag.py
[2025-07-08T09:33:56.893+0000] {processor.py:826} INFO - Processing file /workspaces/hands-on-introduction-data-engineering-4395021/airflow/dags/transform_dag.py for tasks to queue
[2025-07-08T09:33:56.894+0000] {logging_mixin.py:150} INFO - [2025-07-08T09:33:56.894+0000] {dagbag.py:541} INFO - Filling up the DagBag from /workspaces/hands-on-introduction-data-engineering-4395021/airflow/dags/transform_dag.py
[2025-07-08T09:33:57.240+0000] {processor.py:836} INFO - DAG(s) dict_keys(['transform_dag']) retrieved from /workspaces/hands-on-introduction-data-engineering-4395021/airflow/dags/transform_dag.py
[2025-07-08T09:33:57.248+0000] {logging_mixin.py:150} INFO - [2025-07-08T09:33:57.248+0000] {dag.py:2742} INFO - Sync 1 DAGs
[2025-07-08T09:33:57.262+0000] {logging_mixin.py:150} INFO - [2025-07-08T09:33:57.261+0000] {dag.py:3504} INFO - Setting next_dagrun for transform_dag to None, run_after=None
[2025-07-08T09:33:57.276+0000] {processor.py:179} INFO - Processing /workspaces/hands-on-introduction-data-engineering-4395021/airflow/dags/transform_dag.py took 0.386 seconds
[2025-07-08T09:34:34.545+0000] {processor.py:157} INFO - Started process (PID=28682) to work on /workspaces/hands-on-introduction-data-engineering-4395021/airflow/dags/transform_dag.py
[2025-07-08T09:34:34.546+0000] {processor.py:826} INFO - Processing file /workspaces/hands-on-introduction-data-engineering-4395021/airflow/dags/transform_dag.py for tasks to queue
[2025-07-08T09:34:34.547+0000] {logging_mixin.py:150} INFO - [2025-07-08T09:34:34.546+0000] {dagbag.py:541} INFO - Filling up the DagBag from /workspaces/hands-on-introduction-data-engineering-4395021/airflow/dags/transform_dag.py
[2025-07-08T09:34:34.936+0000] {processor.py:836} INFO - DAG(s) dict_keys(['transform_dag']) retrieved from /workspaces/hands-on-introduction-data-engineering-4395021/airflow/dags/transform_dag.py
[2025-07-08T09:34:34.944+0000] {logging_mixin.py:150} INFO - [2025-07-08T09:34:34.944+0000] {dag.py:2742} INFO - Sync 1 DAGs
[2025-07-08T09:34:34.959+0000] {logging_mixin.py:150} INFO - [2025-07-08T09:34:34.959+0000] {dag.py:3504} INFO - Setting next_dagrun for transform_dag to None, run_after=None
[2025-07-08T09:34:34.974+0000] {processor.py:179} INFO - Processing /workspaces/hands-on-introduction-data-engineering-4395021/airflow/dags/transform_dag.py took 0.432 seconds
[2025-07-08T09:35:13.898+0000] {processor.py:157} INFO - Started process (PID=28938) to work on /workspaces/hands-on-introduction-data-engineering-4395021/airflow/dags/transform_dag.py
[2025-07-08T09:35:13.899+0000] {processor.py:826} INFO - Processing file /workspaces/hands-on-introduction-data-engineering-4395021/airflow/dags/transform_dag.py for tasks to queue
[2025-07-08T09:35:13.900+0000] {logging_mixin.py:150} INFO - [2025-07-08T09:35:13.899+0000] {dagbag.py:541} INFO - Filling up the DagBag from /workspaces/hands-on-introduction-data-engineering-4395021/airflow/dags/transform_dag.py
[2025-07-08T09:35:14.265+0000] {processor.py:836} INFO - DAG(s) dict_keys(['transform_dag']) retrieved from /workspaces/hands-on-introduction-data-engineering-4395021/airflow/dags/transform_dag.py
[2025-07-08T09:35:14.274+0000] {logging_mixin.py:150} INFO - [2025-07-08T09:35:14.274+0000] {dag.py:2742} INFO - Sync 1 DAGs
[2025-07-08T09:35:14.287+0000] {logging_mixin.py:150} INFO - [2025-07-08T09:35:14.287+0000] {dag.py:3504} INFO - Setting next_dagrun for transform_dag to None, run_after=None
[2025-07-08T09:35:14.301+0000] {processor.py:179} INFO - Processing /workspaces/hands-on-introduction-data-engineering-4395021/airflow/dags/transform_dag.py took 0.405 seconds
[2025-07-08T09:35:53.402+0000] {processor.py:157} INFO - Started process (PID=29211) to work on /workspaces/hands-on-introduction-data-engineering-4395021/airflow/dags/transform_dag.py
[2025-07-08T09:35:53.403+0000] {processor.py:826} INFO - Processing file /workspaces/hands-on-introduction-data-engineering-4395021/airflow/dags/transform_dag.py for tasks to queue
[2025-07-08T09:35:53.403+0000] {logging_mixin.py:150} INFO - [2025-07-08T09:35:53.403+0000] {dagbag.py:541} INFO - Filling up the DagBag from /workspaces/hands-on-introduction-data-engineering-4395021/airflow/dags/transform_dag.py
[2025-07-08T09:35:53.809+0000] {processor.py:836} INFO - DAG(s) dict_keys(['transform_dag']) retrieved from /workspaces/hands-on-introduction-data-engineering-4395021/airflow/dags/transform_dag.py
[2025-07-08T09:35:53.817+0000] {logging_mixin.py:150} INFO - [2025-07-08T09:35:53.816+0000] {dag.py:2742} INFO - Sync 1 DAGs
[2025-07-08T09:35:53.830+0000] {logging_mixin.py:150} INFO - [2025-07-08T09:35:53.830+0000] {dag.py:3504} INFO - Setting next_dagrun for transform_dag to None, run_after=None
[2025-07-08T09:35:53.844+0000] {processor.py:179} INFO - Processing /workspaces/hands-on-introduction-data-engineering-4395021/airflow/dags/transform_dag.py took 0.444 seconds
[2025-07-08T09:36:34.614+0000] {processor.py:157} INFO - Started process (PID=29519) to work on /workspaces/hands-on-introduction-data-engineering-4395021/airflow/dags/transform_dag.py
[2025-07-08T09:36:34.615+0000] {processor.py:826} INFO - Processing file /workspaces/hands-on-introduction-data-engineering-4395021/airflow/dags/transform_dag.py for tasks to queue
[2025-07-08T09:36:34.616+0000] {logging_mixin.py:150} INFO - [2025-07-08T09:36:34.615+0000] {dagbag.py:541} INFO - Filling up the DagBag from /workspaces/hands-on-introduction-data-engineering-4395021/airflow/dags/transform_dag.py
[2025-07-08T09:36:34.984+0000] {processor.py:836} INFO - DAG(s) dict_keys(['transform_dag']) retrieved from /workspaces/hands-on-introduction-data-engineering-4395021/airflow/dags/transform_dag.py
[2025-07-08T09:36:34.992+0000] {logging_mixin.py:150} INFO - [2025-07-08T09:36:34.992+0000] {dag.py:2742} INFO - Sync 1 DAGs
[2025-07-08T09:36:35.006+0000] {logging_mixin.py:150} INFO - [2025-07-08T09:36:35.005+0000] {dag.py:3504} INFO - Setting next_dagrun for transform_dag to None, run_after=None
[2025-07-08T09:36:35.022+0000] {processor.py:179} INFO - Processing /workspaces/hands-on-introduction-data-engineering-4395021/airflow/dags/transform_dag.py took 0.410 seconds
[2025-07-08T09:37:16.107+0000] {processor.py:157} INFO - Started process (PID=29947) to work on /workspaces/hands-on-introduction-data-engineering-4395021/airflow/dags/transform_dag.py
[2025-07-08T09:37:16.108+0000] {processor.py:826} INFO - Processing file /workspaces/hands-on-introduction-data-engineering-4395021/airflow/dags/transform_dag.py for tasks to queue
[2025-07-08T09:37:16.108+0000] {logging_mixin.py:150} INFO - [2025-07-08T09:37:16.108+0000] {dagbag.py:541} INFO - Filling up the DagBag from /workspaces/hands-on-introduction-data-engineering-4395021/airflow/dags/transform_dag.py
[2025-07-08T09:37:16.500+0000] {processor.py:836} INFO - DAG(s) dict_keys(['transform_dag']) retrieved from /workspaces/hands-on-introduction-data-engineering-4395021/airflow/dags/transform_dag.py
[2025-07-08T09:37:16.512+0000] {logging_mixin.py:150} INFO - [2025-07-08T09:37:16.511+0000] {dag.py:2742} INFO - Sync 1 DAGs
[2025-07-08T09:37:16.525+0000] {logging_mixin.py:150} INFO - [2025-07-08T09:37:16.525+0000] {dag.py:3504} INFO - Setting next_dagrun for transform_dag to None, run_after=None
[2025-07-08T09:37:16.541+0000] {processor.py:179} INFO - Processing /workspaces/hands-on-introduction-data-engineering-4395021/airflow/dags/transform_dag.py took 0.436 seconds
[2025-07-08T09:37:57.720+0000] {processor.py:157} INFO - Started process (PID=30299) to work on /workspaces/hands-on-introduction-data-engineering-4395021/airflow/dags/transform_dag.py
[2025-07-08T09:37:57.721+0000] {processor.py:826} INFO - Processing file /workspaces/hands-on-introduction-data-engineering-4395021/airflow/dags/transform_dag.py for tasks to queue
[2025-07-08T09:37:57.722+0000] {logging_mixin.py:150} INFO - [2025-07-08T09:37:57.721+0000] {dagbag.py:541} INFO - Filling up the DagBag from /workspaces/hands-on-introduction-data-engineering-4395021/airflow/dags/transform_dag.py
[2025-07-08T09:37:58.092+0000] {processor.py:836} INFO - DAG(s) dict_keys(['transform_dag']) retrieved from /workspaces/hands-on-introduction-data-engineering-4395021/airflow/dags/transform_dag.py
[2025-07-08T09:37:58.101+0000] {logging_mixin.py:150} INFO - [2025-07-08T09:37:58.101+0000] {dag.py:2742} INFO - Sync 1 DAGs
[2025-07-08T09:37:58.116+0000] {logging_mixin.py:150} INFO - [2025-07-08T09:37:58.115+0000] {dag.py:3504} INFO - Setting next_dagrun for transform_dag to None, run_after=None
[2025-07-08T09:37:58.130+0000] {processor.py:179} INFO - Processing /workspaces/hands-on-introduction-data-engineering-4395021/airflow/dags/transform_dag.py took 0.412 seconds
[2025-07-08T09:38:42.148+0000] {processor.py:157} INFO - Started process (PID=30640) to work on /workspaces/hands-on-introduction-data-engineering-4395021/airflow/dags/transform_dag.py
[2025-07-08T09:38:42.149+0000] {processor.py:826} INFO - Processing file /workspaces/hands-on-introduction-data-engineering-4395021/airflow/dags/transform_dag.py for tasks to queue
[2025-07-08T09:38:42.150+0000] {logging_mixin.py:150} INFO - [2025-07-08T09:38:42.149+0000] {dagbag.py:541} INFO - Filling up the DagBag from /workspaces/hands-on-introduction-data-engineering-4395021/airflow/dags/transform_dag.py
[2025-07-08T09:38:42.553+0000] {processor.py:836} INFO - DAG(s) dict_keys(['transform_dag']) retrieved from /workspaces/hands-on-introduction-data-engineering-4395021/airflow/dags/transform_dag.py
[2025-07-08T09:38:42.561+0000] {logging_mixin.py:150} INFO - [2025-07-08T09:38:42.561+0000] {dag.py:2742} INFO - Sync 1 DAGs
[2025-07-08T09:38:42.575+0000] {logging_mixin.py:150} INFO - [2025-07-08T09:38:42.575+0000] {dag.py:3504} INFO - Setting next_dagrun for transform_dag to None, run_after=None
[2025-07-08T09:38:42.594+0000] {processor.py:179} INFO - Processing /workspaces/hands-on-introduction-data-engineering-4395021/airflow/dags/transform_dag.py took 0.449 seconds
[2025-07-08T09:39:27.649+0000] {processor.py:157} INFO - Started process (PID=30982) to work on /workspaces/hands-on-introduction-data-engineering-4395021/airflow/dags/transform_dag.py
[2025-07-08T09:39:27.650+0000] {processor.py:826} INFO - Processing file /workspaces/hands-on-introduction-data-engineering-4395021/airflow/dags/transform_dag.py for tasks to queue
[2025-07-08T09:39:27.650+0000] {logging_mixin.py:150} INFO - [2025-07-08T09:39:27.650+0000] {dagbag.py:541} INFO - Filling up the DagBag from /workspaces/hands-on-introduction-data-engineering-4395021/airflow/dags/transform_dag.py
[2025-07-08T09:39:28.430+0000] {processor.py:836} INFO - DAG(s) dict_keys(['transform_dag']) retrieved from /workspaces/hands-on-introduction-data-engineering-4395021/airflow/dags/transform_dag.py
[2025-07-08T09:39:28.442+0000] {logging_mixin.py:150} INFO - [2025-07-08T09:39:28.441+0000] {dag.py:2742} INFO - Sync 1 DAGs
[2025-07-08T09:39:28.462+0000] {logging_mixin.py:150} INFO - [2025-07-08T09:39:28.462+0000] {dag.py:3504} INFO - Setting next_dagrun for transform_dag to None, run_after=None
[2025-07-08T09:39:28.489+0000] {processor.py:179} INFO - Processing /workspaces/hands-on-introduction-data-engineering-4395021/airflow/dags/transform_dag.py took 0.842 seconds
[2025-07-08T09:40:17.968+0000] {processor.py:157} INFO - Started process (PID=31366) to work on /workspaces/hands-on-introduction-data-engineering-4395021/airflow/dags/transform_dag.py
[2025-07-08T09:40:17.968+0000] {processor.py:826} INFO - Processing file /workspaces/hands-on-introduction-data-engineering-4395021/airflow/dags/transform_dag.py for tasks to queue
[2025-07-08T09:40:17.969+0000] {logging_mixin.py:150} INFO - [2025-07-08T09:40:17.969+0000] {dagbag.py:541} INFO - Filling up the DagBag from /workspaces/hands-on-introduction-data-engineering-4395021/airflow/dags/transform_dag.py
[2025-07-08T09:40:18.369+0000] {processor.py:836} INFO - DAG(s) dict_keys(['transform_dag']) retrieved from /workspaces/hands-on-introduction-data-engineering-4395021/airflow/dags/transform_dag.py
[2025-07-08T09:40:18.377+0000] {logging_mixin.py:150} INFO - [2025-07-08T09:40:18.377+0000] {dag.py:2742} INFO - Sync 1 DAGs
[2025-07-08T09:40:18.392+0000] {logging_mixin.py:150} INFO - [2025-07-08T09:40:18.392+0000] {dag.py:3504} INFO - Setting next_dagrun for transform_dag to None, run_after=None
[2025-07-08T09:40:18.409+0000] {processor.py:179} INFO - Processing /workspaces/hands-on-introduction-data-engineering-4395021/airflow/dags/transform_dag.py took 0.444 seconds
[2025-07-08T09:40:57.765+0000] {processor.py:157} INFO - Started process (PID=31676) to work on /workspaces/hands-on-introduction-data-engineering-4395021/airflow/dags/transform_dag.py
[2025-07-08T09:40:57.766+0000] {processor.py:826} INFO - Processing file /workspaces/hands-on-introduction-data-engineering-4395021/airflow/dags/transform_dag.py for tasks to queue
[2025-07-08T09:40:57.766+0000] {logging_mixin.py:150} INFO - [2025-07-08T09:40:57.766+0000] {dagbag.py:541} INFO - Filling up the DagBag from /workspaces/hands-on-introduction-data-engineering-4395021/airflow/dags/transform_dag.py
[2025-07-08T09:40:58.155+0000] {processor.py:836} INFO - DAG(s) dict_keys(['transform_dag']) retrieved from /workspaces/hands-on-introduction-data-engineering-4395021/airflow/dags/transform_dag.py
[2025-07-08T09:40:58.163+0000] {logging_mixin.py:150} INFO - [2025-07-08T09:40:58.163+0000] {dag.py:2742} INFO - Sync 1 DAGs
[2025-07-08T09:40:58.176+0000] {logging_mixin.py:150} INFO - [2025-07-08T09:40:58.176+0000] {dag.py:3504} INFO - Setting next_dagrun for transform_dag to None, run_after=None
[2025-07-08T09:40:58.193+0000] {processor.py:179} INFO - Processing /workspaces/hands-on-introduction-data-engineering-4395021/airflow/dags/transform_dag.py took 0.430 seconds
[2025-07-08T09:41:41.545+0000] {processor.py:157} INFO - Started process (PID=32013) to work on /workspaces/hands-on-introduction-data-engineering-4395021/airflow/dags/transform_dag.py
[2025-07-08T09:41:41.545+0000] {processor.py:826} INFO - Processing file /workspaces/hands-on-introduction-data-engineering-4395021/airflow/dags/transform_dag.py for tasks to queue
[2025-07-08T09:41:41.546+0000] {logging_mixin.py:150} INFO - [2025-07-08T09:41:41.546+0000] {dagbag.py:541} INFO - Filling up the DagBag from /workspaces/hands-on-introduction-data-engineering-4395021/airflow/dags/transform_dag.py
[2025-07-08T09:41:41.978+0000] {processor.py:836} INFO - DAG(s) dict_keys(['transform_dag']) retrieved from /workspaces/hands-on-introduction-data-engineering-4395021/airflow/dags/transform_dag.py
[2025-07-08T09:41:41.990+0000] {logging_mixin.py:150} INFO - [2025-07-08T09:41:41.990+0000] {dag.py:2742} INFO - Sync 1 DAGs
[2025-07-08T09:41:42.005+0000] {logging_mixin.py:150} INFO - [2025-07-08T09:41:42.005+0000] {dag.py:3504} INFO - Setting next_dagrun for transform_dag to None, run_after=None
[2025-07-08T09:41:42.021+0000] {processor.py:179} INFO - Processing /workspaces/hands-on-introduction-data-engineering-4395021/airflow/dags/transform_dag.py took 0.479 seconds
[2025-07-08T09:42:30.579+0000] {processor.py:157} INFO - Started process (PID=32380) to work on /workspaces/hands-on-introduction-data-engineering-4395021/airflow/dags/transform_dag.py
[2025-07-08T09:42:30.579+0000] {processor.py:826} INFO - Processing file /workspaces/hands-on-introduction-data-engineering-4395021/airflow/dags/transform_dag.py for tasks to queue
[2025-07-08T09:42:30.580+0000] {logging_mixin.py:150} INFO - [2025-07-08T09:42:30.580+0000] {dagbag.py:541} INFO - Filling up the DagBag from /workspaces/hands-on-introduction-data-engineering-4395021/airflow/dags/transform_dag.py
[2025-07-08T09:42:30.912+0000] {processor.py:836} INFO - DAG(s) dict_keys(['transform_dag']) retrieved from /workspaces/hands-on-introduction-data-engineering-4395021/airflow/dags/transform_dag.py
[2025-07-08T09:42:30.919+0000] {logging_mixin.py:150} INFO - [2025-07-08T09:42:30.919+0000] {dag.py:2742} INFO - Sync 1 DAGs
[2025-07-08T09:42:30.932+0000] {logging_mixin.py:150} INFO - [2025-07-08T09:42:30.932+0000] {dag.py:3504} INFO - Setting next_dagrun for transform_dag to None, run_after=None
[2025-07-08T09:42:30.947+0000] {processor.py:179} INFO - Processing /workspaces/hands-on-introduction-data-engineering-4395021/airflow/dags/transform_dag.py took 0.371 seconds
[2025-07-08T09:43:19.240+0000] {processor.py:157} INFO - Started process (PID=32739) to work on /workspaces/hands-on-introduction-data-engineering-4395021/airflow/dags/transform_dag.py
[2025-07-08T09:43:19.241+0000] {processor.py:826} INFO - Processing file /workspaces/hands-on-introduction-data-engineering-4395021/airflow/dags/transform_dag.py for tasks to queue
[2025-07-08T09:43:19.242+0000] {logging_mixin.py:150} INFO - [2025-07-08T09:43:19.241+0000] {dagbag.py:541} INFO - Filling up the DagBag from /workspaces/hands-on-introduction-data-engineering-4395021/airflow/dags/transform_dag.py
[2025-07-08T09:43:19.684+0000] {processor.py:836} INFO - DAG(s) dict_keys(['transform_dag']) retrieved from /workspaces/hands-on-introduction-data-engineering-4395021/airflow/dags/transform_dag.py
[2025-07-08T09:43:19.695+0000] {logging_mixin.py:150} INFO - [2025-07-08T09:43:19.695+0000] {dag.py:2742} INFO - Sync 1 DAGs
[2025-07-08T09:43:19.710+0000] {logging_mixin.py:150} INFO - [2025-07-08T09:43:19.710+0000] {dag.py:3504} INFO - Setting next_dagrun for transform_dag to None, run_after=None
[2025-07-08T09:43:19.725+0000] {processor.py:179} INFO - Processing /workspaces/hands-on-introduction-data-engineering-4395021/airflow/dags/transform_dag.py took 0.488 seconds
[2025-07-08T09:44:04.351+0000] {processor.py:157} INFO - Started process (PID=33133) to work on /workspaces/hands-on-introduction-data-engineering-4395021/airflow/dags/transform_dag.py
[2025-07-08T09:44:04.352+0000] {processor.py:826} INFO - Processing file /workspaces/hands-on-introduction-data-engineering-4395021/airflow/dags/transform_dag.py for tasks to queue
[2025-07-08T09:44:04.352+0000] {logging_mixin.py:150} INFO - [2025-07-08T09:44:04.352+0000] {dagbag.py:541} INFO - Filling up the DagBag from /workspaces/hands-on-introduction-data-engineering-4395021/airflow/dags/transform_dag.py
[2025-07-08T09:44:04.759+0000] {processor.py:836} INFO - DAG(s) dict_keys(['transform_dag']) retrieved from /workspaces/hands-on-introduction-data-engineering-4395021/airflow/dags/transform_dag.py
[2025-07-08T09:44:04.781+0000] {logging_mixin.py:150} INFO - [2025-07-08T09:44:04.781+0000] {dag.py:2742} INFO - Sync 1 DAGs
[2025-07-08T09:44:04.797+0000] {logging_mixin.py:150} INFO - [2025-07-08T09:44:04.797+0000] {dag.py:3504} INFO - Setting next_dagrun for transform_dag to None, run_after=None
[2025-07-08T09:44:04.813+0000] {processor.py:179} INFO - Processing /workspaces/hands-on-introduction-data-engineering-4395021/airflow/dags/transform_dag.py took 0.466 seconds
