[2025-07-08T08:37:25.406+0000] {processor.py:157} INFO - Started process (PID=2925) to work on /home/vscode/.local/lib/python3.10/site-packages/airflow/example_dags/example_complex.py
[2025-07-08T08:37:25.406+0000] {processor.py:826} INFO - Processing file /home/vscode/.local/lib/python3.10/site-packages/airflow/example_dags/example_complex.py for tasks to queue
[2025-07-08T08:37:25.407+0000] {logging_mixin.py:150} INFO - [2025-07-08T08:37:25.407+0000] {dagbag.py:541} INFO - Filling up the DagBag from /home/vscode/.local/lib/python3.10/site-packages/airflow/example_dags/example_complex.py
[2025-07-08T08:37:25.415+0000] {processor.py:836} INFO - DAG(s) dict_keys(['example_complex']) retrieved from /home/vscode/.local/lib/python3.10/site-packages/airflow/example_dags/example_complex.py
[2025-07-08T08:37:25.503+0000] {logging_mixin.py:150} INFO - [2025-07-08T08:37:25.503+0000] {manager.py:504} INFO - Created Permission View: can read on DAG:example_complex
[2025-07-08T08:37:25.512+0000] {logging_mixin.py:150} INFO - [2025-07-08T08:37:25.512+0000] {manager.py:504} INFO - Created Permission View: can edit on DAG:example_complex
[2025-07-08T08:37:25.519+0000] {logging_mixin.py:150} INFO - [2025-07-08T08:37:25.519+0000] {manager.py:504} INFO - Created Permission View: can delete on DAG:example_complex
[2025-07-08T08:37:25.528+0000] {logging_mixin.py:150} INFO - [2025-07-08T08:37:25.528+0000] {dag.py:2742} INFO - Sync 1 DAGs
[2025-07-08T08:37:25.537+0000] {logging_mixin.py:150} INFO - [2025-07-08T08:37:25.537+0000] {dag.py:2763} INFO - Creating ORM DAG for example_complex
[2025-07-08T08:37:25.543+0000] {logging_mixin.py:150} INFO - [2025-07-08T08:37:25.543+0000] {dag.py:3504} INFO - Setting next_dagrun for example_complex to None, run_after=None
[2025-07-08T08:37:25.561+0000] {processor.py:179} INFO - Processing /home/vscode/.local/lib/python3.10/site-packages/airflow/example_dags/example_complex.py took 0.157 seconds
[2025-07-08T08:38:10.702+0000] {processor.py:157} INFO - Started process (PID=3250) to work on /home/vscode/.local/lib/python3.10/site-packages/airflow/example_dags/example_complex.py
[2025-07-08T08:38:10.703+0000] {processor.py:826} INFO - Processing file /home/vscode/.local/lib/python3.10/site-packages/airflow/example_dags/example_complex.py for tasks to queue
[2025-07-08T08:38:10.703+0000] {logging_mixin.py:150} INFO - [2025-07-08T08:38:10.703+0000] {dagbag.py:541} INFO - Filling up the DagBag from /home/vscode/.local/lib/python3.10/site-packages/airflow/example_dags/example_complex.py
[2025-07-08T08:38:10.711+0000] {processor.py:836} INFO - DAG(s) dict_keys(['example_complex']) retrieved from /home/vscode/.local/lib/python3.10/site-packages/airflow/example_dags/example_complex.py
[2025-07-08T08:38:10.731+0000] {logging_mixin.py:150} INFO - [2025-07-08T08:38:10.731+0000] {dag.py:2742} INFO - Sync 1 DAGs
[2025-07-08T08:38:10.746+0000] {logging_mixin.py:150} INFO - [2025-07-08T08:38:10.746+0000] {dag.py:3504} INFO - Setting next_dagrun for example_complex to None, run_after=None
[2025-07-08T08:38:10.765+0000] {processor.py:179} INFO - Processing /home/vscode/.local/lib/python3.10/site-packages/airflow/example_dags/example_complex.py took 0.065 seconds
[2025-07-08T08:38:56.473+0000] {processor.py:157} INFO - Started process (PID=3622) to work on /home/vscode/.local/lib/python3.10/site-packages/airflow/example_dags/example_complex.py
[2025-07-08T08:38:56.474+0000] {processor.py:826} INFO - Processing file /home/vscode/.local/lib/python3.10/site-packages/airflow/example_dags/example_complex.py for tasks to queue
[2025-07-08T08:38:56.474+0000] {logging_mixin.py:150} INFO - [2025-07-08T08:38:56.474+0000] {dagbag.py:541} INFO - Filling up the DagBag from /home/vscode/.local/lib/python3.10/site-packages/airflow/example_dags/example_complex.py
[2025-07-08T08:38:56.483+0000] {processor.py:836} INFO - DAG(s) dict_keys(['example_complex']) retrieved from /home/vscode/.local/lib/python3.10/site-packages/airflow/example_dags/example_complex.py
[2025-07-08T08:38:56.503+0000] {logging_mixin.py:150} INFO - [2025-07-08T08:38:56.503+0000] {dag.py:2742} INFO - Sync 1 DAGs
[2025-07-08T08:38:56.521+0000] {logging_mixin.py:150} INFO - [2025-07-08T08:38:56.520+0000] {dag.py:3504} INFO - Setting next_dagrun for example_complex to None, run_after=None
[2025-07-08T08:38:56.538+0000] {processor.py:179} INFO - Processing /home/vscode/.local/lib/python3.10/site-packages/airflow/example_dags/example_complex.py took 0.068 seconds
[2025-07-08T08:39:47.811+0000] {processor.py:157} INFO - Started process (PID=3994) to work on /home/vscode/.local/lib/python3.10/site-packages/airflow/example_dags/example_complex.py
[2025-07-08T08:39:47.812+0000] {processor.py:826} INFO - Processing file /home/vscode/.local/lib/python3.10/site-packages/airflow/example_dags/example_complex.py for tasks to queue
[2025-07-08T08:39:47.812+0000] {logging_mixin.py:150} INFO - [2025-07-08T08:39:47.812+0000] {dagbag.py:541} INFO - Filling up the DagBag from /home/vscode/.local/lib/python3.10/site-packages/airflow/example_dags/example_complex.py
[2025-07-08T08:39:47.821+0000] {processor.py:836} INFO - DAG(s) dict_keys(['example_complex']) retrieved from /home/vscode/.local/lib/python3.10/site-packages/airflow/example_dags/example_complex.py
[2025-07-08T08:39:47.841+0000] {logging_mixin.py:150} INFO - [2025-07-08T08:39:47.841+0000] {dag.py:2742} INFO - Sync 1 DAGs
[2025-07-08T08:39:47.857+0000] {logging_mixin.py:150} INFO - [2025-07-08T08:39:47.857+0000] {dag.py:3504} INFO - Setting next_dagrun for example_complex to None, run_after=None
[2025-07-08T08:39:47.873+0000] {processor.py:179} INFO - Processing /home/vscode/.local/lib/python3.10/site-packages/airflow/example_dags/example_complex.py took 0.065 seconds
[2025-07-08T08:40:33.830+0000] {processor.py:157} INFO - Started process (PID=4308) to work on /home/vscode/.local/lib/python3.10/site-packages/airflow/example_dags/example_complex.py
[2025-07-08T08:40:33.830+0000] {processor.py:826} INFO - Processing file /home/vscode/.local/lib/python3.10/site-packages/airflow/example_dags/example_complex.py for tasks to queue
[2025-07-08T08:40:33.831+0000] {logging_mixin.py:150} INFO - [2025-07-08T08:40:33.831+0000] {dagbag.py:541} INFO - Filling up the DagBag from /home/vscode/.local/lib/python3.10/site-packages/airflow/example_dags/example_complex.py
[2025-07-08T08:40:33.839+0000] {processor.py:836} INFO - DAG(s) dict_keys(['example_complex']) retrieved from /home/vscode/.local/lib/python3.10/site-packages/airflow/example_dags/example_complex.py
[2025-07-08T08:40:33.859+0000] {logging_mixin.py:150} INFO - [2025-07-08T08:40:33.859+0000] {dag.py:2742} INFO - Sync 1 DAGs
[2025-07-08T08:40:33.874+0000] {logging_mixin.py:150} INFO - [2025-07-08T08:40:33.874+0000] {dag.py:3504} INFO - Setting next_dagrun for example_complex to None, run_after=None
[2025-07-08T08:40:33.890+0000] {processor.py:179} INFO - Processing /home/vscode/.local/lib/python3.10/site-packages/airflow/example_dags/example_complex.py took 0.062 seconds
[2025-07-08T08:41:23.036+0000] {processor.py:157} INFO - Started process (PID=4650) to work on /home/vscode/.local/lib/python3.10/site-packages/airflow/example_dags/example_complex.py
[2025-07-08T08:41:23.037+0000] {processor.py:826} INFO - Processing file /home/vscode/.local/lib/python3.10/site-packages/airflow/example_dags/example_complex.py for tasks to queue
[2025-07-08T08:41:23.037+0000] {logging_mixin.py:150} INFO - [2025-07-08T08:41:23.037+0000] {dagbag.py:541} INFO - Filling up the DagBag from /home/vscode/.local/lib/python3.10/site-packages/airflow/example_dags/example_complex.py
[2025-07-08T08:41:23.046+0000] {processor.py:836} INFO - DAG(s) dict_keys(['example_complex']) retrieved from /home/vscode/.local/lib/python3.10/site-packages/airflow/example_dags/example_complex.py
[2025-07-08T08:41:23.066+0000] {logging_mixin.py:150} INFO - [2025-07-08T08:41:23.065+0000] {dag.py:2742} INFO - Sync 1 DAGs
[2025-07-08T08:41:23.094+0000] {logging_mixin.py:150} INFO - [2025-07-08T08:41:23.094+0000] {dag.py:3504} INFO - Setting next_dagrun for example_complex to None, run_after=None
[2025-07-08T08:41:23.125+0000] {processor.py:179} INFO - Processing /home/vscode/.local/lib/python3.10/site-packages/airflow/example_dags/example_complex.py took 0.092 seconds
[2025-07-08T08:42:07.768+0000] {processor.py:157} INFO - Started process (PID=4993) to work on /home/vscode/.local/lib/python3.10/site-packages/airflow/example_dags/example_complex.py
[2025-07-08T08:42:07.769+0000] {processor.py:826} INFO - Processing file /home/vscode/.local/lib/python3.10/site-packages/airflow/example_dags/example_complex.py for tasks to queue
[2025-07-08T08:42:07.769+0000] {logging_mixin.py:150} INFO - [2025-07-08T08:42:07.769+0000] {dagbag.py:541} INFO - Filling up the DagBag from /home/vscode/.local/lib/python3.10/site-packages/airflow/example_dags/example_complex.py
[2025-07-08T08:42:07.777+0000] {processor.py:836} INFO - DAG(s) dict_keys(['example_complex']) retrieved from /home/vscode/.local/lib/python3.10/site-packages/airflow/example_dags/example_complex.py
[2025-07-08T08:42:07.797+0000] {logging_mixin.py:150} INFO - [2025-07-08T08:42:07.797+0000] {dag.py:2742} INFO - Sync 1 DAGs
[2025-07-08T08:42:07.811+0000] {logging_mixin.py:150} INFO - [2025-07-08T08:42:07.811+0000] {dag.py:3504} INFO - Setting next_dagrun for example_complex to None, run_after=None
[2025-07-08T08:42:07.827+0000] {processor.py:179} INFO - Processing /home/vscode/.local/lib/python3.10/site-packages/airflow/example_dags/example_complex.py took 0.062 seconds
[2025-07-08T08:42:51.364+0000] {processor.py:157} INFO - Started process (PID=5344) to work on /home/vscode/.local/lib/python3.10/site-packages/airflow/example_dags/example_complex.py
[2025-07-08T08:42:51.365+0000] {processor.py:826} INFO - Processing file /home/vscode/.local/lib/python3.10/site-packages/airflow/example_dags/example_complex.py for tasks to queue
[2025-07-08T08:42:51.366+0000] {logging_mixin.py:150} INFO - [2025-07-08T08:42:51.365+0000] {dagbag.py:541} INFO - Filling up the DagBag from /home/vscode/.local/lib/python3.10/site-packages/airflow/example_dags/example_complex.py
[2025-07-08T08:42:51.374+0000] {processor.py:836} INFO - DAG(s) dict_keys(['example_complex']) retrieved from /home/vscode/.local/lib/python3.10/site-packages/airflow/example_dags/example_complex.py
[2025-07-08T08:42:51.393+0000] {logging_mixin.py:150} INFO - [2025-07-08T08:42:51.393+0000] {dag.py:2742} INFO - Sync 1 DAGs
[2025-07-08T08:42:51.407+0000] {logging_mixin.py:150} INFO - [2025-07-08T08:42:51.407+0000] {dag.py:3504} INFO - Setting next_dagrun for example_complex to None, run_after=None
[2025-07-08T08:42:51.422+0000] {processor.py:179} INFO - Processing /home/vscode/.local/lib/python3.10/site-packages/airflow/example_dags/example_complex.py took 0.060 seconds
[2025-07-08T08:43:36.247+0000] {processor.py:157} INFO - Started process (PID=5687) to work on /home/vscode/.local/lib/python3.10/site-packages/airflow/example_dags/example_complex.py
[2025-07-08T08:43:36.248+0000] {processor.py:826} INFO - Processing file /home/vscode/.local/lib/python3.10/site-packages/airflow/example_dags/example_complex.py for tasks to queue
[2025-07-08T08:43:36.248+0000] {logging_mixin.py:150} INFO - [2025-07-08T08:43:36.248+0000] {dagbag.py:541} INFO - Filling up the DagBag from /home/vscode/.local/lib/python3.10/site-packages/airflow/example_dags/example_complex.py
[2025-07-08T08:43:36.262+0000] {processor.py:836} INFO - DAG(s) dict_keys(['example_complex']) retrieved from /home/vscode/.local/lib/python3.10/site-packages/airflow/example_dags/example_complex.py
[2025-07-08T08:43:36.281+0000] {logging_mixin.py:150} INFO - [2025-07-08T08:43:36.281+0000] {dag.py:2742} INFO - Sync 1 DAGs
[2025-07-08T08:43:36.297+0000] {logging_mixin.py:150} INFO - [2025-07-08T08:43:36.297+0000] {dag.py:3504} INFO - Setting next_dagrun for example_complex to None, run_after=None
[2025-07-08T08:43:36.313+0000] {processor.py:179} INFO - Processing /home/vscode/.local/lib/python3.10/site-packages/airflow/example_dags/example_complex.py took 0.068 seconds
[2025-07-08T08:44:23.388+0000] {processor.py:157} INFO - Started process (PID=6176) to work on /home/vscode/.local/lib/python3.10/site-packages/airflow/example_dags/example_complex.py
[2025-07-08T08:44:23.389+0000] {processor.py:826} INFO - Processing file /home/vscode/.local/lib/python3.10/site-packages/airflow/example_dags/example_complex.py for tasks to queue
[2025-07-08T08:44:23.390+0000] {logging_mixin.py:150} INFO - [2025-07-08T08:44:23.389+0000] {dagbag.py:541} INFO - Filling up the DagBag from /home/vscode/.local/lib/python3.10/site-packages/airflow/example_dags/example_complex.py
[2025-07-08T08:44:23.398+0000] {processor.py:836} INFO - DAG(s) dict_keys(['example_complex']) retrieved from /home/vscode/.local/lib/python3.10/site-packages/airflow/example_dags/example_complex.py
[2025-07-08T08:44:23.417+0000] {logging_mixin.py:150} INFO - [2025-07-08T08:44:23.417+0000] {dag.py:2742} INFO - Sync 1 DAGs
[2025-07-08T08:44:23.431+0000] {logging_mixin.py:150} INFO - [2025-07-08T08:44:23.431+0000] {dag.py:3504} INFO - Setting next_dagrun for example_complex to None, run_after=None
[2025-07-08T08:44:23.449+0000] {processor.py:179} INFO - Processing /home/vscode/.local/lib/python3.10/site-packages/airflow/example_dags/example_complex.py took 0.063 seconds
[2025-07-08T08:45:08.778+0000] {processor.py:157} INFO - Started process (PID=6608) to work on /home/vscode/.local/lib/python3.10/site-packages/airflow/example_dags/example_complex.py
[2025-07-08T08:45:08.778+0000] {processor.py:826} INFO - Processing file /home/vscode/.local/lib/python3.10/site-packages/airflow/example_dags/example_complex.py for tasks to queue
[2025-07-08T08:45:08.779+0000] {logging_mixin.py:150} INFO - [2025-07-08T08:45:08.779+0000] {dagbag.py:541} INFO - Filling up the DagBag from /home/vscode/.local/lib/python3.10/site-packages/airflow/example_dags/example_complex.py
[2025-07-08T08:45:08.787+0000] {processor.py:836} INFO - DAG(s) dict_keys(['example_complex']) retrieved from /home/vscode/.local/lib/python3.10/site-packages/airflow/example_dags/example_complex.py
[2025-07-08T08:45:08.807+0000] {logging_mixin.py:150} INFO - [2025-07-08T08:45:08.806+0000] {dag.py:2742} INFO - Sync 1 DAGs
[2025-07-08T08:45:08.821+0000] {logging_mixin.py:150} INFO - [2025-07-08T08:45:08.821+0000] {dag.py:3504} INFO - Setting next_dagrun for example_complex to None, run_after=None
[2025-07-08T08:45:08.838+0000] {processor.py:179} INFO - Processing /home/vscode/.local/lib/python3.10/site-packages/airflow/example_dags/example_complex.py took 0.062 seconds
[2025-07-08T08:45:57.681+0000] {processor.py:157} INFO - Started process (PID=6995) to work on /home/vscode/.local/lib/python3.10/site-packages/airflow/example_dags/example_complex.py
[2025-07-08T08:45:57.682+0000] {processor.py:826} INFO - Processing file /home/vscode/.local/lib/python3.10/site-packages/airflow/example_dags/example_complex.py for tasks to queue
[2025-07-08T08:45:57.683+0000] {logging_mixin.py:150} INFO - [2025-07-08T08:45:57.682+0000] {dagbag.py:541} INFO - Filling up the DagBag from /home/vscode/.local/lib/python3.10/site-packages/airflow/example_dags/example_complex.py
[2025-07-08T08:45:57.691+0000] {processor.py:836} INFO - DAG(s) dict_keys(['example_complex']) retrieved from /home/vscode/.local/lib/python3.10/site-packages/airflow/example_dags/example_complex.py
[2025-07-08T08:45:57.710+0000] {logging_mixin.py:150} INFO - [2025-07-08T08:45:57.710+0000] {dag.py:2742} INFO - Sync 1 DAGs
[2025-07-08T08:45:57.725+0000] {logging_mixin.py:150} INFO - [2025-07-08T08:45:57.725+0000] {dag.py:3504} INFO - Setting next_dagrun for example_complex to None, run_after=None
[2025-07-08T08:45:57.741+0000] {processor.py:179} INFO - Processing /home/vscode/.local/lib/python3.10/site-packages/airflow/example_dags/example_complex.py took 0.062 seconds
[2025-07-08T08:46:39.935+0000] {processor.py:157} INFO - Started process (PID=7336) to work on /home/vscode/.local/lib/python3.10/site-packages/airflow/example_dags/example_complex.py
[2025-07-08T08:46:39.935+0000] {processor.py:826} INFO - Processing file /home/vscode/.local/lib/python3.10/site-packages/airflow/example_dags/example_complex.py for tasks to queue
[2025-07-08T08:46:39.936+0000] {logging_mixin.py:150} INFO - [2025-07-08T08:46:39.936+0000] {dagbag.py:541} INFO - Filling up the DagBag from /home/vscode/.local/lib/python3.10/site-packages/airflow/example_dags/example_complex.py
[2025-07-08T08:46:39.944+0000] {processor.py:836} INFO - DAG(s) dict_keys(['example_complex']) retrieved from /home/vscode/.local/lib/python3.10/site-packages/airflow/example_dags/example_complex.py
[2025-07-08T08:46:39.963+0000] {logging_mixin.py:150} INFO - [2025-07-08T08:46:39.963+0000] {dag.py:2742} INFO - Sync 1 DAGs
[2025-07-08T08:46:39.978+0000] {logging_mixin.py:150} INFO - [2025-07-08T08:46:39.978+0000] {dag.py:3504} INFO - Setting next_dagrun for example_complex to None, run_after=None
[2025-07-08T08:46:39.995+0000] {processor.py:179} INFO - Processing /home/vscode/.local/lib/python3.10/site-packages/airflow/example_dags/example_complex.py took 0.063 seconds
[2025-07-08T08:47:23.880+0000] {processor.py:157} INFO - Started process (PID=7713) to work on /home/vscode/.local/lib/python3.10/site-packages/airflow/example_dags/example_complex.py
[2025-07-08T08:47:23.880+0000] {processor.py:826} INFO - Processing file /home/vscode/.local/lib/python3.10/site-packages/airflow/example_dags/example_complex.py for tasks to queue
[2025-07-08T08:47:23.881+0000] {logging_mixin.py:150} INFO - [2025-07-08T08:47:23.881+0000] {dagbag.py:541} INFO - Filling up the DagBag from /home/vscode/.local/lib/python3.10/site-packages/airflow/example_dags/example_complex.py
[2025-07-08T08:47:23.889+0000] {processor.py:836} INFO - DAG(s) dict_keys(['example_complex']) retrieved from /home/vscode/.local/lib/python3.10/site-packages/airflow/example_dags/example_complex.py
[2025-07-08T08:47:23.909+0000] {logging_mixin.py:150} INFO - [2025-07-08T08:47:23.908+0000] {dag.py:2742} INFO - Sync 1 DAGs
[2025-07-08T08:47:23.923+0000] {logging_mixin.py:150} INFO - [2025-07-08T08:47:23.923+0000] {dag.py:3504} INFO - Setting next_dagrun for example_complex to None, run_after=None
[2025-07-08T08:47:23.940+0000] {processor.py:179} INFO - Processing /home/vscode/.local/lib/python3.10/site-packages/airflow/example_dags/example_complex.py took 0.063 seconds
[2025-07-08T08:48:08.275+0000] {processor.py:157} INFO - Started process (PID=8023) to work on /home/vscode/.local/lib/python3.10/site-packages/airflow/example_dags/example_complex.py
[2025-07-08T08:48:08.275+0000] {processor.py:826} INFO - Processing file /home/vscode/.local/lib/python3.10/site-packages/airflow/example_dags/example_complex.py for tasks to queue
[2025-07-08T08:48:08.276+0000] {logging_mixin.py:150} INFO - [2025-07-08T08:48:08.276+0000] {dagbag.py:541} INFO - Filling up the DagBag from /home/vscode/.local/lib/python3.10/site-packages/airflow/example_dags/example_complex.py
[2025-07-08T08:48:08.284+0000] {processor.py:836} INFO - DAG(s) dict_keys(['example_complex']) retrieved from /home/vscode/.local/lib/python3.10/site-packages/airflow/example_dags/example_complex.py
[2025-07-08T08:48:08.304+0000] {logging_mixin.py:150} INFO - [2025-07-08T08:48:08.303+0000] {dag.py:2742} INFO - Sync 1 DAGs
[2025-07-08T08:48:08.318+0000] {logging_mixin.py:150} INFO - [2025-07-08T08:48:08.318+0000] {dag.py:3504} INFO - Setting next_dagrun for example_complex to None, run_after=None
[2025-07-08T08:48:08.334+0000] {processor.py:179} INFO - Processing /home/vscode/.local/lib/python3.10/site-packages/airflow/example_dags/example_complex.py took 0.062 seconds
[2025-07-08T08:48:54.578+0000] {processor.py:157} INFO - Started process (PID=8367) to work on /home/vscode/.local/lib/python3.10/site-packages/airflow/example_dags/example_complex.py
[2025-07-08T08:48:54.579+0000] {processor.py:826} INFO - Processing file /home/vscode/.local/lib/python3.10/site-packages/airflow/example_dags/example_complex.py for tasks to queue
[2025-07-08T08:48:54.579+0000] {logging_mixin.py:150} INFO - [2025-07-08T08:48:54.579+0000] {dagbag.py:541} INFO - Filling up the DagBag from /home/vscode/.local/lib/python3.10/site-packages/airflow/example_dags/example_complex.py
[2025-07-08T08:48:54.588+0000] {processor.py:836} INFO - DAG(s) dict_keys(['example_complex']) retrieved from /home/vscode/.local/lib/python3.10/site-packages/airflow/example_dags/example_complex.py
[2025-07-08T08:48:54.606+0000] {logging_mixin.py:150} INFO - [2025-07-08T08:48:54.606+0000] {dag.py:2742} INFO - Sync 1 DAGs
[2025-07-08T08:48:54.621+0000] {logging_mixin.py:150} INFO - [2025-07-08T08:48:54.620+0000] {dag.py:3504} INFO - Setting next_dagrun for example_complex to None, run_after=None
[2025-07-08T08:48:54.638+0000] {processor.py:179} INFO - Processing /home/vscode/.local/lib/python3.10/site-packages/airflow/example_dags/example_complex.py took 0.062 seconds
[2025-07-08T08:49:36.981+0000] {processor.py:157} INFO - Started process (PID=8662) to work on /home/vscode/.local/lib/python3.10/site-packages/airflow/example_dags/example_complex.py
[2025-07-08T08:49:36.982+0000] {processor.py:826} INFO - Processing file /home/vscode/.local/lib/python3.10/site-packages/airflow/example_dags/example_complex.py for tasks to queue
[2025-07-08T08:49:36.983+0000] {logging_mixin.py:150} INFO - [2025-07-08T08:49:36.983+0000] {dagbag.py:541} INFO - Filling up the DagBag from /home/vscode/.local/lib/python3.10/site-packages/airflow/example_dags/example_complex.py
[2025-07-08T08:49:36.992+0000] {processor.py:836} INFO - DAG(s) dict_keys(['example_complex']) retrieved from /home/vscode/.local/lib/python3.10/site-packages/airflow/example_dags/example_complex.py
[2025-07-08T08:49:37.012+0000] {logging_mixin.py:150} INFO - [2025-07-08T08:49:37.012+0000] {dag.py:2742} INFO - Sync 1 DAGs
[2025-07-08T08:49:37.030+0000] {logging_mixin.py:150} INFO - [2025-07-08T08:49:37.030+0000] {dag.py:3504} INFO - Setting next_dagrun for example_complex to None, run_after=None
[2025-07-08T08:49:37.048+0000] {processor.py:179} INFO - Processing /home/vscode/.local/lib/python3.10/site-packages/airflow/example_dags/example_complex.py took 0.070 seconds
[2025-07-08T08:50:24.335+0000] {processor.py:157} INFO - Started process (PID=8993) to work on /home/vscode/.local/lib/python3.10/site-packages/airflow/example_dags/example_complex.py
[2025-07-08T08:50:24.335+0000] {processor.py:826} INFO - Processing file /home/vscode/.local/lib/python3.10/site-packages/airflow/example_dags/example_complex.py for tasks to queue
[2025-07-08T08:50:24.336+0000] {logging_mixin.py:150} INFO - [2025-07-08T08:50:24.336+0000] {dagbag.py:541} INFO - Filling up the DagBag from /home/vscode/.local/lib/python3.10/site-packages/airflow/example_dags/example_complex.py
[2025-07-08T08:50:24.344+0000] {processor.py:836} INFO - DAG(s) dict_keys(['example_complex']) retrieved from /home/vscode/.local/lib/python3.10/site-packages/airflow/example_dags/example_complex.py
[2025-07-08T08:50:24.363+0000] {logging_mixin.py:150} INFO - [2025-07-08T08:50:24.363+0000] {dag.py:2742} INFO - Sync 1 DAGs
[2025-07-08T08:50:24.377+0000] {logging_mixin.py:150} INFO - [2025-07-08T08:50:24.377+0000] {dag.py:3504} INFO - Setting next_dagrun for example_complex to None, run_after=None
[2025-07-08T08:50:24.394+0000] {processor.py:179} INFO - Processing /home/vscode/.local/lib/python3.10/site-packages/airflow/example_dags/example_complex.py took 0.061 seconds
[2025-07-08T08:51:11.246+0000] {processor.py:157} INFO - Started process (PID=9342) to work on /home/vscode/.local/lib/python3.10/site-packages/airflow/example_dags/example_complex.py
[2025-07-08T08:51:11.246+0000] {processor.py:826} INFO - Processing file /home/vscode/.local/lib/python3.10/site-packages/airflow/example_dags/example_complex.py for tasks to queue
[2025-07-08T08:51:11.247+0000] {logging_mixin.py:150} INFO - [2025-07-08T08:51:11.247+0000] {dagbag.py:541} INFO - Filling up the DagBag from /home/vscode/.local/lib/python3.10/site-packages/airflow/example_dags/example_complex.py
[2025-07-08T08:51:11.260+0000] {processor.py:836} INFO - DAG(s) dict_keys(['example_complex']) retrieved from /home/vscode/.local/lib/python3.10/site-packages/airflow/example_dags/example_complex.py
[2025-07-08T08:51:11.280+0000] {logging_mixin.py:150} INFO - [2025-07-08T08:51:11.279+0000] {dag.py:2742} INFO - Sync 1 DAGs
[2025-07-08T08:51:11.294+0000] {logging_mixin.py:150} INFO - [2025-07-08T08:51:11.294+0000] {dag.py:3504} INFO - Setting next_dagrun for example_complex to None, run_after=None
[2025-07-08T08:51:11.309+0000] {processor.py:179} INFO - Processing /home/vscode/.local/lib/python3.10/site-packages/airflow/example_dags/example_complex.py took 0.066 seconds
[2025-07-08T08:51:54.698+0000] {processor.py:157} INFO - Started process (PID=9638) to work on /home/vscode/.local/lib/python3.10/site-packages/airflow/example_dags/example_complex.py
[2025-07-08T08:51:54.698+0000] {processor.py:826} INFO - Processing file /home/vscode/.local/lib/python3.10/site-packages/airflow/example_dags/example_complex.py for tasks to queue
[2025-07-08T08:51:54.699+0000] {logging_mixin.py:150} INFO - [2025-07-08T08:51:54.699+0000] {dagbag.py:541} INFO - Filling up the DagBag from /home/vscode/.local/lib/python3.10/site-packages/airflow/example_dags/example_complex.py
[2025-07-08T08:51:54.707+0000] {processor.py:836} INFO - DAG(s) dict_keys(['example_complex']) retrieved from /home/vscode/.local/lib/python3.10/site-packages/airflow/example_dags/example_complex.py
[2025-07-08T08:51:54.726+0000] {logging_mixin.py:150} INFO - [2025-07-08T08:51:54.726+0000] {dag.py:2742} INFO - Sync 1 DAGs
[2025-07-08T08:51:54.740+0000] {logging_mixin.py:150} INFO - [2025-07-08T08:51:54.740+0000] {dag.py:3504} INFO - Setting next_dagrun for example_complex to None, run_after=None
[2025-07-08T08:51:54.758+0000] {processor.py:179} INFO - Processing /home/vscode/.local/lib/python3.10/site-packages/airflow/example_dags/example_complex.py took 0.063 seconds
[2025-07-08T08:52:38.676+0000] {processor.py:157} INFO - Started process (PID=9926) to work on /home/vscode/.local/lib/python3.10/site-packages/airflow/example_dags/example_complex.py
[2025-07-08T08:52:38.677+0000] {processor.py:826} INFO - Processing file /home/vscode/.local/lib/python3.10/site-packages/airflow/example_dags/example_complex.py for tasks to queue
[2025-07-08T08:52:38.678+0000] {logging_mixin.py:150} INFO - [2025-07-08T08:52:38.678+0000] {dagbag.py:541} INFO - Filling up the DagBag from /home/vscode/.local/lib/python3.10/site-packages/airflow/example_dags/example_complex.py
[2025-07-08T08:52:38.686+0000] {processor.py:836} INFO - DAG(s) dict_keys(['example_complex']) retrieved from /home/vscode/.local/lib/python3.10/site-packages/airflow/example_dags/example_complex.py
[2025-07-08T08:52:38.705+0000] {logging_mixin.py:150} INFO - [2025-07-08T08:52:38.705+0000] {dag.py:2742} INFO - Sync 1 DAGs
[2025-07-08T08:52:38.719+0000] {logging_mixin.py:150} INFO - [2025-07-08T08:52:38.719+0000] {dag.py:3504} INFO - Setting next_dagrun for example_complex to None, run_after=None
[2025-07-08T08:52:38.735+0000] {processor.py:179} INFO - Processing /home/vscode/.local/lib/python3.10/site-packages/airflow/example_dags/example_complex.py took 0.061 seconds
[2025-07-08T08:53:27.644+0000] {processor.py:157} INFO - Started process (PID=10262) to work on /home/vscode/.local/lib/python3.10/site-packages/airflow/example_dags/example_complex.py
[2025-07-08T08:53:27.644+0000] {processor.py:826} INFO - Processing file /home/vscode/.local/lib/python3.10/site-packages/airflow/example_dags/example_complex.py for tasks to queue
[2025-07-08T08:53:27.645+0000] {logging_mixin.py:150} INFO - [2025-07-08T08:53:27.645+0000] {dagbag.py:541} INFO - Filling up the DagBag from /home/vscode/.local/lib/python3.10/site-packages/airflow/example_dags/example_complex.py
[2025-07-08T08:53:27.653+0000] {processor.py:836} INFO - DAG(s) dict_keys(['example_complex']) retrieved from /home/vscode/.local/lib/python3.10/site-packages/airflow/example_dags/example_complex.py
[2025-07-08T08:53:27.673+0000] {logging_mixin.py:150} INFO - [2025-07-08T08:53:27.673+0000] {dag.py:2742} INFO - Sync 1 DAGs
[2025-07-08T08:53:27.688+0000] {logging_mixin.py:150} INFO - [2025-07-08T08:53:27.688+0000] {dag.py:3504} INFO - Setting next_dagrun for example_complex to None, run_after=None
[2025-07-08T08:53:27.704+0000] {processor.py:179} INFO - Processing /home/vscode/.local/lib/python3.10/site-packages/airflow/example_dags/example_complex.py took 0.063 seconds
[2025-07-08T08:54:11.103+0000] {processor.py:157} INFO - Started process (PID=10555) to work on /home/vscode/.local/lib/python3.10/site-packages/airflow/example_dags/example_complex.py
[2025-07-08T08:54:11.104+0000] {processor.py:826} INFO - Processing file /home/vscode/.local/lib/python3.10/site-packages/airflow/example_dags/example_complex.py for tasks to queue
[2025-07-08T08:54:11.105+0000] {logging_mixin.py:150} INFO - [2025-07-08T08:54:11.104+0000] {dagbag.py:541} INFO - Filling up the DagBag from /home/vscode/.local/lib/python3.10/site-packages/airflow/example_dags/example_complex.py
[2025-07-08T08:54:11.113+0000] {processor.py:836} INFO - DAG(s) dict_keys(['example_complex']) retrieved from /home/vscode/.local/lib/python3.10/site-packages/airflow/example_dags/example_complex.py
[2025-07-08T08:54:11.133+0000] {logging_mixin.py:150} INFO - [2025-07-08T08:54:11.133+0000] {dag.py:2742} INFO - Sync 1 DAGs
[2025-07-08T08:54:11.148+0000] {logging_mixin.py:150} INFO - [2025-07-08T08:54:11.147+0000] {dag.py:3504} INFO - Setting next_dagrun for example_complex to None, run_after=None
[2025-07-08T08:54:11.164+0000] {processor.py:179} INFO - Processing /home/vscode/.local/lib/python3.10/site-packages/airflow/example_dags/example_complex.py took 0.063 seconds
[2025-07-08T08:55:00.744+0000] {processor.py:157} INFO - Started process (PID=10881) to work on /home/vscode/.local/lib/python3.10/site-packages/airflow/example_dags/example_complex.py
[2025-07-08T08:55:00.745+0000] {processor.py:826} INFO - Processing file /home/vscode/.local/lib/python3.10/site-packages/airflow/example_dags/example_complex.py for tasks to queue
[2025-07-08T08:55:00.746+0000] {logging_mixin.py:150} INFO - [2025-07-08T08:55:00.745+0000] {dagbag.py:541} INFO - Filling up the DagBag from /home/vscode/.local/lib/python3.10/site-packages/airflow/example_dags/example_complex.py
[2025-07-08T08:55:00.754+0000] {processor.py:836} INFO - DAG(s) dict_keys(['example_complex']) retrieved from /home/vscode/.local/lib/python3.10/site-packages/airflow/example_dags/example_complex.py
[2025-07-08T08:55:00.773+0000] {logging_mixin.py:150} INFO - [2025-07-08T08:55:00.772+0000] {dag.py:2742} INFO - Sync 1 DAGs
[2025-07-08T08:55:00.787+0000] {logging_mixin.py:150} INFO - [2025-07-08T08:55:00.786+0000] {dag.py:3504} INFO - Setting next_dagrun for example_complex to None, run_after=None
[2025-07-08T08:55:00.803+0000] {processor.py:179} INFO - Processing /home/vscode/.local/lib/python3.10/site-packages/airflow/example_dags/example_complex.py took 0.061 seconds
[2025-07-08T08:55:46.177+0000] {processor.py:157} INFO - Started process (PID=11310) to work on /home/vscode/.local/lib/python3.10/site-packages/airflow/example_dags/example_complex.py
[2025-07-08T08:55:46.178+0000] {processor.py:826} INFO - Processing file /home/vscode/.local/lib/python3.10/site-packages/airflow/example_dags/example_complex.py for tasks to queue
[2025-07-08T08:55:46.179+0000] {logging_mixin.py:150} INFO - [2025-07-08T08:55:46.179+0000] {dagbag.py:541} INFO - Filling up the DagBag from /home/vscode/.local/lib/python3.10/site-packages/airflow/example_dags/example_complex.py
[2025-07-08T08:55:46.188+0000] {processor.py:836} INFO - DAG(s) dict_keys(['example_complex']) retrieved from /home/vscode/.local/lib/python3.10/site-packages/airflow/example_dags/example_complex.py
[2025-07-08T08:55:46.209+0000] {logging_mixin.py:150} INFO - [2025-07-08T08:55:46.209+0000] {dag.py:2742} INFO - Sync 1 DAGs
[2025-07-08T08:55:46.231+0000] {logging_mixin.py:150} INFO - [2025-07-08T08:55:46.231+0000] {dag.py:3504} INFO - Setting next_dagrun for example_complex to None, run_after=None
[2025-07-08T08:55:46.262+0000] {processor.py:179} INFO - Processing /home/vscode/.local/lib/python3.10/site-packages/airflow/example_dags/example_complex.py took 0.088 seconds
[2025-07-08T08:56:29.579+0000] {processor.py:157} INFO - Started process (PID=11691) to work on /home/vscode/.local/lib/python3.10/site-packages/airflow/example_dags/example_complex.py
[2025-07-08T08:56:29.580+0000] {processor.py:826} INFO - Processing file /home/vscode/.local/lib/python3.10/site-packages/airflow/example_dags/example_complex.py for tasks to queue
[2025-07-08T08:56:29.581+0000] {logging_mixin.py:150} INFO - [2025-07-08T08:56:29.580+0000] {dagbag.py:541} INFO - Filling up the DagBag from /home/vscode/.local/lib/python3.10/site-packages/airflow/example_dags/example_complex.py
[2025-07-08T08:56:29.589+0000] {processor.py:836} INFO - DAG(s) dict_keys(['example_complex']) retrieved from /home/vscode/.local/lib/python3.10/site-packages/airflow/example_dags/example_complex.py
[2025-07-08T08:56:29.608+0000] {logging_mixin.py:150} INFO - [2025-07-08T08:56:29.608+0000] {dag.py:2742} INFO - Sync 1 DAGs
[2025-07-08T08:56:29.623+0000] {logging_mixin.py:150} INFO - [2025-07-08T08:56:29.623+0000] {dag.py:3504} INFO - Setting next_dagrun for example_complex to None, run_after=None
[2025-07-08T08:56:29.639+0000] {processor.py:179} INFO - Processing /home/vscode/.local/lib/python3.10/site-packages/airflow/example_dags/example_complex.py took 0.062 seconds
[2025-07-08T08:57:14.258+0000] {processor.py:157} INFO - Started process (PID=12090) to work on /home/vscode/.local/lib/python3.10/site-packages/airflow/example_dags/example_complex.py
[2025-07-08T08:57:14.259+0000] {processor.py:826} INFO - Processing file /home/vscode/.local/lib/python3.10/site-packages/airflow/example_dags/example_complex.py for tasks to queue
[2025-07-08T08:57:14.260+0000] {logging_mixin.py:150} INFO - [2025-07-08T08:57:14.259+0000] {dagbag.py:541} INFO - Filling up the DagBag from /home/vscode/.local/lib/python3.10/site-packages/airflow/example_dags/example_complex.py
[2025-07-08T08:57:14.268+0000] {processor.py:836} INFO - DAG(s) dict_keys(['example_complex']) retrieved from /home/vscode/.local/lib/python3.10/site-packages/airflow/example_dags/example_complex.py
[2025-07-08T08:57:14.288+0000] {logging_mixin.py:150} INFO - [2025-07-08T08:57:14.287+0000] {dag.py:2742} INFO - Sync 1 DAGs
[2025-07-08T08:57:14.302+0000] {logging_mixin.py:150} INFO - [2025-07-08T08:57:14.302+0000] {dag.py:3504} INFO - Setting next_dagrun for example_complex to None, run_after=None
[2025-07-08T08:57:14.320+0000] {processor.py:179} INFO - Processing /home/vscode/.local/lib/python3.10/site-packages/airflow/example_dags/example_complex.py took 0.064 seconds
[2025-07-08T08:57:58.246+0000] {processor.py:157} INFO - Started process (PID=12389) to work on /home/vscode/.local/lib/python3.10/site-packages/airflow/example_dags/example_complex.py
[2025-07-08T08:57:58.246+0000] {processor.py:826} INFO - Processing file /home/vscode/.local/lib/python3.10/site-packages/airflow/example_dags/example_complex.py for tasks to queue
[2025-07-08T08:57:58.247+0000] {logging_mixin.py:150} INFO - [2025-07-08T08:57:58.247+0000] {dagbag.py:541} INFO - Filling up the DagBag from /home/vscode/.local/lib/python3.10/site-packages/airflow/example_dags/example_complex.py
[2025-07-08T08:57:58.255+0000] {processor.py:836} INFO - DAG(s) dict_keys(['example_complex']) retrieved from /home/vscode/.local/lib/python3.10/site-packages/airflow/example_dags/example_complex.py
[2025-07-08T08:57:58.274+0000] {logging_mixin.py:150} INFO - [2025-07-08T08:57:58.274+0000] {dag.py:2742} INFO - Sync 1 DAGs
[2025-07-08T08:57:58.289+0000] {logging_mixin.py:150} INFO - [2025-07-08T08:57:58.289+0000] {dag.py:3504} INFO - Setting next_dagrun for example_complex to None, run_after=None
[2025-07-08T08:57:58.308+0000] {processor.py:179} INFO - Processing /home/vscode/.local/lib/python3.10/site-packages/airflow/example_dags/example_complex.py took 0.064 seconds
[2025-07-08T08:58:48.886+0000] {processor.py:157} INFO - Started process (PID=13052) to work on /home/vscode/.local/lib/python3.10/site-packages/airflow/example_dags/example_complex.py
[2025-07-08T08:58:48.889+0000] {processor.py:826} INFO - Processing file /home/vscode/.local/lib/python3.10/site-packages/airflow/example_dags/example_complex.py for tasks to queue
[2025-07-08T08:58:48.889+0000] {logging_mixin.py:150} INFO - [2025-07-08T08:58:48.889+0000] {dagbag.py:541} INFO - Filling up the DagBag from /home/vscode/.local/lib/python3.10/site-packages/airflow/example_dags/example_complex.py
[2025-07-08T08:58:48.925+0000] {processor.py:836} INFO - DAG(s) dict_keys(['example_complex']) retrieved from /home/vscode/.local/lib/python3.10/site-packages/airflow/example_dags/example_complex.py
[2025-07-08T08:58:48.999+0000] {logging_mixin.py:150} INFO - [2025-07-08T08:58:48.999+0000] {dag.py:2742} INFO - Sync 1 DAGs
[2025-07-08T08:58:49.028+0000] {logging_mixin.py:150} INFO - [2025-07-08T08:58:49.028+0000] {dag.py:3504} INFO - Setting next_dagrun for example_complex to None, run_after=None
[2025-07-08T08:58:49.043+0000] {processor.py:179} INFO - Processing /home/vscode/.local/lib/python3.10/site-packages/airflow/example_dags/example_complex.py took 0.168 seconds
[2025-07-08T08:59:49.195+0000] {processor.py:157} INFO - Started process (PID=13502) to work on /home/vscode/.local/lib/python3.10/site-packages/airflow/example_dags/example_complex.py
[2025-07-08T08:59:49.196+0000] {processor.py:826} INFO - Processing file /home/vscode/.local/lib/python3.10/site-packages/airflow/example_dags/example_complex.py for tasks to queue
[2025-07-08T08:59:49.197+0000] {logging_mixin.py:150} INFO - [2025-07-08T08:59:49.196+0000] {dagbag.py:541} INFO - Filling up the DagBag from /home/vscode/.local/lib/python3.10/site-packages/airflow/example_dags/example_complex.py
[2025-07-08T08:59:49.210+0000] {processor.py:836} INFO - DAG(s) dict_keys(['example_complex']) retrieved from /home/vscode/.local/lib/python3.10/site-packages/airflow/example_dags/example_complex.py
[2025-07-08T08:59:49.244+0000] {logging_mixin.py:150} INFO - [2025-07-08T08:59:49.244+0000] {dag.py:2742} INFO - Sync 1 DAGs
[2025-07-08T08:59:49.278+0000] {logging_mixin.py:150} INFO - [2025-07-08T08:59:49.278+0000] {dag.py:3504} INFO - Setting next_dagrun for example_complex to None, run_after=None
[2025-07-08T08:59:49.305+0000] {processor.py:179} INFO - Processing /home/vscode/.local/lib/python3.10/site-packages/airflow/example_dags/example_complex.py took 0.113 seconds
[2025-07-08T09:00:57.575+0000] {processor.py:157} INFO - Started process (PID=14018) to work on /home/vscode/.local/lib/python3.10/site-packages/airflow/example_dags/example_complex.py
[2025-07-08T09:00:57.575+0000] {processor.py:826} INFO - Processing file /home/vscode/.local/lib/python3.10/site-packages/airflow/example_dags/example_complex.py for tasks to queue
[2025-07-08T09:00:57.576+0000] {logging_mixin.py:150} INFO - [2025-07-08T09:00:57.576+0000] {dagbag.py:541} INFO - Filling up the DagBag from /home/vscode/.local/lib/python3.10/site-packages/airflow/example_dags/example_complex.py
[2025-07-08T09:00:57.585+0000] {processor.py:836} INFO - DAG(s) dict_keys(['example_complex']) retrieved from /home/vscode/.local/lib/python3.10/site-packages/airflow/example_dags/example_complex.py
[2025-07-08T09:00:57.604+0000] {logging_mixin.py:150} INFO - [2025-07-08T09:00:57.604+0000] {dag.py:2742} INFO - Sync 1 DAGs
[2025-07-08T09:00:57.619+0000] {logging_mixin.py:150} INFO - [2025-07-08T09:00:57.619+0000] {dag.py:3504} INFO - Setting next_dagrun for example_complex to None, run_after=None
[2025-07-08T09:00:57.637+0000] {processor.py:179} INFO - Processing /home/vscode/.local/lib/python3.10/site-packages/airflow/example_dags/example_complex.py took 0.065 seconds
[2025-07-08T09:01:48.760+0000] {processor.py:157} INFO - Started process (PID=14401) to work on /home/vscode/.local/lib/python3.10/site-packages/airflow/example_dags/example_complex.py
[2025-07-08T09:01:48.761+0000] {processor.py:826} INFO - Processing file /home/vscode/.local/lib/python3.10/site-packages/airflow/example_dags/example_complex.py for tasks to queue
[2025-07-08T09:01:48.762+0000] {logging_mixin.py:150} INFO - [2025-07-08T09:01:48.761+0000] {dagbag.py:541} INFO - Filling up the DagBag from /home/vscode/.local/lib/python3.10/site-packages/airflow/example_dags/example_complex.py
[2025-07-08T09:01:48.770+0000] {processor.py:836} INFO - DAG(s) dict_keys(['example_complex']) retrieved from /home/vscode/.local/lib/python3.10/site-packages/airflow/example_dags/example_complex.py
[2025-07-08T09:01:48.791+0000] {logging_mixin.py:150} INFO - [2025-07-08T09:01:48.791+0000] {dag.py:2742} INFO - Sync 1 DAGs
[2025-07-08T09:01:48.806+0000] {logging_mixin.py:150} INFO - [2025-07-08T09:01:48.805+0000] {dag.py:3504} INFO - Setting next_dagrun for example_complex to None, run_after=None
[2025-07-08T09:01:48.823+0000] {processor.py:179} INFO - Processing /home/vscode/.local/lib/python3.10/site-packages/airflow/example_dags/example_complex.py took 0.065 seconds
[2025-07-08T09:02:43.639+0000] {processor.py:157} INFO - Started process (PID=14807) to work on /home/vscode/.local/lib/python3.10/site-packages/airflow/example_dags/example_complex.py
[2025-07-08T09:02:43.639+0000] {processor.py:826} INFO - Processing file /home/vscode/.local/lib/python3.10/site-packages/airflow/example_dags/example_complex.py for tasks to queue
[2025-07-08T09:02:43.640+0000] {logging_mixin.py:150} INFO - [2025-07-08T09:02:43.640+0000] {dagbag.py:541} INFO - Filling up the DagBag from /home/vscode/.local/lib/python3.10/site-packages/airflow/example_dags/example_complex.py
[2025-07-08T09:02:43.648+0000] {processor.py:836} INFO - DAG(s) dict_keys(['example_complex']) retrieved from /home/vscode/.local/lib/python3.10/site-packages/airflow/example_dags/example_complex.py
[2025-07-08T09:02:43.667+0000] {logging_mixin.py:150} INFO - [2025-07-08T09:02:43.666+0000] {dag.py:2742} INFO - Sync 1 DAGs
[2025-07-08T09:02:43.680+0000] {logging_mixin.py:150} INFO - [2025-07-08T09:02:43.680+0000] {dag.py:3504} INFO - Setting next_dagrun for example_complex to None, run_after=None
[2025-07-08T09:02:43.698+0000] {processor.py:179} INFO - Processing /home/vscode/.local/lib/python3.10/site-packages/airflow/example_dags/example_complex.py took 0.061 seconds
[2025-07-08T09:03:35.314+0000] {processor.py:157} INFO - Started process (PID=15181) to work on /home/vscode/.local/lib/python3.10/site-packages/airflow/example_dags/example_complex.py
[2025-07-08T09:03:35.315+0000] {processor.py:826} INFO - Processing file /home/vscode/.local/lib/python3.10/site-packages/airflow/example_dags/example_complex.py for tasks to queue
[2025-07-08T09:03:35.318+0000] {logging_mixin.py:150} INFO - [2025-07-08T09:03:35.315+0000] {dagbag.py:541} INFO - Filling up the DagBag from /home/vscode/.local/lib/python3.10/site-packages/airflow/example_dags/example_complex.py
[2025-07-08T09:03:35.377+0000] {processor.py:836} INFO - DAG(s) dict_keys(['example_complex']) retrieved from /home/vscode/.local/lib/python3.10/site-packages/airflow/example_dags/example_complex.py
[2025-07-08T09:03:35.488+0000] {logging_mixin.py:150} INFO - [2025-07-08T09:03:35.487+0000] {dag.py:2742} INFO - Sync 1 DAGs
[2025-07-08T09:03:35.550+0000] {logging_mixin.py:150} INFO - [2025-07-08T09:03:35.549+0000] {dag.py:3504} INFO - Setting next_dagrun for example_complex to None, run_after=None
[2025-07-08T09:03:35.584+0000] {processor.py:179} INFO - Processing /home/vscode/.local/lib/python3.10/site-packages/airflow/example_dags/example_complex.py took 0.281 seconds
[2025-07-08T09:04:23.114+0000] {processor.py:157} INFO - Started process (PID=15535) to work on /home/vscode/.local/lib/python3.10/site-packages/airflow/example_dags/example_complex.py
[2025-07-08T09:04:23.114+0000] {processor.py:826} INFO - Processing file /home/vscode/.local/lib/python3.10/site-packages/airflow/example_dags/example_complex.py for tasks to queue
[2025-07-08T09:04:23.115+0000] {logging_mixin.py:150} INFO - [2025-07-08T09:04:23.115+0000] {dagbag.py:541} INFO - Filling up the DagBag from /home/vscode/.local/lib/python3.10/site-packages/airflow/example_dags/example_complex.py
[2025-07-08T09:04:23.123+0000] {processor.py:836} INFO - DAG(s) dict_keys(['example_complex']) retrieved from /home/vscode/.local/lib/python3.10/site-packages/airflow/example_dags/example_complex.py
[2025-07-08T09:04:23.143+0000] {logging_mixin.py:150} INFO - [2025-07-08T09:04:23.143+0000] {dag.py:2742} INFO - Sync 1 DAGs
[2025-07-08T09:04:23.159+0000] {logging_mixin.py:150} INFO - [2025-07-08T09:04:23.158+0000] {dag.py:3504} INFO - Setting next_dagrun for example_complex to None, run_after=None
[2025-07-08T09:04:23.179+0000] {processor.py:179} INFO - Processing /home/vscode/.local/lib/python3.10/site-packages/airflow/example_dags/example_complex.py took 0.067 seconds
[2025-07-08T09:05:06.606+0000] {processor.py:157} INFO - Started process (PID=15823) to work on /home/vscode/.local/lib/python3.10/site-packages/airflow/example_dags/example_complex.py
[2025-07-08T09:05:06.607+0000] {processor.py:826} INFO - Processing file /home/vscode/.local/lib/python3.10/site-packages/airflow/example_dags/example_complex.py for tasks to queue
[2025-07-08T09:05:06.608+0000] {logging_mixin.py:150} INFO - [2025-07-08T09:05:06.607+0000] {dagbag.py:541} INFO - Filling up the DagBag from /home/vscode/.local/lib/python3.10/site-packages/airflow/example_dags/example_complex.py
[2025-07-08T09:05:06.618+0000] {processor.py:836} INFO - DAG(s) dict_keys(['example_complex']) retrieved from /home/vscode/.local/lib/python3.10/site-packages/airflow/example_dags/example_complex.py
[2025-07-08T09:05:06.637+0000] {logging_mixin.py:150} INFO - [2025-07-08T09:05:06.637+0000] {dag.py:2742} INFO - Sync 1 DAGs
[2025-07-08T09:05:06.651+0000] {logging_mixin.py:150} INFO - [2025-07-08T09:05:06.651+0000] {dag.py:3504} INFO - Setting next_dagrun for example_complex to None, run_after=None
[2025-07-08T09:05:06.667+0000] {processor.py:179} INFO - Processing /home/vscode/.local/lib/python3.10/site-packages/airflow/example_dags/example_complex.py took 0.064 seconds
[2025-07-08T09:05:55.176+0000] {processor.py:157} INFO - Started process (PID=16144) to work on /home/vscode/.local/lib/python3.10/site-packages/airflow/example_dags/example_complex.py
[2025-07-08T09:05:55.176+0000] {processor.py:826} INFO - Processing file /home/vscode/.local/lib/python3.10/site-packages/airflow/example_dags/example_complex.py for tasks to queue
[2025-07-08T09:05:55.177+0000] {logging_mixin.py:150} INFO - [2025-07-08T09:05:55.177+0000] {dagbag.py:541} INFO - Filling up the DagBag from /home/vscode/.local/lib/python3.10/site-packages/airflow/example_dags/example_complex.py
[2025-07-08T09:05:55.189+0000] {processor.py:836} INFO - DAG(s) dict_keys(['example_complex']) retrieved from /home/vscode/.local/lib/python3.10/site-packages/airflow/example_dags/example_complex.py
[2025-07-08T09:05:55.219+0000] {logging_mixin.py:150} INFO - [2025-07-08T09:05:55.219+0000] {dag.py:2742} INFO - Sync 1 DAGs
[2025-07-08T09:05:55.235+0000] {logging_mixin.py:150} INFO - [2025-07-08T09:05:55.235+0000] {dag.py:3504} INFO - Setting next_dagrun for example_complex to None, run_after=None
[2025-07-08T09:05:55.251+0000] {processor.py:179} INFO - Processing /home/vscode/.local/lib/python3.10/site-packages/airflow/example_dags/example_complex.py took 0.078 seconds
[2025-07-08T09:06:47.576+0000] {processor.py:157} INFO - Started process (PID=16504) to work on /home/vscode/.local/lib/python3.10/site-packages/airflow/example_dags/example_complex.py
[2025-07-08T09:06:47.576+0000] {processor.py:826} INFO - Processing file /home/vscode/.local/lib/python3.10/site-packages/airflow/example_dags/example_complex.py for tasks to queue
[2025-07-08T09:06:47.577+0000] {logging_mixin.py:150} INFO - [2025-07-08T09:06:47.577+0000] {dagbag.py:541} INFO - Filling up the DagBag from /home/vscode/.local/lib/python3.10/site-packages/airflow/example_dags/example_complex.py
[2025-07-08T09:06:47.585+0000] {processor.py:836} INFO - DAG(s) dict_keys(['example_complex']) retrieved from /home/vscode/.local/lib/python3.10/site-packages/airflow/example_dags/example_complex.py
[2025-07-08T09:06:47.605+0000] {logging_mixin.py:150} INFO - [2025-07-08T09:06:47.605+0000] {dag.py:2742} INFO - Sync 1 DAGs
[2025-07-08T09:06:47.620+0000] {logging_mixin.py:150} INFO - [2025-07-08T09:06:47.620+0000] {dag.py:3504} INFO - Setting next_dagrun for example_complex to None, run_after=None
[2025-07-08T09:06:47.637+0000] {processor.py:179} INFO - Processing /home/vscode/.local/lib/python3.10/site-packages/airflow/example_dags/example_complex.py took 0.063 seconds
[2025-07-08T09:07:38.783+0000] {processor.py:157} INFO - Started process (PID=16839) to work on /home/vscode/.local/lib/python3.10/site-packages/airflow/example_dags/example_complex.py
[2025-07-08T09:07:38.783+0000] {processor.py:826} INFO - Processing file /home/vscode/.local/lib/python3.10/site-packages/airflow/example_dags/example_complex.py for tasks to queue
[2025-07-08T09:07:38.784+0000] {logging_mixin.py:150} INFO - [2025-07-08T09:07:38.784+0000] {dagbag.py:541} INFO - Filling up the DagBag from /home/vscode/.local/lib/python3.10/site-packages/airflow/example_dags/example_complex.py
[2025-07-08T09:07:38.793+0000] {processor.py:836} INFO - DAG(s) dict_keys(['example_complex']) retrieved from /home/vscode/.local/lib/python3.10/site-packages/airflow/example_dags/example_complex.py
[2025-07-08T09:07:38.813+0000] {logging_mixin.py:150} INFO - [2025-07-08T09:07:38.813+0000] {dag.py:2742} INFO - Sync 1 DAGs
[2025-07-08T09:07:38.830+0000] {logging_mixin.py:150} INFO - [2025-07-08T09:07:38.830+0000] {dag.py:3504} INFO - Setting next_dagrun for example_complex to None, run_after=None
[2025-07-08T09:07:38.847+0000] {processor.py:179} INFO - Processing /home/vscode/.local/lib/python3.10/site-packages/airflow/example_dags/example_complex.py took 0.067 seconds
[2025-07-08T09:08:30.509+0000] {processor.py:157} INFO - Started process (PID=17194) to work on /home/vscode/.local/lib/python3.10/site-packages/airflow/example_dags/example_complex.py
[2025-07-08T09:08:30.510+0000] {processor.py:826} INFO - Processing file /home/vscode/.local/lib/python3.10/site-packages/airflow/example_dags/example_complex.py for tasks to queue
[2025-07-08T09:08:30.511+0000] {logging_mixin.py:150} INFO - [2025-07-08T09:08:30.510+0000] {dagbag.py:541} INFO - Filling up the DagBag from /home/vscode/.local/lib/python3.10/site-packages/airflow/example_dags/example_complex.py
[2025-07-08T09:08:30.519+0000] {processor.py:836} INFO - DAG(s) dict_keys(['example_complex']) retrieved from /home/vscode/.local/lib/python3.10/site-packages/airflow/example_dags/example_complex.py
[2025-07-08T09:08:30.537+0000] {logging_mixin.py:150} INFO - [2025-07-08T09:08:30.537+0000] {dag.py:2742} INFO - Sync 1 DAGs
[2025-07-08T09:08:30.551+0000] {logging_mixin.py:150} INFO - [2025-07-08T09:08:30.551+0000] {dag.py:3504} INFO - Setting next_dagrun for example_complex to None, run_after=None
[2025-07-08T09:08:30.567+0000] {processor.py:179} INFO - Processing /home/vscode/.local/lib/python3.10/site-packages/airflow/example_dags/example_complex.py took 0.060 seconds
[2025-07-08T09:09:17.324+0000] {processor.py:157} INFO - Started process (PID=17516) to work on /home/vscode/.local/lib/python3.10/site-packages/airflow/example_dags/example_complex.py
[2025-07-08T09:09:17.325+0000] {processor.py:826} INFO - Processing file /home/vscode/.local/lib/python3.10/site-packages/airflow/example_dags/example_complex.py for tasks to queue
[2025-07-08T09:09:17.325+0000] {logging_mixin.py:150} INFO - [2025-07-08T09:09:17.325+0000] {dagbag.py:541} INFO - Filling up the DagBag from /home/vscode/.local/lib/python3.10/site-packages/airflow/example_dags/example_complex.py
[2025-07-08T09:09:17.334+0000] {processor.py:836} INFO - DAG(s) dict_keys(['example_complex']) retrieved from /home/vscode/.local/lib/python3.10/site-packages/airflow/example_dags/example_complex.py
[2025-07-08T09:09:17.353+0000] {logging_mixin.py:150} INFO - [2025-07-08T09:09:17.353+0000] {dag.py:2742} INFO - Sync 1 DAGs
[2025-07-08T09:09:17.369+0000] {logging_mixin.py:150} INFO - [2025-07-08T09:09:17.369+0000] {dag.py:3504} INFO - Setting next_dagrun for example_complex to None, run_after=None
[2025-07-08T09:09:17.385+0000] {processor.py:179} INFO - Processing /home/vscode/.local/lib/python3.10/site-packages/airflow/example_dags/example_complex.py took 0.063 seconds
[2025-07-08T09:10:09.155+0000] {processor.py:157} INFO - Started process (PID=17866) to work on /home/vscode/.local/lib/python3.10/site-packages/airflow/example_dags/example_complex.py
[2025-07-08T09:10:09.156+0000] {processor.py:826} INFO - Processing file /home/vscode/.local/lib/python3.10/site-packages/airflow/example_dags/example_complex.py for tasks to queue
[2025-07-08T09:10:09.156+0000] {logging_mixin.py:150} INFO - [2025-07-08T09:10:09.156+0000] {dagbag.py:541} INFO - Filling up the DagBag from /home/vscode/.local/lib/python3.10/site-packages/airflow/example_dags/example_complex.py
[2025-07-08T09:10:09.164+0000] {processor.py:836} INFO - DAG(s) dict_keys(['example_complex']) retrieved from /home/vscode/.local/lib/python3.10/site-packages/airflow/example_dags/example_complex.py
[2025-07-08T09:10:09.185+0000] {logging_mixin.py:150} INFO - [2025-07-08T09:10:09.185+0000] {dag.py:2742} INFO - Sync 1 DAGs
[2025-07-08T09:10:09.200+0000] {logging_mixin.py:150} INFO - [2025-07-08T09:10:09.200+0000] {dag.py:3504} INFO - Setting next_dagrun for example_complex to None, run_after=None
[2025-07-08T09:10:09.305+0000] {processor.py:179} INFO - Processing /home/vscode/.local/lib/python3.10/site-packages/airflow/example_dags/example_complex.py took 0.152 seconds
[2025-07-08T09:10:57.661+0000] {processor.py:157} INFO - Started process (PID=18221) to work on /home/vscode/.local/lib/python3.10/site-packages/airflow/example_dags/example_complex.py
[2025-07-08T09:10:57.662+0000] {processor.py:826} INFO - Processing file /home/vscode/.local/lib/python3.10/site-packages/airflow/example_dags/example_complex.py for tasks to queue
[2025-07-08T09:10:57.663+0000] {logging_mixin.py:150} INFO - [2025-07-08T09:10:57.662+0000] {dagbag.py:541} INFO - Filling up the DagBag from /home/vscode/.local/lib/python3.10/site-packages/airflow/example_dags/example_complex.py
[2025-07-08T09:10:57.670+0000] {processor.py:836} INFO - DAG(s) dict_keys(['example_complex']) retrieved from /home/vscode/.local/lib/python3.10/site-packages/airflow/example_dags/example_complex.py
[2025-07-08T09:10:57.690+0000] {logging_mixin.py:150} INFO - [2025-07-08T09:10:57.690+0000] {dag.py:2742} INFO - Sync 1 DAGs
[2025-07-08T09:10:57.704+0000] {logging_mixin.py:150} INFO - [2025-07-08T09:10:57.704+0000] {dag.py:3504} INFO - Setting next_dagrun for example_complex to None, run_after=None
[2025-07-08T09:10:57.720+0000] {processor.py:179} INFO - Processing /home/vscode/.local/lib/python3.10/site-packages/airflow/example_dags/example_complex.py took 0.061 seconds
[2025-07-08T09:11:52.301+0000] {processor.py:157} INFO - Started process (PID=18603) to work on /home/vscode/.local/lib/python3.10/site-packages/airflow/example_dags/example_complex.py
[2025-07-08T09:11:52.302+0000] {processor.py:826} INFO - Processing file /home/vscode/.local/lib/python3.10/site-packages/airflow/example_dags/example_complex.py for tasks to queue
[2025-07-08T09:11:52.302+0000] {logging_mixin.py:150} INFO - [2025-07-08T09:11:52.302+0000] {dagbag.py:541} INFO - Filling up the DagBag from /home/vscode/.local/lib/python3.10/site-packages/airflow/example_dags/example_complex.py
[2025-07-08T09:11:52.311+0000] {processor.py:836} INFO - DAG(s) dict_keys(['example_complex']) retrieved from /home/vscode/.local/lib/python3.10/site-packages/airflow/example_dags/example_complex.py
[2025-07-08T09:11:52.330+0000] {logging_mixin.py:150} INFO - [2025-07-08T09:11:52.330+0000] {dag.py:2742} INFO - Sync 1 DAGs
[2025-07-08T09:11:52.345+0000] {logging_mixin.py:150} INFO - [2025-07-08T09:11:52.345+0000] {dag.py:3504} INFO - Setting next_dagrun for example_complex to None, run_after=None
[2025-07-08T09:11:52.360+0000] {processor.py:179} INFO - Processing /home/vscode/.local/lib/python3.10/site-packages/airflow/example_dags/example_complex.py took 0.061 seconds
[2025-07-08T09:12:52.689+0000] {processor.py:157} INFO - Started process (PID=19028) to work on /home/vscode/.local/lib/python3.10/site-packages/airflow/example_dags/example_complex.py
[2025-07-08T09:12:52.690+0000] {processor.py:826} INFO - Processing file /home/vscode/.local/lib/python3.10/site-packages/airflow/example_dags/example_complex.py for tasks to queue
[2025-07-08T09:12:52.690+0000] {logging_mixin.py:150} INFO - [2025-07-08T09:12:52.690+0000] {dagbag.py:541} INFO - Filling up the DagBag from /home/vscode/.local/lib/python3.10/site-packages/airflow/example_dags/example_complex.py
[2025-07-08T09:12:52.698+0000] {processor.py:836} INFO - DAG(s) dict_keys(['example_complex']) retrieved from /home/vscode/.local/lib/python3.10/site-packages/airflow/example_dags/example_complex.py
[2025-07-08T09:12:52.723+0000] {logging_mixin.py:150} INFO - [2025-07-08T09:12:52.723+0000] {dag.py:2742} INFO - Sync 1 DAGs
[2025-07-08T09:12:52.739+0000] {logging_mixin.py:150} INFO - [2025-07-08T09:12:52.739+0000] {dag.py:3504} INFO - Setting next_dagrun for example_complex to None, run_after=None
[2025-07-08T09:12:52.755+0000] {processor.py:179} INFO - Processing /home/vscode/.local/lib/python3.10/site-packages/airflow/example_dags/example_complex.py took 0.069 seconds
[2025-07-08T09:13:49.219+0000] {processor.py:157} INFO - Started process (PID=19437) to work on /home/vscode/.local/lib/python3.10/site-packages/airflow/example_dags/example_complex.py
[2025-07-08T09:13:49.220+0000] {processor.py:826} INFO - Processing file /home/vscode/.local/lib/python3.10/site-packages/airflow/example_dags/example_complex.py for tasks to queue
[2025-07-08T09:13:49.220+0000] {logging_mixin.py:150} INFO - [2025-07-08T09:13:49.220+0000] {dagbag.py:541} INFO - Filling up the DagBag from /home/vscode/.local/lib/python3.10/site-packages/airflow/example_dags/example_complex.py
[2025-07-08T09:13:49.229+0000] {processor.py:836} INFO - DAG(s) dict_keys(['example_complex']) retrieved from /home/vscode/.local/lib/python3.10/site-packages/airflow/example_dags/example_complex.py
[2025-07-08T09:13:49.249+0000] {logging_mixin.py:150} INFO - [2025-07-08T09:13:49.249+0000] {dag.py:2742} INFO - Sync 1 DAGs
[2025-07-08T09:13:49.264+0000] {logging_mixin.py:150} INFO - [2025-07-08T09:13:49.264+0000] {dag.py:3504} INFO - Setting next_dagrun for example_complex to None, run_after=None
[2025-07-08T09:13:49.281+0000] {processor.py:179} INFO - Processing /home/vscode/.local/lib/python3.10/site-packages/airflow/example_dags/example_complex.py took 0.064 seconds
[2025-07-08T09:14:49.370+0000] {processor.py:157} INFO - Started process (PID=19863) to work on /home/vscode/.local/lib/python3.10/site-packages/airflow/example_dags/example_complex.py
[2025-07-08T09:14:49.371+0000] {processor.py:826} INFO - Processing file /home/vscode/.local/lib/python3.10/site-packages/airflow/example_dags/example_complex.py for tasks to queue
[2025-07-08T09:14:49.371+0000] {logging_mixin.py:150} INFO - [2025-07-08T09:14:49.371+0000] {dagbag.py:541} INFO - Filling up the DagBag from /home/vscode/.local/lib/python3.10/site-packages/airflow/example_dags/example_complex.py
[2025-07-08T09:14:49.379+0000] {processor.py:836} INFO - DAG(s) dict_keys(['example_complex']) retrieved from /home/vscode/.local/lib/python3.10/site-packages/airflow/example_dags/example_complex.py
[2025-07-08T09:14:49.409+0000] {logging_mixin.py:150} INFO - [2025-07-08T09:14:49.409+0000] {dag.py:2742} INFO - Sync 1 DAGs
[2025-07-08T09:14:49.432+0000] {logging_mixin.py:150} INFO - [2025-07-08T09:14:49.431+0000] {dag.py:3504} INFO - Setting next_dagrun for example_complex to None, run_after=None
[2025-07-08T09:14:49.459+0000] {processor.py:179} INFO - Processing /home/vscode/.local/lib/python3.10/site-packages/airflow/example_dags/example_complex.py took 0.091 seconds
[2025-07-08T09:15:39.014+0000] {processor.py:157} INFO - Started process (PID=20228) to work on /home/vscode/.local/lib/python3.10/site-packages/airflow/example_dags/example_complex.py
[2025-07-08T09:15:39.015+0000] {processor.py:826} INFO - Processing file /home/vscode/.local/lib/python3.10/site-packages/airflow/example_dags/example_complex.py for tasks to queue
[2025-07-08T09:15:39.015+0000] {logging_mixin.py:150} INFO - [2025-07-08T09:15:39.015+0000] {dagbag.py:541} INFO - Filling up the DagBag from /home/vscode/.local/lib/python3.10/site-packages/airflow/example_dags/example_complex.py
[2025-07-08T09:15:39.025+0000] {processor.py:836} INFO - DAG(s) dict_keys(['example_complex']) retrieved from /home/vscode/.local/lib/python3.10/site-packages/airflow/example_dags/example_complex.py
[2025-07-08T09:15:39.045+0000] {logging_mixin.py:150} INFO - [2025-07-08T09:15:39.045+0000] {dag.py:2742} INFO - Sync 1 DAGs
[2025-07-08T09:15:39.061+0000] {logging_mixin.py:150} INFO - [2025-07-08T09:15:39.061+0000] {dag.py:3504} INFO - Setting next_dagrun for example_complex to None, run_after=None
[2025-07-08T09:15:39.077+0000] {processor.py:179} INFO - Processing /home/vscode/.local/lib/python3.10/site-packages/airflow/example_dags/example_complex.py took 0.067 seconds
[2025-07-08T09:16:30.893+0000] {processor.py:157} INFO - Started process (PID=20580) to work on /home/vscode/.local/lib/python3.10/site-packages/airflow/example_dags/example_complex.py
[2025-07-08T09:16:30.894+0000] {processor.py:826} INFO - Processing file /home/vscode/.local/lib/python3.10/site-packages/airflow/example_dags/example_complex.py for tasks to queue
[2025-07-08T09:16:30.894+0000] {logging_mixin.py:150} INFO - [2025-07-08T09:16:30.894+0000] {dagbag.py:541} INFO - Filling up the DagBag from /home/vscode/.local/lib/python3.10/site-packages/airflow/example_dags/example_complex.py
[2025-07-08T09:16:30.902+0000] {processor.py:836} INFO - DAG(s) dict_keys(['example_complex']) retrieved from /home/vscode/.local/lib/python3.10/site-packages/airflow/example_dags/example_complex.py
[2025-07-08T09:16:30.923+0000] {logging_mixin.py:150} INFO - [2025-07-08T09:16:30.922+0000] {dag.py:2742} INFO - Sync 1 DAGs
[2025-07-08T09:16:30.938+0000] {logging_mixin.py:150} INFO - [2025-07-08T09:16:30.938+0000] {dag.py:3504} INFO - Setting next_dagrun for example_complex to None, run_after=None
[2025-07-08T09:16:30.955+0000] {processor.py:179} INFO - Processing /home/vscode/.local/lib/python3.10/site-packages/airflow/example_dags/example_complex.py took 0.064 seconds
[2025-07-08T09:17:18.316+0000] {processor.py:157} INFO - Started process (PID=20936) to work on /home/vscode/.local/lib/python3.10/site-packages/airflow/example_dags/example_complex.py
[2025-07-08T09:17:18.317+0000] {processor.py:826} INFO - Processing file /home/vscode/.local/lib/python3.10/site-packages/airflow/example_dags/example_complex.py for tasks to queue
[2025-07-08T09:17:18.318+0000] {logging_mixin.py:150} INFO - [2025-07-08T09:17:18.317+0000] {dagbag.py:541} INFO - Filling up the DagBag from /home/vscode/.local/lib/python3.10/site-packages/airflow/example_dags/example_complex.py
[2025-07-08T09:17:18.326+0000] {processor.py:836} INFO - DAG(s) dict_keys(['example_complex']) retrieved from /home/vscode/.local/lib/python3.10/site-packages/airflow/example_dags/example_complex.py
[2025-07-08T09:17:18.353+0000] {logging_mixin.py:150} INFO - [2025-07-08T09:17:18.352+0000] {dag.py:2742} INFO - Sync 1 DAGs
[2025-07-08T09:17:18.369+0000] {logging_mixin.py:150} INFO - [2025-07-08T09:17:18.369+0000] {dag.py:3504} INFO - Setting next_dagrun for example_complex to None, run_after=None
[2025-07-08T09:17:18.386+0000] {processor.py:179} INFO - Processing /home/vscode/.local/lib/python3.10/site-packages/airflow/example_dags/example_complex.py took 0.072 seconds
[2025-07-08T09:18:23.163+0000] {processor.py:157} INFO - Started process (PID=21420) to work on /home/vscode/.local/lib/python3.10/site-packages/airflow/example_dags/example_complex.py
[2025-07-08T09:18:23.164+0000] {processor.py:826} INFO - Processing file /home/vscode/.local/lib/python3.10/site-packages/airflow/example_dags/example_complex.py for tasks to queue
[2025-07-08T09:18:23.164+0000] {logging_mixin.py:150} INFO - [2025-07-08T09:18:23.164+0000] {dagbag.py:541} INFO - Filling up the DagBag from /home/vscode/.local/lib/python3.10/site-packages/airflow/example_dags/example_complex.py
[2025-07-08T09:18:23.173+0000] {processor.py:836} INFO - DAG(s) dict_keys(['example_complex']) retrieved from /home/vscode/.local/lib/python3.10/site-packages/airflow/example_dags/example_complex.py
[2025-07-08T09:18:23.194+0000] {logging_mixin.py:150} INFO - [2025-07-08T09:18:23.194+0000] {dag.py:2742} INFO - Sync 1 DAGs
[2025-07-08T09:18:23.210+0000] {logging_mixin.py:150} INFO - [2025-07-08T09:18:23.209+0000] {dag.py:3504} INFO - Setting next_dagrun for example_complex to None, run_after=None
[2025-07-08T09:18:23.227+0000] {processor.py:179} INFO - Processing /home/vscode/.local/lib/python3.10/site-packages/airflow/example_dags/example_complex.py took 0.066 seconds
[2025-07-08T09:19:26.017+0000] {processor.py:157} INFO - Started process (PID=21887) to work on /home/vscode/.local/lib/python3.10/site-packages/airflow/example_dags/example_complex.py
[2025-07-08T09:19:26.018+0000] {processor.py:826} INFO - Processing file /home/vscode/.local/lib/python3.10/site-packages/airflow/example_dags/example_complex.py for tasks to queue
[2025-07-08T09:19:26.019+0000] {logging_mixin.py:150} INFO - [2025-07-08T09:19:26.018+0000] {dagbag.py:541} INFO - Filling up the DagBag from /home/vscode/.local/lib/python3.10/site-packages/airflow/example_dags/example_complex.py
[2025-07-08T09:19:26.034+0000] {processor.py:836} INFO - DAG(s) dict_keys(['example_complex']) retrieved from /home/vscode/.local/lib/python3.10/site-packages/airflow/example_dags/example_complex.py
[2025-07-08T09:19:26.082+0000] {logging_mixin.py:150} INFO - [2025-07-08T09:19:26.082+0000] {dag.py:2742} INFO - Sync 1 DAGs
[2025-07-08T09:19:26.119+0000] {logging_mixin.py:150} INFO - [2025-07-08T09:19:26.119+0000] {dag.py:3504} INFO - Setting next_dagrun for example_complex to None, run_after=None
[2025-07-08T09:19:26.142+0000] {processor.py:179} INFO - Processing /home/vscode/.local/lib/python3.10/site-packages/airflow/example_dags/example_complex.py took 0.129 seconds
[2025-07-08T09:20:23.161+0000] {processor.py:157} INFO - Started process (PID=22329) to work on /home/vscode/.local/lib/python3.10/site-packages/airflow/example_dags/example_complex.py
[2025-07-08T09:20:23.162+0000] {processor.py:826} INFO - Processing file /home/vscode/.local/lib/python3.10/site-packages/airflow/example_dags/example_complex.py for tasks to queue
[2025-07-08T09:20:23.162+0000] {logging_mixin.py:150} INFO - [2025-07-08T09:20:23.162+0000] {dagbag.py:541} INFO - Filling up the DagBag from /home/vscode/.local/lib/python3.10/site-packages/airflow/example_dags/example_complex.py
[2025-07-08T09:20:23.171+0000] {processor.py:836} INFO - DAG(s) dict_keys(['example_complex']) retrieved from /home/vscode/.local/lib/python3.10/site-packages/airflow/example_dags/example_complex.py
[2025-07-08T09:20:23.194+0000] {logging_mixin.py:150} INFO - [2025-07-08T09:20:23.194+0000] {dag.py:2742} INFO - Sync 1 DAGs
[2025-07-08T09:20:23.216+0000] {logging_mixin.py:150} INFO - [2025-07-08T09:20:23.216+0000] {dag.py:3504} INFO - Setting next_dagrun for example_complex to None, run_after=None
[2025-07-08T09:20:23.233+0000] {processor.py:179} INFO - Processing /home/vscode/.local/lib/python3.10/site-packages/airflow/example_dags/example_complex.py took 0.075 seconds
[2025-07-08T09:21:21.291+0000] {processor.py:157} INFO - Started process (PID=22760) to work on /home/vscode/.local/lib/python3.10/site-packages/airflow/example_dags/example_complex.py
[2025-07-08T09:21:21.292+0000] {processor.py:826} INFO - Processing file /home/vscode/.local/lib/python3.10/site-packages/airflow/example_dags/example_complex.py for tasks to queue
[2025-07-08T09:21:21.293+0000] {logging_mixin.py:150} INFO - [2025-07-08T09:21:21.292+0000] {dagbag.py:541} INFO - Filling up the DagBag from /home/vscode/.local/lib/python3.10/site-packages/airflow/example_dags/example_complex.py
[2025-07-08T09:21:21.301+0000] {processor.py:836} INFO - DAG(s) dict_keys(['example_complex']) retrieved from /home/vscode/.local/lib/python3.10/site-packages/airflow/example_dags/example_complex.py
[2025-07-08T09:21:21.321+0000] {logging_mixin.py:150} INFO - [2025-07-08T09:21:21.321+0000] {dag.py:2742} INFO - Sync 1 DAGs
[2025-07-08T09:21:21.336+0000] {logging_mixin.py:150} INFO - [2025-07-08T09:21:21.336+0000] {dag.py:3504} INFO - Setting next_dagrun for example_complex to None, run_after=None
[2025-07-08T09:21:21.353+0000] {processor.py:179} INFO - Processing /home/vscode/.local/lib/python3.10/site-packages/airflow/example_dags/example_complex.py took 0.064 seconds
[2025-07-08T09:22:22.371+0000] {processor.py:157} INFO - Started process (PID=23214) to work on /home/vscode/.local/lib/python3.10/site-packages/airflow/example_dags/example_complex.py
[2025-07-08T09:22:22.373+0000] {processor.py:826} INFO - Processing file /home/vscode/.local/lib/python3.10/site-packages/airflow/example_dags/example_complex.py for tasks to queue
[2025-07-08T09:22:22.373+0000] {logging_mixin.py:150} INFO - [2025-07-08T09:22:22.373+0000] {dagbag.py:541} INFO - Filling up the DagBag from /home/vscode/.local/lib/python3.10/site-packages/airflow/example_dags/example_complex.py
[2025-07-08T09:22:22.382+0000] {processor.py:836} INFO - DAG(s) dict_keys(['example_complex']) retrieved from /home/vscode/.local/lib/python3.10/site-packages/airflow/example_dags/example_complex.py
[2025-07-08T09:22:22.402+0000] {logging_mixin.py:150} INFO - [2025-07-08T09:22:22.402+0000] {dag.py:2742} INFO - Sync 1 DAGs
[2025-07-08T09:22:22.418+0000] {logging_mixin.py:150} INFO - [2025-07-08T09:22:22.418+0000] {dag.py:3504} INFO - Setting next_dagrun for example_complex to None, run_after=None
[2025-07-08T09:22:22.439+0000] {processor.py:179} INFO - Processing /home/vscode/.local/lib/python3.10/site-packages/airflow/example_dags/example_complex.py took 0.070 seconds
[2025-07-08T09:23:18.480+0000] {processor.py:157} INFO - Started process (PID=23645) to work on /home/vscode/.local/lib/python3.10/site-packages/airflow/example_dags/example_complex.py
[2025-07-08T09:23:18.481+0000] {processor.py:826} INFO - Processing file /home/vscode/.local/lib/python3.10/site-packages/airflow/example_dags/example_complex.py for tasks to queue
[2025-07-08T09:23:18.482+0000] {logging_mixin.py:150} INFO - [2025-07-08T09:23:18.481+0000] {dagbag.py:541} INFO - Filling up the DagBag from /home/vscode/.local/lib/python3.10/site-packages/airflow/example_dags/example_complex.py
[2025-07-08T09:23:18.490+0000] {processor.py:836} INFO - DAG(s) dict_keys(['example_complex']) retrieved from /home/vscode/.local/lib/python3.10/site-packages/airflow/example_dags/example_complex.py
[2025-07-08T09:23:18.509+0000] {logging_mixin.py:150} INFO - [2025-07-08T09:23:18.509+0000] {dag.py:2742} INFO - Sync 1 DAGs
[2025-07-08T09:23:18.524+0000] {logging_mixin.py:150} INFO - [2025-07-08T09:23:18.524+0000] {dag.py:3504} INFO - Setting next_dagrun for example_complex to None, run_after=None
[2025-07-08T09:23:18.540+0000] {processor.py:179} INFO - Processing /home/vscode/.local/lib/python3.10/site-packages/airflow/example_dags/example_complex.py took 0.062 seconds
[2025-07-08T09:24:21.675+0000] {processor.py:157} INFO - Started process (PID=24107) to work on /home/vscode/.local/lib/python3.10/site-packages/airflow/example_dags/example_complex.py
[2025-07-08T09:24:21.676+0000] {processor.py:826} INFO - Processing file /home/vscode/.local/lib/python3.10/site-packages/airflow/example_dags/example_complex.py for tasks to queue
[2025-07-08T09:24:21.677+0000] {logging_mixin.py:150} INFO - [2025-07-08T09:24:21.677+0000] {dagbag.py:541} INFO - Filling up the DagBag from /home/vscode/.local/lib/python3.10/site-packages/airflow/example_dags/example_complex.py
[2025-07-08T09:24:21.691+0000] {processor.py:836} INFO - DAG(s) dict_keys(['example_complex']) retrieved from /home/vscode/.local/lib/python3.10/site-packages/airflow/example_dags/example_complex.py
[2025-07-08T09:24:21.727+0000] {logging_mixin.py:150} INFO - [2025-07-08T09:24:21.727+0000] {dag.py:2742} INFO - Sync 1 DAGs
[2025-07-08T09:24:21.750+0000] {logging_mixin.py:150} INFO - [2025-07-08T09:24:21.750+0000] {dag.py:3504} INFO - Setting next_dagrun for example_complex to None, run_after=None
[2025-07-08T09:24:21.779+0000] {processor.py:179} INFO - Processing /home/vscode/.local/lib/python3.10/site-packages/airflow/example_dags/example_complex.py took 0.107 seconds
[2025-07-08T09:25:23.486+0000] {processor.py:157} INFO - Started process (PID=24557) to work on /home/vscode/.local/lib/python3.10/site-packages/airflow/example_dags/example_complex.py
[2025-07-08T09:25:23.486+0000] {processor.py:826} INFO - Processing file /home/vscode/.local/lib/python3.10/site-packages/airflow/example_dags/example_complex.py for tasks to queue
[2025-07-08T09:25:23.487+0000] {logging_mixin.py:150} INFO - [2025-07-08T09:25:23.487+0000] {dagbag.py:541} INFO - Filling up the DagBag from /home/vscode/.local/lib/python3.10/site-packages/airflow/example_dags/example_complex.py
[2025-07-08T09:25:23.495+0000] {processor.py:836} INFO - DAG(s) dict_keys(['example_complex']) retrieved from /home/vscode/.local/lib/python3.10/site-packages/airflow/example_dags/example_complex.py
[2025-07-08T09:25:23.514+0000] {logging_mixin.py:150} INFO - [2025-07-08T09:25:23.514+0000] {dag.py:2742} INFO - Sync 1 DAGs
[2025-07-08T09:25:23.529+0000] {logging_mixin.py:150} INFO - [2025-07-08T09:25:23.529+0000] {dag.py:3504} INFO - Setting next_dagrun for example_complex to None, run_after=None
[2025-07-08T09:25:23.545+0000] {processor.py:179} INFO - Processing /home/vscode/.local/lib/python3.10/site-packages/airflow/example_dags/example_complex.py took 0.061 seconds
[2025-07-08T09:26:18.965+0000] {processor.py:157} INFO - Started process (PID=24936) to work on /home/vscode/.local/lib/python3.10/site-packages/airflow/example_dags/example_complex.py
[2025-07-08T09:26:18.965+0000] {processor.py:826} INFO - Processing file /home/vscode/.local/lib/python3.10/site-packages/airflow/example_dags/example_complex.py for tasks to queue
[2025-07-08T09:26:18.966+0000] {logging_mixin.py:150} INFO - [2025-07-08T09:26:18.966+0000] {dagbag.py:541} INFO - Filling up the DagBag from /home/vscode/.local/lib/python3.10/site-packages/airflow/example_dags/example_complex.py
[2025-07-08T09:26:18.975+0000] {processor.py:836} INFO - DAG(s) dict_keys(['example_complex']) retrieved from /home/vscode/.local/lib/python3.10/site-packages/airflow/example_dags/example_complex.py
[2025-07-08T09:26:18.995+0000] {logging_mixin.py:150} INFO - [2025-07-08T09:26:18.995+0000] {dag.py:2742} INFO - Sync 1 DAGs
[2025-07-08T09:26:19.011+0000] {logging_mixin.py:150} INFO - [2025-07-08T09:26:19.011+0000] {dag.py:3504} INFO - Setting next_dagrun for example_complex to None, run_after=None
[2025-07-08T09:26:19.027+0000] {processor.py:179} INFO - Processing /home/vscode/.local/lib/python3.10/site-packages/airflow/example_dags/example_complex.py took 0.065 seconds
[2025-07-08T09:27:25.441+0000] {processor.py:157} INFO - Started process (PID=25527) to work on /home/vscode/.local/lib/python3.10/site-packages/airflow/example_dags/example_complex.py
[2025-07-08T09:27:25.442+0000] {processor.py:826} INFO - Processing file /home/vscode/.local/lib/python3.10/site-packages/airflow/example_dags/example_complex.py for tasks to queue
[2025-07-08T09:27:25.442+0000] {logging_mixin.py:150} INFO - [2025-07-08T09:27:25.442+0000] {dagbag.py:541} INFO - Filling up the DagBag from /home/vscode/.local/lib/python3.10/site-packages/airflow/example_dags/example_complex.py
[2025-07-08T09:27:25.450+0000] {processor.py:836} INFO - DAG(s) dict_keys(['example_complex']) retrieved from /home/vscode/.local/lib/python3.10/site-packages/airflow/example_dags/example_complex.py
[2025-07-08T09:27:25.470+0000] {logging_mixin.py:150} INFO - [2025-07-08T09:27:25.470+0000] {dag.py:2742} INFO - Sync 1 DAGs
[2025-07-08T09:27:25.484+0000] {logging_mixin.py:150} INFO - [2025-07-08T09:27:25.484+0000] {dag.py:3504} INFO - Setting next_dagrun for example_complex to None, run_after=None
[2025-07-08T09:27:25.500+0000] {processor.py:179} INFO - Processing /home/vscode/.local/lib/python3.10/site-packages/airflow/example_dags/example_complex.py took 0.062 seconds
[2025-07-08T09:28:25.301+0000] {processor.py:157} INFO - Started process (PID=25972) to work on /home/vscode/.local/lib/python3.10/site-packages/airflow/example_dags/example_complex.py
[2025-07-08T09:28:25.302+0000] {processor.py:826} INFO - Processing file /home/vscode/.local/lib/python3.10/site-packages/airflow/example_dags/example_complex.py for tasks to queue
[2025-07-08T09:28:25.302+0000] {logging_mixin.py:150} INFO - [2025-07-08T09:28:25.302+0000] {dagbag.py:541} INFO - Filling up the DagBag from /home/vscode/.local/lib/python3.10/site-packages/airflow/example_dags/example_complex.py
[2025-07-08T09:28:25.311+0000] {processor.py:836} INFO - DAG(s) dict_keys(['example_complex']) retrieved from /home/vscode/.local/lib/python3.10/site-packages/airflow/example_dags/example_complex.py
[2025-07-08T09:28:25.330+0000] {logging_mixin.py:150} INFO - [2025-07-08T09:28:25.330+0000] {dag.py:2742} INFO - Sync 1 DAGs
[2025-07-08T09:28:25.345+0000] {logging_mixin.py:150} INFO - [2025-07-08T09:28:25.345+0000] {dag.py:3504} INFO - Setting next_dagrun for example_complex to None, run_after=None
[2025-07-08T09:28:25.366+0000] {processor.py:179} INFO - Processing /home/vscode/.local/lib/python3.10/site-packages/airflow/example_dags/example_complex.py took 0.067 seconds
[2025-07-08T09:29:20.725+0000] {processor.py:157} INFO - Started process (PID=26369) to work on /home/vscode/.local/lib/python3.10/site-packages/airflow/example_dags/example_complex.py
[2025-07-08T09:29:20.725+0000] {processor.py:826} INFO - Processing file /home/vscode/.local/lib/python3.10/site-packages/airflow/example_dags/example_complex.py for tasks to queue
[2025-07-08T09:29:20.726+0000] {logging_mixin.py:150} INFO - [2025-07-08T09:29:20.726+0000] {dagbag.py:541} INFO - Filling up the DagBag from /home/vscode/.local/lib/python3.10/site-packages/airflow/example_dags/example_complex.py
[2025-07-08T09:29:20.734+0000] {processor.py:836} INFO - DAG(s) dict_keys(['example_complex']) retrieved from /home/vscode/.local/lib/python3.10/site-packages/airflow/example_dags/example_complex.py
[2025-07-08T09:29:20.753+0000] {logging_mixin.py:150} INFO - [2025-07-08T09:29:20.753+0000] {dag.py:2742} INFO - Sync 1 DAGs
[2025-07-08T09:29:20.767+0000] {logging_mixin.py:150} INFO - [2025-07-08T09:29:20.767+0000] {dag.py:3504} INFO - Setting next_dagrun for example_complex to None, run_after=None
[2025-07-08T09:29:20.783+0000] {processor.py:179} INFO - Processing /home/vscode/.local/lib/python3.10/site-packages/airflow/example_dags/example_complex.py took 0.061 seconds
[2025-07-08T09:30:22.120+0000] {processor.py:157} INFO - Started process (PID=26832) to work on /home/vscode/.local/lib/python3.10/site-packages/airflow/example_dags/example_complex.py
[2025-07-08T09:30:22.121+0000] {processor.py:826} INFO - Processing file /home/vscode/.local/lib/python3.10/site-packages/airflow/example_dags/example_complex.py for tasks to queue
[2025-07-08T09:30:22.122+0000] {logging_mixin.py:150} INFO - [2025-07-08T09:30:22.121+0000] {dagbag.py:541} INFO - Filling up the DagBag from /home/vscode/.local/lib/python3.10/site-packages/airflow/example_dags/example_complex.py
[2025-07-08T09:30:22.155+0000] {processor.py:836} INFO - DAG(s) dict_keys(['example_complex']) retrieved from /home/vscode/.local/lib/python3.10/site-packages/airflow/example_dags/example_complex.py
[2025-07-08T09:30:22.213+0000] {logging_mixin.py:150} INFO - [2025-07-08T09:30:22.213+0000] {dag.py:2742} INFO - Sync 1 DAGs
[2025-07-08T09:30:22.240+0000] {logging_mixin.py:150} INFO - [2025-07-08T09:30:22.240+0000] {dag.py:3504} INFO - Setting next_dagrun for example_complex to None, run_after=None
[2025-07-08T09:30:22.269+0000] {processor.py:179} INFO - Processing /home/vscode/.local/lib/python3.10/site-packages/airflow/example_dags/example_complex.py took 0.157 seconds
[2025-07-08T09:31:36.083+0000] {processor.py:157} INFO - Started process (PID=27383) to work on /home/vscode/.local/lib/python3.10/site-packages/airflow/example_dags/example_complex.py
[2025-07-08T09:31:36.088+0000] {processor.py:826} INFO - Processing file /home/vscode/.local/lib/python3.10/site-packages/airflow/example_dags/example_complex.py for tasks to queue
[2025-07-08T09:31:36.089+0000] {logging_mixin.py:150} INFO - [2025-07-08T09:31:36.088+0000] {dagbag.py:541} INFO - Filling up the DagBag from /home/vscode/.local/lib/python3.10/site-packages/airflow/example_dags/example_complex.py
[2025-07-08T09:31:36.111+0000] {processor.py:836} INFO - DAG(s) dict_keys(['example_complex']) retrieved from /home/vscode/.local/lib/python3.10/site-packages/airflow/example_dags/example_complex.py
[2025-07-08T09:31:36.162+0000] {logging_mixin.py:150} INFO - [2025-07-08T09:31:36.162+0000] {dag.py:2742} INFO - Sync 1 DAGs
[2025-07-08T09:31:36.194+0000] {logging_mixin.py:150} INFO - [2025-07-08T09:31:36.193+0000] {dag.py:3504} INFO - Setting next_dagrun for example_complex to None, run_after=None
[2025-07-08T09:31:36.230+0000] {processor.py:179} INFO - Processing /home/vscode/.local/lib/python3.10/site-packages/airflow/example_dags/example_complex.py took 0.152 seconds
[2025-07-08T09:32:46.465+0000] {processor.py:157} INFO - Started process (PID=27912) to work on /home/vscode/.local/lib/python3.10/site-packages/airflow/example_dags/example_complex.py
[2025-07-08T09:32:46.466+0000] {processor.py:826} INFO - Processing file /home/vscode/.local/lib/python3.10/site-packages/airflow/example_dags/example_complex.py for tasks to queue
[2025-07-08T09:32:46.467+0000] {logging_mixin.py:150} INFO - [2025-07-08T09:32:46.466+0000] {dagbag.py:541} INFO - Filling up the DagBag from /home/vscode/.local/lib/python3.10/site-packages/airflow/example_dags/example_complex.py
[2025-07-08T09:32:46.481+0000] {processor.py:836} INFO - DAG(s) dict_keys(['example_complex']) retrieved from /home/vscode/.local/lib/python3.10/site-packages/airflow/example_dags/example_complex.py
[2025-07-08T09:32:46.521+0000] {logging_mixin.py:150} INFO - [2025-07-08T09:32:46.520+0000] {dag.py:2742} INFO - Sync 1 DAGs
[2025-07-08T09:32:46.543+0000] {logging_mixin.py:150} INFO - [2025-07-08T09:32:46.543+0000] {dag.py:3504} INFO - Setting next_dagrun for example_complex to None, run_after=None
[2025-07-08T09:32:46.584+0000] {processor.py:179} INFO - Processing /home/vscode/.local/lib/python3.10/site-packages/airflow/example_dags/example_complex.py took 0.122 seconds
[2025-07-08T09:33:52.924+0000] {processor.py:157} INFO - Started process (PID=28396) to work on /home/vscode/.local/lib/python3.10/site-packages/airflow/example_dags/example_complex.py
[2025-07-08T09:33:52.925+0000] {processor.py:826} INFO - Processing file /home/vscode/.local/lib/python3.10/site-packages/airflow/example_dags/example_complex.py for tasks to queue
[2025-07-08T09:33:52.926+0000] {logging_mixin.py:150} INFO - [2025-07-08T09:33:52.925+0000] {dagbag.py:541} INFO - Filling up the DagBag from /home/vscode/.local/lib/python3.10/site-packages/airflow/example_dags/example_complex.py
[2025-07-08T09:33:52.934+0000] {processor.py:836} INFO - DAG(s) dict_keys(['example_complex']) retrieved from /home/vscode/.local/lib/python3.10/site-packages/airflow/example_dags/example_complex.py
[2025-07-08T09:33:52.953+0000] {logging_mixin.py:150} INFO - [2025-07-08T09:33:52.953+0000] {dag.py:2742} INFO - Sync 1 DAGs
[2025-07-08T09:33:52.967+0000] {logging_mixin.py:150} INFO - [2025-07-08T09:33:52.967+0000] {dag.py:3504} INFO - Setting next_dagrun for example_complex to None, run_after=None
[2025-07-08T09:33:52.983+0000] {processor.py:179} INFO - Processing /home/vscode/.local/lib/python3.10/site-packages/airflow/example_dags/example_complex.py took 0.061 seconds
[2025-07-08T09:34:50.184+0000] {processor.py:157} INFO - Started process (PID=28783) to work on /home/vscode/.local/lib/python3.10/site-packages/airflow/example_dags/example_complex.py
[2025-07-08T09:34:50.185+0000] {processor.py:826} INFO - Processing file /home/vscode/.local/lib/python3.10/site-packages/airflow/example_dags/example_complex.py for tasks to queue
[2025-07-08T09:34:50.186+0000] {logging_mixin.py:150} INFO - [2025-07-08T09:34:50.186+0000] {dagbag.py:541} INFO - Filling up the DagBag from /home/vscode/.local/lib/python3.10/site-packages/airflow/example_dags/example_complex.py
[2025-07-08T09:34:50.196+0000] {processor.py:836} INFO - DAG(s) dict_keys(['example_complex']) retrieved from /home/vscode/.local/lib/python3.10/site-packages/airflow/example_dags/example_complex.py
[2025-07-08T09:34:50.227+0000] {logging_mixin.py:150} INFO - [2025-07-08T09:34:50.227+0000] {dag.py:2742} INFO - Sync 1 DAGs
[2025-07-08T09:34:50.244+0000] {logging_mixin.py:150} INFO - [2025-07-08T09:34:50.244+0000] {dag.py:3504} INFO - Setting next_dagrun for example_complex to None, run_after=None
[2025-07-08T09:34:50.261+0000] {processor.py:179} INFO - Processing /home/vscode/.local/lib/python3.10/site-packages/airflow/example_dags/example_complex.py took 0.079 seconds
[2025-07-08T09:35:48.253+0000] {processor.py:157} INFO - Started process (PID=29183) to work on /home/vscode/.local/lib/python3.10/site-packages/airflow/example_dags/example_complex.py
[2025-07-08T09:35:48.254+0000] {processor.py:826} INFO - Processing file /home/vscode/.local/lib/python3.10/site-packages/airflow/example_dags/example_complex.py for tasks to queue
[2025-07-08T09:35:48.254+0000] {logging_mixin.py:150} INFO - [2025-07-08T09:35:48.254+0000] {dagbag.py:541} INFO - Filling up the DagBag from /home/vscode/.local/lib/python3.10/site-packages/airflow/example_dags/example_complex.py
[2025-07-08T09:35:48.262+0000] {processor.py:836} INFO - DAG(s) dict_keys(['example_complex']) retrieved from /home/vscode/.local/lib/python3.10/site-packages/airflow/example_dags/example_complex.py
[2025-07-08T09:35:48.283+0000] {logging_mixin.py:150} INFO - [2025-07-08T09:35:48.282+0000] {dag.py:2742} INFO - Sync 1 DAGs
[2025-07-08T09:35:48.298+0000] {logging_mixin.py:150} INFO - [2025-07-08T09:35:48.298+0000] {dag.py:3504} INFO - Setting next_dagrun for example_complex to None, run_after=None
[2025-07-08T09:35:48.314+0000] {processor.py:179} INFO - Processing /home/vscode/.local/lib/python3.10/site-packages/airflow/example_dags/example_complex.py took 0.063 seconds
[2025-07-08T09:36:51.307+0000] {processor.py:157} INFO - Started process (PID=29646) to work on /home/vscode/.local/lib/python3.10/site-packages/airflow/example_dags/example_complex.py
[2025-07-08T09:36:51.308+0000] {processor.py:826} INFO - Processing file /home/vscode/.local/lib/python3.10/site-packages/airflow/example_dags/example_complex.py for tasks to queue
[2025-07-08T09:36:51.309+0000] {logging_mixin.py:150} INFO - [2025-07-08T09:36:51.308+0000] {dagbag.py:541} INFO - Filling up the DagBag from /home/vscode/.local/lib/python3.10/site-packages/airflow/example_dags/example_complex.py
[2025-07-08T09:36:51.317+0000] {processor.py:836} INFO - DAG(s) dict_keys(['example_complex']) retrieved from /home/vscode/.local/lib/python3.10/site-packages/airflow/example_dags/example_complex.py
[2025-07-08T09:36:51.339+0000] {logging_mixin.py:150} INFO - [2025-07-08T09:36:51.339+0000] {dag.py:2742} INFO - Sync 1 DAGs
[2025-07-08T09:36:51.354+0000] {logging_mixin.py:150} INFO - [2025-07-08T09:36:51.353+0000] {dag.py:3504} INFO - Setting next_dagrun for example_complex to None, run_after=None
[2025-07-08T09:36:51.370+0000] {processor.py:179} INFO - Processing /home/vscode/.local/lib/python3.10/site-packages/airflow/example_dags/example_complex.py took 0.066 seconds
[2025-07-08T09:37:54.031+0000] {processor.py:157} INFO - Started process (PID=30243) to work on /home/vscode/.local/lib/python3.10/site-packages/airflow/example_dags/example_complex.py
[2025-07-08T09:37:54.032+0000] {processor.py:826} INFO - Processing file /home/vscode/.local/lib/python3.10/site-packages/airflow/example_dags/example_complex.py for tasks to queue
[2025-07-08T09:37:54.032+0000] {logging_mixin.py:150} INFO - [2025-07-08T09:37:54.032+0000] {dagbag.py:541} INFO - Filling up the DagBag from /home/vscode/.local/lib/python3.10/site-packages/airflow/example_dags/example_complex.py
[2025-07-08T09:37:54.041+0000] {processor.py:836} INFO - DAG(s) dict_keys(['example_complex']) retrieved from /home/vscode/.local/lib/python3.10/site-packages/airflow/example_dags/example_complex.py
[2025-07-08T09:37:54.060+0000] {logging_mixin.py:150} INFO - [2025-07-08T09:37:54.060+0000] {dag.py:2742} INFO - Sync 1 DAGs
[2025-07-08T09:37:54.075+0000] {logging_mixin.py:150} INFO - [2025-07-08T09:37:54.074+0000] {dag.py:3504} INFO - Setting next_dagrun for example_complex to None, run_after=None
[2025-07-08T09:37:54.091+0000] {processor.py:179} INFO - Processing /home/vscode/.local/lib/python3.10/site-packages/airflow/example_dags/example_complex.py took 0.063 seconds
[2025-07-08T09:38:58.618+0000] {processor.py:157} INFO - Started process (PID=30771) to work on /home/vscode/.local/lib/python3.10/site-packages/airflow/example_dags/example_complex.py
[2025-07-08T09:38:58.618+0000] {processor.py:826} INFO - Processing file /home/vscode/.local/lib/python3.10/site-packages/airflow/example_dags/example_complex.py for tasks to queue
[2025-07-08T09:38:58.619+0000] {logging_mixin.py:150} INFO - [2025-07-08T09:38:58.619+0000] {dagbag.py:541} INFO - Filling up the DagBag from /home/vscode/.local/lib/python3.10/site-packages/airflow/example_dags/example_complex.py
[2025-07-08T09:38:58.633+0000] {processor.py:836} INFO - DAG(s) dict_keys(['example_complex']) retrieved from /home/vscode/.local/lib/python3.10/site-packages/airflow/example_dags/example_complex.py
[2025-07-08T09:38:58.662+0000] {logging_mixin.py:150} INFO - [2025-07-08T09:38:58.661+0000] {dag.py:2742} INFO - Sync 1 DAGs
[2025-07-08T09:38:58.684+0000] {logging_mixin.py:150} INFO - [2025-07-08T09:38:58.684+0000] {dag.py:3504} INFO - Setting next_dagrun for example_complex to None, run_after=None
[2025-07-08T09:38:58.718+0000] {processor.py:179} INFO - Processing /home/vscode/.local/lib/python3.10/site-packages/airflow/example_dags/example_complex.py took 0.103 seconds
[2025-07-08T09:40:10.266+0000] {processor.py:157} INFO - Started process (PID=31310) to work on /home/vscode/.local/lib/python3.10/site-packages/airflow/example_dags/example_complex.py
[2025-07-08T09:40:10.267+0000] {processor.py:826} INFO - Processing file /home/vscode/.local/lib/python3.10/site-packages/airflow/example_dags/example_complex.py for tasks to queue
[2025-07-08T09:40:10.270+0000] {logging_mixin.py:150} INFO - [2025-07-08T09:40:10.270+0000] {dagbag.py:541} INFO - Filling up the DagBag from /home/vscode/.local/lib/python3.10/site-packages/airflow/example_dags/example_complex.py
[2025-07-08T09:40:10.293+0000] {processor.py:836} INFO - DAG(s) dict_keys(['example_complex']) retrieved from /home/vscode/.local/lib/python3.10/site-packages/airflow/example_dags/example_complex.py
[2025-07-08T09:40:10.328+0000] {logging_mixin.py:150} INFO - [2025-07-08T09:40:10.327+0000] {dag.py:2742} INFO - Sync 1 DAGs
[2025-07-08T09:40:10.362+0000] {logging_mixin.py:150} INFO - [2025-07-08T09:40:10.361+0000] {dag.py:3504} INFO - Setting next_dagrun for example_complex to None, run_after=None
[2025-07-08T09:40:10.393+0000] {processor.py:179} INFO - Processing /home/vscode/.local/lib/python3.10/site-packages/airflow/example_dags/example_complex.py took 0.130 seconds
[2025-07-08T09:41:11.060+0000] {processor.py:157} INFO - Started process (PID=31782) to work on /home/vscode/.local/lib/python3.10/site-packages/airflow/example_dags/example_complex.py
[2025-07-08T09:41:11.061+0000] {processor.py:826} INFO - Processing file /home/vscode/.local/lib/python3.10/site-packages/airflow/example_dags/example_complex.py for tasks to queue
[2025-07-08T09:41:11.061+0000] {logging_mixin.py:150} INFO - [2025-07-08T09:41:11.061+0000] {dagbag.py:541} INFO - Filling up the DagBag from /home/vscode/.local/lib/python3.10/site-packages/airflow/example_dags/example_complex.py
[2025-07-08T09:41:11.069+0000] {processor.py:836} INFO - DAG(s) dict_keys(['example_complex']) retrieved from /home/vscode/.local/lib/python3.10/site-packages/airflow/example_dags/example_complex.py
[2025-07-08T09:41:11.090+0000] {logging_mixin.py:150} INFO - [2025-07-08T09:41:11.089+0000] {dag.py:2742} INFO - Sync 1 DAGs
[2025-07-08T09:41:11.105+0000] {logging_mixin.py:150} INFO - [2025-07-08T09:41:11.105+0000] {dag.py:3504} INFO - Setting next_dagrun for example_complex to None, run_after=None
[2025-07-08T09:41:11.121+0000] {processor.py:179} INFO - Processing /home/vscode/.local/lib/python3.10/site-packages/airflow/example_dags/example_complex.py took 0.063 seconds
[2025-07-08T09:42:22.537+0000] {processor.py:157} INFO - Started process (PID=32318) to work on /home/vscode/.local/lib/python3.10/site-packages/airflow/example_dags/example_complex.py
[2025-07-08T09:42:22.538+0000] {processor.py:826} INFO - Processing file /home/vscode/.local/lib/python3.10/site-packages/airflow/example_dags/example_complex.py for tasks to queue
[2025-07-08T09:42:22.539+0000] {logging_mixin.py:150} INFO - [2025-07-08T09:42:22.538+0000] {dagbag.py:541} INFO - Filling up the DagBag from /home/vscode/.local/lib/python3.10/site-packages/airflow/example_dags/example_complex.py
[2025-07-08T09:42:22.548+0000] {processor.py:836} INFO - DAG(s) dict_keys(['example_complex']) retrieved from /home/vscode/.local/lib/python3.10/site-packages/airflow/example_dags/example_complex.py
[2025-07-08T09:42:22.570+0000] {logging_mixin.py:150} INFO - [2025-07-08T09:42:22.570+0000] {dag.py:2742} INFO - Sync 1 DAGs
[2025-07-08T09:42:22.586+0000] {logging_mixin.py:150} INFO - [2025-07-08T09:42:22.585+0000] {dag.py:3504} INFO - Setting next_dagrun for example_complex to None, run_after=None
[2025-07-08T09:42:22.608+0000] {processor.py:179} INFO - Processing /home/vscode/.local/lib/python3.10/site-packages/airflow/example_dags/example_complex.py took 0.074 seconds
[2025-07-08T09:43:36.471+0000] {processor.py:157} INFO - Started process (PID=32897) to work on /home/vscode/.local/lib/python3.10/site-packages/airflow/example_dags/example_complex.py
[2025-07-08T09:43:36.472+0000] {processor.py:826} INFO - Processing file /home/vscode/.local/lib/python3.10/site-packages/airflow/example_dags/example_complex.py for tasks to queue
[2025-07-08T09:43:36.473+0000] {logging_mixin.py:150} INFO - [2025-07-08T09:43:36.472+0000] {dagbag.py:541} INFO - Filling up the DagBag from /home/vscode/.local/lib/python3.10/site-packages/airflow/example_dags/example_complex.py
[2025-07-08T09:43:36.481+0000] {processor.py:836} INFO - DAG(s) dict_keys(['example_complex']) retrieved from /home/vscode/.local/lib/python3.10/site-packages/airflow/example_dags/example_complex.py
[2025-07-08T09:43:36.500+0000] {logging_mixin.py:150} INFO - [2025-07-08T09:43:36.500+0000] {dag.py:2742} INFO - Sync 1 DAGs
[2025-07-08T09:43:36.513+0000] {logging_mixin.py:150} INFO - [2025-07-08T09:43:36.513+0000] {dag.py:3504} INFO - Setting next_dagrun for example_complex to None, run_after=None
[2025-07-08T09:43:36.528+0000] {processor.py:179} INFO - Processing /home/vscode/.local/lib/python3.10/site-packages/airflow/example_dags/example_complex.py took 0.060 seconds
[2025-07-08T09:44:33.143+0000] {processor.py:157} INFO - Started process (PID=33368) to work on /home/vscode/.local/lib/python3.10/site-packages/airflow/example_dags/example_complex.py
[2025-07-08T09:44:33.143+0000] {processor.py:826} INFO - Processing file /home/vscode/.local/lib/python3.10/site-packages/airflow/example_dags/example_complex.py for tasks to queue
[2025-07-08T09:44:33.144+0000] {logging_mixin.py:150} INFO - [2025-07-08T09:44:33.144+0000] {dagbag.py:541} INFO - Filling up the DagBag from /home/vscode/.local/lib/python3.10/site-packages/airflow/example_dags/example_complex.py
[2025-07-08T09:44:33.152+0000] {processor.py:836} INFO - DAG(s) dict_keys(['example_complex']) retrieved from /home/vscode/.local/lib/python3.10/site-packages/airflow/example_dags/example_complex.py
[2025-07-08T09:44:33.172+0000] {logging_mixin.py:150} INFO - [2025-07-08T09:44:33.172+0000] {dag.py:2742} INFO - Sync 1 DAGs
[2025-07-08T09:44:33.187+0000] {logging_mixin.py:150} INFO - [2025-07-08T09:44:33.187+0000] {dag.py:3504} INFO - Setting next_dagrun for example_complex to None, run_after=None
[2025-07-08T09:44:33.203+0000] {processor.py:179} INFO - Processing /home/vscode/.local/lib/python3.10/site-packages/airflow/example_dags/example_complex.py took 0.063 seconds
[2025-07-08T09:45:23.754+0000] {processor.py:157} INFO - Started process (PID=33795) to work on /home/vscode/.local/lib/python3.10/site-packages/airflow/example_dags/example_complex.py
[2025-07-08T09:45:23.764+0000] {processor.py:826} INFO - Processing file /home/vscode/.local/lib/python3.10/site-packages/airflow/example_dags/example_complex.py for tasks to queue
[2025-07-08T09:45:23.765+0000] {logging_mixin.py:150} INFO - [2025-07-08T09:45:23.765+0000] {dagbag.py:541} INFO - Filling up the DagBag from /home/vscode/.local/lib/python3.10/site-packages/airflow/example_dags/example_complex.py
[2025-07-08T09:45:23.799+0000] {processor.py:836} INFO - DAG(s) dict_keys(['example_complex']) retrieved from /home/vscode/.local/lib/python3.10/site-packages/airflow/example_dags/example_complex.py
[2025-07-08T09:45:23.884+0000] {logging_mixin.py:150} INFO - [2025-07-08T09:45:23.884+0000] {dag.py:2742} INFO - Sync 1 DAGs
[2025-07-08T09:45:23.935+0000] {logging_mixin.py:150} INFO - [2025-07-08T09:45:23.935+0000] {dag.py:3504} INFO - Setting next_dagrun for example_complex to None, run_after=None
[2025-07-08T09:45:24.023+0000] {processor.py:179} INFO - Processing /home/vscode/.local/lib/python3.10/site-packages/airflow/example_dags/example_complex.py took 0.284 seconds
