[2025-07-08T09:14:05.608+0000] {taskinstance.py:1103} INFO - Dependencies all met for dep_context=non-requeueable deps ti=<TaskInstance: extract_dag.extract_task manual__2025-07-08T09:14:03.775829+00:00 [queued]>
[2025-07-08T09:14:05.616+0000] {taskinstance.py:1103} INFO - Dependencies all met for dep_context=requeueable deps ti=<TaskInstance: extract_dag.extract_task manual__2025-07-08T09:14:03.775829+00:00 [queued]>
[2025-07-08T09:14:05.616+0000] {taskinstance.py:1308} INFO - Starting attempt 1 of 1
[2025-07-08T09:14:05.631+0000] {taskinstance.py:1327} INFO - Executing <Task(BashOperator): extract_task> on 2025-07-08 09:14:03.775829+00:00
[2025-07-08T09:14:05.637+0000] {standard_task_runner.py:57} INFO - Started process 19566 to run task
[2025-07-08T09:14:05.643+0000] {standard_task_runner.py:84} INFO - Running: ['airflow', 'tasks', 'run', 'extract_dag', 'extract_task', 'manual__2025-07-08T09:14:03.775829+00:00', '--job-id', '7', '--raw', '--subdir', 'DAGS_FOLDER/extract_dag.py', '--cfg-path', '/tmp/tmpxwkk1sk0']
[2025-07-08T09:14:05.643+0000] {standard_task_runner.py:85} INFO - Job 7: Subtask extract_task
[2025-07-08T09:14:05.671+0000] {task_command.py:410} INFO - Running <TaskInstance: extract_dag.extract_task manual__2025-07-08T09:14:03.775829+00:00 [running]> on host codespaces-f9b19f
[2025-07-08T09:14:05.715+0000] {taskinstance.py:1545} INFO - Exporting env vars: AIRFLOW_CTX_DAG_OWNER='airflow' AIRFLOW_CTX_DAG_ID='extract_dag' AIRFLOW_CTX_TASK_ID='extract_task' AIRFLOW_CTX_EXECUTION_DATE='2025-07-08T09:14:03.775829+00:00' AIRFLOW_CTX_TRY_NUMBER='1' AIRFLOW_CTX_DAG_RUN_ID='manual__2025-07-08T09:14:03.775829+00:00'
[2025-07-08T09:14:05.716+0000] {subprocess.py:63} INFO - Tmp dir root location: /tmp
[2025-07-08T09:14:05.717+0000] {subprocess.py:75} INFO - Running command: ['/usr/bin/bash', '-c', 'wget -c https://datahub.io/core/s-and-p-500-companies/r/constituents.csv -O /workspaces/hands-on-introduction-data-engineering-4395021/lab/challenge/airflow-extract-data.csv']
[2025-07-08T09:14:05.724+0000] {subprocess.py:86} INFO - Output:
[2025-07-08T09:14:05.728+0000] {subprocess.py:93} INFO - --2025-07-08 09:14:05--  https://datahub.io/core/s-and-p-500-companies/r/constituents.csv
[2025-07-08T09:14:05.738+0000] {subprocess.py:93} INFO - Resolving datahub.io (datahub.io)... 172.67.157.38, 104.21.40.221, 2606:4700:3030::ac43:9d26, ...
[2025-07-08T09:14:05.740+0000] {subprocess.py:93} INFO - Connecting to datahub.io (datahub.io)|172.67.157.38|:443... connected.
[2025-07-08T09:14:06.161+0000] {subprocess.py:93} INFO - HTTP request sent, awaiting response... 301 Moved Permanently
[2025-07-08T09:14:06.162+0000] {subprocess.py:93} INFO - Location: https://datahub.io/core/s-and-p-500-companies/_r/-/data/constituents.csv [following]
[2025-07-08T09:14:06.162+0000] {subprocess.py:93} INFO - --2025-07-08 09:14:06--  https://datahub.io/core/s-and-p-500-companies/_r/-/data/constituents.csv
[2025-07-08T09:14:06.162+0000] {subprocess.py:93} INFO - Reusing existing connection to datahub.io:443.
[2025-07-08T09:14:06.485+0000] {subprocess.py:93} INFO - HTTP request sent, awaiting response... 302 Found
[2025-07-08T09:14:06.485+0000] {subprocess.py:93} INFO - Location: https://r2.datahub.io/clt989dvv0003l708h2jgh5ef/main/raw/data/constituents.csv [following]
[2025-07-08T09:14:06.486+0000] {subprocess.py:93} INFO - --2025-07-08 09:14:06--  https://r2.datahub.io/clt989dvv0003l708h2jgh5ef/main/raw/data/constituents.csv
[2025-07-08T09:14:06.486+0000] {subprocess.py:93} INFO - Resolving r2.datahub.io (r2.datahub.io)... 172.67.157.38, 104.21.40.221, 2606:4700:3030::ac43:9d26, ...
[2025-07-08T09:14:06.488+0000] {subprocess.py:93} INFO - Connecting to r2.datahub.io (r2.datahub.io)|172.67.157.38|:443... connected.
[2025-07-08T09:14:06.792+0000] {subprocess.py:93} INFO - HTTP request sent, awaiting response... 200 OK
[2025-07-08T09:14:06.792+0000] {subprocess.py:93} INFO - Length: 53503 (52K) [text/csv]
[2025-07-08T09:14:06.792+0000] {subprocess.py:93} INFO - Saving to: ‘/workspaces/hands-on-introduction-data-engineering-4395021/lab/challenge/airflow-extract-data.csv’
[2025-07-08T09:14:06.792+0000] {subprocess.py:93} INFO - 
[2025-07-08T09:14:06.792+0000] {subprocess.py:93} INFO -      0K .......... .......... .......... .......... .......... 95% 66.8M 0s
[2025-07-08T09:14:06.792+0000] {subprocess.py:93} INFO -     50K ..                                                    100% 47.0M=0.001s
[2025-07-08T09:14:06.792+0000] {subprocess.py:93} INFO - 
[2025-07-08T09:14:06.793+0000] {subprocess.py:93} INFO - 2025-07-08 09:14:06 (65.6 MB/s) - ‘/workspaces/hands-on-introduction-data-engineering-4395021/lab/challenge/airflow-extract-data.csv’ saved [53503/53503]
[2025-07-08T09:14:06.793+0000] {subprocess.py:93} INFO - 
[2025-07-08T09:14:06.794+0000] {subprocess.py:97} INFO - Command exited with return code 0
[2025-07-08T09:14:06.808+0000] {taskinstance.py:1345} INFO - Marking task as SUCCESS. dag_id=extract_dag, task_id=extract_task, execution_date=20250708T091403, start_date=20250708T091405, end_date=20250708T091406
[2025-07-08T09:14:06.857+0000] {local_task_job_runner.py:225} INFO - Task exited with return code 0
[2025-07-08T09:14:06.867+0000] {taskinstance.py:2653} INFO - 0 downstream tasks scheduled from follow-on schedule check
