[2025-07-08T09:13:31.608+0000] {taskinstance.py:1103} INFO - Dependencies all met for dep_context=non-requeueable deps ti=<TaskInstance: extract_dag.extract_task manual__2025-07-08T09:13:29.629678+00:00 [queued]>
[2025-07-08T09:13:31.622+0000] {taskinstance.py:1103} INFO - Dependencies all met for dep_context=requeueable deps ti=<TaskInstance: extract_dag.extract_task manual__2025-07-08T09:13:29.629678+00:00 [queued]>
[2025-07-08T09:13:31.622+0000] {taskinstance.py:1308} INFO - Starting attempt 1 of 1
[2025-07-08T09:13:31.638+0000] {taskinstance.py:1327} INFO - Executing <Task(BashOperator): extract_task> on 2025-07-08 09:13:29.629678+00:00
[2025-07-08T09:13:31.644+0000] {standard_task_runner.py:57} INFO - Started process 19305 to run task
[2025-07-08T09:13:31.649+0000] {standard_task_runner.py:84} INFO - Running: ['airflow', 'tasks', 'run', 'extract_dag', 'extract_task', 'manual__2025-07-08T09:13:29.629678+00:00', '--job-id', '6', '--raw', '--subdir', 'DAGS_FOLDER/extract_dag.py', '--cfg-path', '/tmp/tmpbaxiw8vn']
[2025-07-08T09:13:31.650+0000] {standard_task_runner.py:85} INFO - Job 6: Subtask extract_task
[2025-07-08T09:13:31.677+0000] {task_command.py:410} INFO - Running <TaskInstance: extract_dag.extract_task manual__2025-07-08T09:13:29.629678+00:00 [running]> on host codespaces-f9b19f
[2025-07-08T09:13:31.719+0000] {taskinstance.py:1545} INFO - Exporting env vars: AIRFLOW_CTX_DAG_OWNER='airflow' AIRFLOW_CTX_DAG_ID='extract_dag' AIRFLOW_CTX_TASK_ID='extract_task' AIRFLOW_CTX_EXECUTION_DATE='2025-07-08T09:13:29.629678+00:00' AIRFLOW_CTX_TRY_NUMBER='1' AIRFLOW_CTX_DAG_RUN_ID='manual__2025-07-08T09:13:29.629678+00:00'
[2025-07-08T09:13:31.721+0000] {subprocess.py:63} INFO - Tmp dir root location: /tmp
[2025-07-08T09:13:31.722+0000] {subprocess.py:75} INFO - Running command: ['/usr/bin/bash', '-c', 'wget -c https://datahub.io/core/s-and-p-500-companies/r/constituents.csv -O /workspaces/hands-on-introduction-data-engineering-4395021/lab/challenge/airflow-extract-data.csv']
[2025-07-08T09:13:31.729+0000] {subprocess.py:86} INFO - Output:
[2025-07-08T09:13:31.734+0000] {subprocess.py:93} INFO - --2025-07-08 09:13:31--  https://datahub.io/core/s-and-p-500-companies/r/constituents.csv
[2025-07-08T09:13:31.743+0000] {subprocess.py:93} INFO - Resolving datahub.io (datahub.io)... 104.21.40.221, 172.67.157.38, 2606:4700:3033::6815:28dd, ...
[2025-07-08T09:13:31.745+0000] {subprocess.py:93} INFO - Connecting to datahub.io (datahub.io)|104.21.40.221|:443... connected.
[2025-07-08T09:13:32.176+0000] {subprocess.py:93} INFO - HTTP request sent, awaiting response... 301 Moved Permanently
[2025-07-08T09:13:32.176+0000] {subprocess.py:93} INFO - Location: https://datahub.io/core/s-and-p-500-companies/_r/-/data/constituents.csv [following]
[2025-07-08T09:13:32.176+0000] {subprocess.py:93} INFO - --2025-07-08 09:13:32--  https://datahub.io/core/s-and-p-500-companies/_r/-/data/constituents.csv
[2025-07-08T09:13:32.176+0000] {subprocess.py:93} INFO - Reusing existing connection to datahub.io:443.
[2025-07-08T09:13:32.497+0000] {subprocess.py:93} INFO - HTTP request sent, awaiting response... 302 Found
[2025-07-08T09:13:32.497+0000] {subprocess.py:93} INFO - Location: https://r2.datahub.io/clt989dvv0003l708h2jgh5ef/main/raw/data/constituents.csv [following]
[2025-07-08T09:13:32.498+0000] {subprocess.py:93} INFO - --2025-07-08 09:13:32--  https://r2.datahub.io/clt989dvv0003l708h2jgh5ef/main/raw/data/constituents.csv
[2025-07-08T09:13:32.498+0000] {subprocess.py:93} INFO - Resolving r2.datahub.io (r2.datahub.io)... 104.21.40.221, 172.67.157.38, 2606:4700:3033::6815:28dd, ...
[2025-07-08T09:13:32.500+0000] {subprocess.py:93} INFO - Connecting to r2.datahub.io (r2.datahub.io)|104.21.40.221|:443... connected.
[2025-07-08T09:13:32.785+0000] {subprocess.py:93} INFO - HTTP request sent, awaiting response... 416 Range Not Satisfiable
[2025-07-08T09:13:32.785+0000] {subprocess.py:93} INFO - 
[2025-07-08T09:13:32.785+0000] {subprocess.py:93} INFO -     The file is already fully retrieved; nothing to do.
[2025-07-08T09:13:32.785+0000] {subprocess.py:93} INFO - 
[2025-07-08T09:13:32.786+0000] {subprocess.py:97} INFO - Command exited with return code 0
[2025-07-08T09:13:32.801+0000] {taskinstance.py:1345} INFO - Marking task as SUCCESS. dag_id=extract_dag, task_id=extract_task, execution_date=20250708T091329, start_date=20250708T091331, end_date=20250708T091332
[2025-07-08T09:13:32.826+0000] {local_task_job_runner.py:225} INFO - Task exited with return code 0
[2025-07-08T09:13:32.835+0000] {taskinstance.py:2653} INFO - 0 downstream tasks scheduled from follow-on schedule check
